<?xml version="1.0" encoding="utf-8"?><testsuites><testsuite time="0" tests="739" skipped="0" errors="735" failures="0" package="net.csslint" name="dist/css/styles.css"><testcase time="0" name="net.csslint.Disallowunqualifiedattributeselectors"><error message="Unqualified attribute selectors are known to be slow."><![CDATA[59:1:[hidden],]]></error></testcase><testcase time="0" name="net.csslint.Disallowoutline:none"><error message="Outlines should only be modified using :focus."><![CDATA[70:1:a:active,]]></error></testcase><testcase time="0" name="net.csslint.Disallowuseofbox-sizing"><error message="The box-sizing property isn't supported in IE6 and IE7."><![CDATA[144:3:  box-sizing: content-box;]]></error></testcase><testcase time="0" name="net.csslint.Requirecompatiblevendorprefixes"><error message="The property -moz-appearance is compatible with -webkit-appearance and should be included as well."><![CDATA[189:3:  -webkit-appearance: button; /* 2 */]]></error></testcase><testcase time="0" name="net.csslint.Disallowuseofbox-sizing"><error message="The box-sizing property isn't supported in IE6 and IE7."><![CDATA[214:3:  box-sizing: border-box; /* 1 */]]></error></testcase><testcase time="0" name="net.csslint.Requirecompatiblevendorprefixes"><error message="The property -moz-appearance is compatible with -webkit-appearance and should be included as well."><![CDATA[226:3:  -webkit-appearance: textfield; /* 1 */ /* 2 */]]></error></testcase><testcase time="0" name="net.csslint.Disallowuseofbox-sizing"><error message="The box-sizing property isn't supported in IE6 and IE7."><![CDATA[227:3:  box-sizing: content-box;]]></error></testcase><testcase time="0" name="net.csslint.Requirecompatiblevendorprefixes"><error message="The property -moz-appearance is compatible with -webkit-appearance and should be included as well."><![CDATA[233:3:  -webkit-appearance: none;]]></error></testcase><testcase time="0" name="net.csslint.Disallowoverqualifiedelements"><error message="Element (meta.foundation-version) is overqualified, just use .foundation-version without element name."><![CDATA[314:1:meta.foundation-version {]]></error></testcase><testcase time="0" name="net.csslint.Disallowoverqualifiedelements"><error message="Element (meta.foundation-mq-small) is overqualified, just use .foundation-mq-small without element name."><![CDATA[319:1:meta.foundation-mq-small {]]></error></testcase><testcase time="0" name="net.csslint.Disallowunitsfor0values"><error message="Values of 0 shouldn't have units specified."><![CDATA[321:10:  width: 0em;]]></error></testcase><testcase time="0" name="net.csslint.Disallowoverqualifiedelements"><error message="Element (meta.foundation-mq-small-only) is overqualified, just use .foundation-mq-small-only without element name."><![CDATA[325:1:meta.foundation-mq-small-only {]]></error></testcase><testcase time="0" name="net.csslint.Disallowunitsfor0values"><error message="Values of 0 shouldn't have units specified."><![CDATA[327:10:  width: 0em;]]></error></testcase><testcase time="0" name="net.csslint.Disallowoverqualifiedelements"><error message="Element (meta.foundation-mq-medium) is overqualified, just use .foundation-mq-medium without element name."><![CDATA[331:1:meta.foundation-mq-medium {]]></error></testcase><testcase time="0" name="net.csslint.Disallowoverqualifiedelements"><error message="Element (meta.foundation-mq-medium-only) is overqualified, just use .foundation-mq-medium-only without element name."><![CDATA[337:1:meta.foundation-mq-medium-only {]]></error></testcase><testcase time="0" name="net.csslint.Disallowoverqualifiedelements"><error message="Element (meta.foundation-mq-large) is overqualified, just use .foundation-mq-large without element name."><![CDATA[343:1:meta.foundation-mq-large {]]></error></testcase><testcase time="0" name="net.csslint.Disallowoverqualifiedelements"><error message="Element (meta.foundation-mq-large-only) is overqualified, just use .foundation-mq-large-only without element name."><![CDATA[349:1:meta.foundation-mq-large-only {]]></error></testcase><testcase time="0" name="net.csslint.Disallowoverqualifiedelements"><error message="Element (meta.foundation-mq-xlarge) is overqualified, just use .foundation-mq-xlarge without element name."><![CDATA[355:1:meta.foundation-mq-xlarge {]]></error></testcase><testcase time="0" name="net.csslint.Disallowoverqualifiedelements"><error message="Element (meta.foundation-mq-xlarge-only) is overqualified, just use .foundation-mq-xlarge-only without element name."><![CDATA[361:1:meta.foundation-mq-xlarge-only {]]></error></testcase><testcase time="0" name="net.csslint.Disallowoverqualifiedelements"><error message="Element (meta.foundation-mq-xxlarge) is overqualified, just use .foundation-mq-xxlarge without element name."><![CDATA[367:1:meta.foundation-mq-xxlarge {]]></error></testcase><testcase time="0" name="net.csslint.Disallowoverqualifiedelements"><error message="Element (meta.foundation-data-attribute-namespace) is overqualified, just use .foundation-data-attribute-namespace without element name."><![CDATA[373:1:meta.foundation-data-attribute-namespace {]]></error></testcase><testcase time="0" name="net.csslint.Disallowuniversalselector"><error message="The universal selector (*) is known to be slow."><![CDATA[386:1:*,]]></error></testcase><testcase time="0" name="net.csslint.Disallowuniversalselector"><error message="The universal selector (*) is known to be slow."><![CDATA[387:1:*:before,]]></error></testcase><testcase time="0" name="net.csslint.Disallowuniversalselector"><error message="The universal selector (*) is known to be slow."><![CDATA[388:1:*:after {]]></error></testcase><testcase time="0" name="net.csslint.Disallowuseofbox-sizing"><error message="The box-sizing property isn't supported in IE6 and IE7."><![CDATA[389:3:  box-sizing: border-box;]]></error></testcase><testcase time="0" name="net.csslint.Disallowuniversalselector"><error message="The universal selector (*) is known to be slow."><![CDATA[393:1:*:focus {]]></error></testcase><testcase time="0" name="net.csslint.DisallowIDsinselectors"><error message="Don't use IDs in selectors."><![CDATA[448:1:#map_canvas img,]]></error></testcase><testcase time="0" name="net.csslint.DisallowIDsinselectors"><error message="Don't use IDs in selectors."><![CDATA[450:1:#map_canvas embed,]]></error></testcase><testcase time="0" name="net.csslint.DisallowIDsinselectors"><error message="Don't use IDs in selectors."><![CDATA[452:1:#map_canvas object,]]></error></testcase><testcase time="0" name="net.csslint.Disallow!important"><error message="Use of !important"><![CDATA[454:3:  max-width: none !important;]]></error></testcase><testcase time="0" name="net.csslint.Disallow!important"><error message="Use of !important"><![CDATA[459:3:  float: left !important;]]></error></testcase><testcase time="0" name="net.csslint.Disallow!important"><error message="Use of !important"><![CDATA[464:3:  float: right !important;]]></error></testcase><testcase time="0" name="net.csslint.Disallow!important"><error message="Use of !important"><![CDATA[497:3:  display: none !important;]]></error></testcase><testcase time="0" name="net.csslint.Requireshorthandproperties"><error message="The properties margin-top, margin-bottom, margin-left, margin-right can be replaced by margin."><![CDATA[548:1:.row {]]></error></testcase><testcase time="0" name="net.csslint.Disallowselectorsthatlooklikeregexs"><error message="Attribute selectors with *= are slow!"><![CDATA[636:18:[class*='col'] + [class*='col']:last-child {]]></error></testcase><testcase time="0" name="net.csslint.Disallowselectorsthatlooklikeregexs"><error message="Attribute selectors with *= are slow!"><![CDATA[636:1:[class*='col'] + [class*='col']:last-child {]]></error></testcase><testcase time="0" name="net.csslint.Disallowunqualifiedattributeselectors"><error message="Unqualified attribute selectors are known to be slow."><![CDATA[636:18:[class*='col'] + [class*='col']:last-child {]]></error></testcase><testcase time="0" name="net.csslint.Disallowselectorsthatlooklikeregexs"><error message="Attribute selectors with *= are slow!"><![CDATA[641:18:[class*='col'] + [class*='col'].end {]]></error></testcase><testcase time="0" name="net.csslint.Disallowunqualifiedattributeselectors"><error message="Unqualified attribute selectors are known to be slow."><![CDATA[641:18:[class*='col'] + [class*='col'].end {]]></error></testcase><testcase time="0" name="net.csslint.Disallowselectorsthatlooklikeregexs"><error message="Attribute selectors with *= are slow!"><![CDATA[641:1:[class*='col'] + [class*='col'].end {]]></error></testcase><testcase time="0" name="net.csslint.Disallow!important"><error message="Use of !important"><![CDATA[876:5:    margin-left: 8.3333333333333% !important;]]></error></testcase><testcase time="0" name="net.csslint.Disallow!important"><error message="Use of !important"><![CDATA[881:5:    margin-left: 16.6666666666667% !important;]]></error></testcase><testcase time="0" name="net.csslint.Disallow!important"><error message="Use of !important"><![CDATA[886:5:    margin-left: 25% !important;]]></error></testcase><testcase time="0" name="net.csslint.Disallow!important"><error message="Use of !important"><![CDATA[891:5:    margin-left: 33.3333333333333% !important;]]></error></testcase><testcase time="0" name="net.csslint.Disallow!important"><error message="Use of !important"><![CDATA[896:5:    margin-left: 41.6666666666667% !important;]]></error></testcase><testcase time="0" name="net.csslint.Disallow!important"><error message="Use of !important"><![CDATA[901:5:    margin-left: 50% !important;]]></error></testcase><testcase time="0" name="net.csslint.Disallow!important"><error message="Use of !important"><![CDATA[906:5:    margin-left: 58.3333333333333% !important;]]></error></testcase><testcase time="0" name="net.csslint.Disallow!important"><error message="Use of !important"><![CDATA[911:5:    margin-left: 66.6666666666667% !important;]]></error></testcase><testcase time="0" name="net.csslint.Disallow!important"><error message="Use of !important"><![CDATA[916:5:    margin-left: 75% !important;]]></error></testcase><testcase time="0" name="net.csslint.Disallow!important"><error message="Use of !important"><![CDATA[921:5:    margin-left: 83.3333333333333% !important;]]></error></testcase><testcase time="0" name="net.csslint.Disallow!important"><error message="Use of !important"><![CDATA[926:5:    margin-left: 91.6666666666667% !important;]]></error></testcase><testcase time="0" name="net.csslint.Disallow!important"><error message="Use of !important"><![CDATA[1224:5:    margin-left: 8.3333333333333% !important;]]></error></testcase><testcase time="0" name="net.csslint.Disallow!important"><error message="Use of !important"><![CDATA[1229:5:    margin-left: 16.6666666666667% !important;]]></error></testcase><testcase time="0" name="net.csslint.Disallow!important"><error message="Use of !important"><![CDATA[1234:5:    margin-left: 25% !important;]]></error></testcase><testcase time="0" name="net.csslint.Disallow!important"><error message="Use of !important"><![CDATA[1239:5:    margin-left: 33.3333333333333% !important;]]></error></testcase><testcase time="0" name="net.csslint.Disallow!important"><error message="Use of !important"><![CDATA[1244:5:    margin-left: 41.6666666666667% !important;]]></error></testcase><testcase time="0" name="net.csslint.Disallow!important"><error message="Use of !important"><![CDATA[1249:5:    margin-left: 50% !important;]]></error></testcase><testcase time="0" name="net.csslint.Disallow!important"><error message="Use of !important"><![CDATA[1254:5:    margin-left: 58.3333333333333% !important;]]></error></testcase><testcase time="0" name="net.csslint.Disallow!important"><error message="Use of !important"><![CDATA[1259:5:    margin-left: 66.6666666666667% !important;]]></error></testcase><testcase time="0" name="net.csslint.Disallow!important"><error message="Use of !important"><![CDATA[1264:5:    margin-left: 75% !important;]]></error></testcase><testcase time="0" name="net.csslint.Disallow!important"><error message="Use of !important"><![CDATA[1269:5:    margin-left: 83.3333333333333% !important;]]></error></testcase><testcase time="0" name="net.csslint.Disallow!important"><error message="Use of !important"><![CDATA[1274:5:    margin-left: 91.6666666666667% !important;]]></error></testcase><testcase time="0" name="net.csslint.Disallow!important"><error message="Use of !important"><![CDATA[1730:5:    margin-left: 8.3333333333333% !important;]]></error></testcase><testcase time="0" name="net.csslint.Disallow!important"><error message="Use of !important"><![CDATA[1735:5:    margin-left: 16.6666666666667% !important;]]></error></testcase><testcase time="0" name="net.csslint.Disallow!important"><error message="Use of !important"><![CDATA[1740:5:    margin-left: 25% !important;]]></error></testcase><testcase time="0" name="net.csslint.Disallow!important"><error message="Use of !important"><![CDATA[1745:5:    margin-left: 33.3333333333333% !important;]]></error></testcase><testcase time="0" name="net.csslint.Disallow!important"><error message="Use of !important"><![CDATA[1750:5:    margin-left: 41.6666666666667% !important;]]></error></testcase><testcase time="0" name="net.csslint.Disallow!important"><error message="Use of !important"><![CDATA[1755:5:    margin-left: 50% !important;]]></error></testcase><testcase time="0" name="net.csslint.Disallow!important"><error message="Use of !important"><![CDATA[1760:5:    margin-left: 58.3333333333333% !important;]]></error></testcase><testcase time="0" name="net.csslint.Disallow!important"><error message="Use of !important"><![CDATA[1765:5:    margin-left: 66.6666666666667% !important;]]></error></testcase><testcase time="0" name="net.csslint.Disallow!important"><error message="Use of !important"><![CDATA[1770:5:    margin-left: 75% !important;]]></error></testcase><testcase time="0" name="net.csslint.Disallow!important"><error message="Use of !important"><![CDATA[1775:5:    margin-left: 83.3333333333333% !important;]]></error></testcase><testcase time="0" name="net.csslint.Disallow!important"><error message="Use of !important"><![CDATA[1780:5:    margin-left: 91.6666666666667% !important;]]></error></testcase><testcase time="0" name="net.csslint.Disallow!important"><error message="Use of !important"><![CDATA[2034:3:  margin-bottom: 0 !important;]]></error></testcase><testcase time="0" name="net.csslint.Disallowselectorsthatlooklikeregexs"><error message="Attribute selectors with *= are slow!"><![CDATA[2276:1:[class*='block-grid-'] {]]></error></testcase><testcase time="0" name="net.csslint.Disallowunqualifiedattributeselectors"><error message="Unqualified attribute selectors are known to be slow."><![CDATA[2276:1:[class*='block-grid-'] {]]></error></testcase><testcase time="0" name="net.csslint.Disallowselectorsthatlooklikeregexs"><error message="Attribute selectors with *= are slow!"><![CDATA[2283:1:[class*='block-grid-']:before,]]></error></testcase><testcase time="0" name="net.csslint.Disallowunqualifiedattributeselectors"><error message="Unqualified attribute selectors are known to be slow."><![CDATA[2283:1:[class*='block-grid-']:before,]]></error></testcase><testcase time="0" name="net.csslint.Disallowunqualifiedattributeselectors"><error message="Unqualified attribute selectors are known to be slow."><![CDATA[2284:1:[class*='block-grid-']:after {]]></error></testcase><testcase time="0" name="net.csslint.Disallowselectorsthatlooklikeregexs"><error message="Attribute selectors with *= are slow!"><![CDATA[2284:1:[class*='block-grid-']:after {]]></error></testcase><testcase time="0" name="net.csslint.Disallowunqualifiedattributeselectors"><error message="Unqualified attribute selectors are known to be slow."><![CDATA[2290:1:[class*='block-grid-']:after {]]></error></testcase><testcase time="0" name="net.csslint.Disallowselectorsthatlooklikeregexs"><error message="Attribute selectors with *= are slow!"><![CDATA[2290:1:[class*='block-grid-']:after {]]></error></testcase><testcase time="0" name="net.csslint.Disallowselectorsthatlooklikeregexs"><error message="Attribute selectors with *= are slow!"><![CDATA[2295:1:[class*='block-grid-']&gt;li {]]></error></testcase><testcase time="0" name="net.csslint.Disallowunqualifiedattributeselectors"><error message="Unqualified attribute selectors are known to be slow."><![CDATA[3064:28:[aria-label='breadcrumbs'] [aria-hidden='true']:after {]]></error></testcase><testcase time="0" name="net.csslint.Requireshorthandproperties"><error message="The properties padding-top, padding-bottom, padding-left, padding-right can be replaced by padding."><![CDATA[3214:1:button,]]></error></testcase><testcase time="0" name="net.csslint.Requirecompatiblevendorprefixes"><error message="The property -moz-appearance is compatible with -webkit-appearance and should be included as well."><![CDATA[3228:3:  -webkit-appearance: none;]]></error></testcase><testcase time="0" name="net.csslint.Disallowduplicateproperties"><error message="Duplicate property 'background-position' found."><![CDATA[3238:3:  background-position: right center;]]></error></testcase><testcase time="0" name="net.csslint.Disallowduplicateproperties"><error message="Duplicate property 'background-repeat' found."><![CDATA[3239:3:  background-repeat: no-repeat;]]></error></testcase><testcase time="0" name="net.csslint.Requireshorthandproperties"><error message="The properties padding-top, padding-bottom, padding-left, padding-right can be replaced by padding."><![CDATA[3462:1:button.btn--large,]]></error></testcase><testcase time="0" name="net.csslint.Requireshorthandproperties"><error message="The properties padding-top, padding-bottom, padding-left, padding-right can be replaced by padding."><![CDATA[3486:1:button.btn--small,]]></error></testcase><testcase time="0" name="net.csslint.Requireshorthandproperties"><error message="The properties padding-top, padding-bottom, padding-left, padding-right can be replaced by padding."><![CDATA[3517:1:button.btn--tiny,]]></error></testcase><testcase time="0" name="net.csslint.Disallowunqualifiedattributeselectors"><error message="Unqualified attribute selectors are known to be slow."><![CDATA[3605:1:.btn.btn--flat[disabled],]]></error></testcase><testcase time="0" name="net.csslint.Disallowunqualifiedattributeselectors"><error message="Unqualified attribute selectors are known to be slow."><![CDATA[3607:1:.btn.btn--flat[disabled]:hover,]]></error></testcase><testcase time="0" name="net.csslint.Disallowunqualifiedattributeselectors"><error message="Unqualified attribute selectors are known to be slow."><![CDATA[3609:1:.btn.btn--flat[disabled]:focus {]]></error></testcase><testcase time="0" name="net.csslint.Disallowunqualifiedattributeselectors"><error message="Unqualified attribute selectors are known to be slow."><![CDATA[3642:1:.btn[disabled] {]]></error></testcase><testcase time="0" name="net.csslint.Requirefallbackcolors"><error message="Fallback border-color (hex or RGB) should precede RGBA border-color."><![CDATA[3645:3:  border-color: rgba(17,17,17,0.1);]]></error></testcase><testcase time="0" name="net.csslint.Disallowunqualifiedattributeselectors"><error message="Unqualified attribute selectors are known to be slow."><![CDATA[3655:1:.btn[disabled]:hover,]]></error></testcase><testcase time="0" name="net.csslint.Disallowunqualifiedattributeselectors"><error message="Unqualified attribute selectors are known to be slow."><![CDATA[3659:1:.btn[disabled]:focus {]]></error></testcase><testcase time="0" name="net.csslint.Requirefallbackcolors"><error message="Fallback border-color (hex or RGB) should precede RGBA border-color."><![CDATA[3662:3:  border-color: rgba(15,15,15,0.1);]]></error></testcase><testcase time="0" name="net.csslint.Disallowunqualifiedattributeselectors"><error message="Unqualified attribute selectors are known to be slow."><![CDATA[3669:1:.btn[disabled]:hover,]]></error></testcase><testcase time="0" name="net.csslint.Disallowunqualifiedattributeselectors"><error message="Unqualified attribute selectors are known to be slow."><![CDATA[3673:1:.btn[disabled]:focus {]]></error></testcase><testcase time="0" name="net.csslint.Disallowunqualifiedattributeselectors"><error message="Unqualified attribute selectors are known to be slow."><![CDATA[3681:1:.btn[disabled].btn--secondary {]]></error></testcase><testcase time="0" name="net.csslint.Disallowunqualifiedattributeselectors"><error message="Unqualified attribute selectors are known to be slow."><![CDATA[3694:1:.btn[disabled].btn--secondary:hover,]]></error></testcase><testcase time="0" name="net.csslint.Disallowunqualifiedattributeselectors"><error message="Unqualified attribute selectors are known to be slow."><![CDATA[3698:1:.btn[disabled].btn--secondary:focus {]]></error></testcase><testcase time="0" name="net.csslint.Disallowunqualifiedattributeselectors"><error message="Unqualified attribute selectors are known to be slow."><![CDATA[3708:1:.btn[disabled].btn--secondary:hover,]]></error></testcase><testcase time="0" name="net.csslint.Disallowunqualifiedattributeselectors"><error message="Unqualified attribute selectors are known to be slow."><![CDATA[3712:1:.btn[disabled].btn--secondary:focus {]]></error></testcase><testcase time="0" name="net.csslint.Disallowunqualifiedattributeselectors"><error message="Unqualified attribute selectors are known to be slow."><![CDATA[3720:1:.btn[disabled].btn--success {]]></error></testcase><testcase time="0" name="net.csslint.Disallowunqualifiedattributeselectors"><error message="Unqualified attribute selectors are known to be slow."><![CDATA[3733:1:.btn[disabled].btn--success:hover,]]></error></testcase><testcase time="0" name="net.csslint.Disallowunqualifiedattributeselectors"><error message="Unqualified attribute selectors are known to be slow."><![CDATA[3737:1:.btn[disabled].btn--success:focus {]]></error></testcase><testcase time="0" name="net.csslint.Disallowunqualifiedattributeselectors"><error message="Unqualified attribute selectors are known to be slow."><![CDATA[3747:1:.btn[disabled].btn--success:hover,]]></error></testcase><testcase time="0" name="net.csslint.Disallowunqualifiedattributeselectors"><error message="Unqualified attribute selectors are known to be slow."><![CDATA[3751:1:.btn[disabled].btn--success:focus {]]></error></testcase><testcase time="0" name="net.csslint.Disallowunqualifiedattributeselectors"><error message="Unqualified attribute selectors are known to be slow."><![CDATA[3759:1:.btn[disabled].btn--info {]]></error></testcase><testcase time="0" name="net.csslint.Disallowunqualifiedattributeselectors"><error message="Unqualified attribute selectors are known to be slow."><![CDATA[3772:1:.btn[disabled].btn--info:hover,]]></error></testcase><testcase time="0" name="net.csslint.Disallowunqualifiedattributeselectors"><error message="Unqualified attribute selectors are known to be slow."><![CDATA[3776:1:.btn[disabled].btn--info:focus {]]></error></testcase><testcase time="0" name="net.csslint.Disallowunqualifiedattributeselectors"><error message="Unqualified attribute selectors are known to be slow."><![CDATA[3786:1:.btn[disabled].btn--info:hover,]]></error></testcase><testcase time="0" name="net.csslint.Disallowunqualifiedattributeselectors"><error message="Unqualified attribute selectors are known to be slow."><![CDATA[3790:1:.btn[disabled].btn--info:focus {]]></error></testcase><testcase time="0" name="net.csslint.Disallowunqualifiedattributeselectors"><error message="Unqualified attribute selectors are known to be slow."><![CDATA[3798:1:.btn[disabled].btn--warning {]]></error></testcase><testcase time="0" name="net.csslint.Disallowunqualifiedattributeselectors"><error message="Unqualified attribute selectors are known to be slow."><![CDATA[3811:1:.btn[disabled].btn--warning:hover,]]></error></testcase><testcase time="0" name="net.csslint.Disallowunqualifiedattributeselectors"><error message="Unqualified attribute selectors are known to be slow."><![CDATA[3815:1:.btn[disabled].btn--warning:focus {]]></error></testcase><testcase time="0" name="net.csslint.Disallowunqualifiedattributeselectors"><error message="Unqualified attribute selectors are known to be slow."><![CDATA[3825:1:.btn[disabled].btn--warning:hover,]]></error></testcase><testcase time="0" name="net.csslint.Disallowunqualifiedattributeselectors"><error message="Unqualified attribute selectors are known to be slow."><![CDATA[3829:1:.btn[disabled].btn--warning:focus {]]></error></testcase><testcase time="0" name="net.csslint.Disallowunqualifiedattributeselectors"><error message="Unqualified attribute selectors are known to be slow."><![CDATA[3837:1:.btn[disabled].btn--alert {]]></error></testcase><testcase time="0" name="net.csslint.Disallowunqualifiedattributeselectors"><error message="Unqualified attribute selectors are known to be slow."><![CDATA[3850:1:.btn[disabled].btn--alert:hover,]]></error></testcase><testcase time="0" name="net.csslint.Disallowunqualifiedattributeselectors"><error message="Unqualified attribute selectors are known to be slow."><![CDATA[3854:1:.btn[disabled].btn--alert:focus {]]></error></testcase><testcase time="0" name="net.csslint.Disallowunqualifiedattributeselectors"><error message="Unqualified attribute selectors are known to be slow."><![CDATA[3864:1:.btn[disabled].btn--alert:hover,]]></error></testcase><testcase time="0" name="net.csslint.Disallowunqualifiedattributeselectors"><error message="Unqualified attribute selectors are known to be slow."><![CDATA[3868:1:.btn[disabled].btn--alert:focus {]]></error></testcase><testcase time="0" name="net.csslint.Requirefallbackcolors"><error message="Fallback border-color (hex or RGB) should precede RGBA border-color."><![CDATA[3925:3:  border-color: rgba(17,17,17,0.1);]]></error></testcase><testcase time="0" name="net.csslint.Disallowduplicateproperties"><error message="Duplicate property 'margin' found."><![CDATA[3943:3:  margin: 0;]]></error></testcase><testcase time="0" name="net.csslint.Requirefallbackcolors"><error message="Fallback border-color (hex or RGB) should precede RGBA border-color."><![CDATA[3951:3:  border-color: rgba(17,17,17,0.1);]]></error></testcase><testcase time="0" name="net.csslint.Requirefallbackcolors"><error message="Fallback border-color (hex or RGB) should precede RGBA border-color."><![CDATA[3966:3:  border-color: rgba(17,17,17,0.1);]]></error></testcase><testcase time="0" name="net.csslint.Requirefallbackcolors"><error message="Fallback border-color (hex or RGB) should precede RGBA border-color."><![CDATA[3997:3:  border-color: rgba(17,17,17,0.1);]]></error></testcase><testcase time="0" name="net.csslint.Disallowduplicateproperties"><error message="Duplicate property 'margin' found."><![CDATA[4014:5:    margin: 0;]]></error></testcase><testcase time="0" name="net.csslint.Requirefallbackcolors"><error message="Fallback border-color (hex or RGB) should precede RGBA border-color."><![CDATA[4021:5:    border-color: rgba(17,17,17,0.1);]]></error></testcase><testcase time="0" name="net.csslint.Requirefallbackcolors"><error message="Fallback border-color (hex or RGB) should precede RGBA border-color."><![CDATA[4036:5:    border-color: rgba(17,17,17,0.1);]]></error></testcase><testcase time="0" name="net.csslint.Disallowuniversalselector"><error message="The universal selector (*) is known to be slow."><![CDATA[4057:22:.btn-group--radius &gt; * {]]></error></testcase><testcase time="0" name="net.csslint.Requirefallbackcolors"><error message="Fallback border-color (hex or RGB) should precede RGBA border-color."><![CDATA[4066:3:  border-color: rgba(17,17,17,0.1);]]></error></testcase><testcase time="0" name="net.csslint.Disallowuniversalselector"><error message="The universal selector (*) is known to be slow."><![CDATA[4080:22:.btn-group--radius &gt; *:first-child,]]></error></testcase><testcase time="0" name="net.csslint.Disallowuniversalselector"><error message="The universal selector (*) is known to be slow."><![CDATA[4091:22:.btn-group--radius &gt; *:last-child,]]></error></testcase><testcase time="0" name="net.csslint.Disallowuniversalselector"><error message="The universal selector (*) is known to be slow."><![CDATA[4102:39:.btn-group--radius.btn-group--stack &gt; * {]]></error></testcase><testcase time="0" name="net.csslint.Disallowduplicateproperties"><error message="Duplicate property 'margin' found."><![CDATA[4106:3:  margin: 0;]]></error></testcase><testcase time="0" name="net.csslint.Requirefallbackcolors"><error message="Fallback border-color (hex or RGB) should precede RGBA border-color."><![CDATA[4113:3:  border-color: rgba(17,17,17,0.1);]]></error></testcase><testcase time="0" name="net.csslint.Requirefallbackcolors"><error message="Fallback border-color (hex or RGB) should precede RGBA border-color."><![CDATA[4128:3:  border-color: rgba(17,17,17,0.1);]]></error></testcase><testcase time="0" name="net.csslint.Disallowuniversalselector"><error message="The universal selector (*) is known to be slow."><![CDATA[4150:39:.btn-group--radius.btn-group--stack &gt; *:first-child,]]></error></testcase><testcase time="0" name="net.csslint.Disallowuniversalselector"><error message="The universal selector (*) is known to be slow."><![CDATA[4161:39:.btn-group--radius.btn-group--stack &gt; *:last-child,]]></error></testcase><testcase time="0" name="net.csslint.Disallowuniversalselector"><error message="The universal selector (*) is known to be slow."><![CDATA[4175:51:  .btn-group--radius.btn-group--stack-for-small &gt; * {]]></error></testcase><testcase time="0" name="net.csslint.Requirefallbackcolors"><error message="Fallback border-color (hex or RGB) should precede RGBA border-color."><![CDATA[4184:5:    border-color: rgba(17,17,17,0.1);]]></error></testcase><testcase time="0" name="net.csslint.Disallowuniversalselector"><error message="The universal selector (*) is known to be slow."><![CDATA[4198:51:  .btn-group--radius.btn-group--stack-for-small &gt; *:first-child,]]></error></testcase><testcase time="0" name="net.csslint.Disallowuniversalselector"><error message="The universal selector (*) is known to be slow."><![CDATA[4209:51:  .btn-group--radius.btn-group--stack-for-small &gt; *:last-child,]]></error></testcase><testcase time="0" name="net.csslint.Disallowuniversalselector"><error message="The universal selector (*) is known to be slow."><![CDATA[4222:51:  .btn-group--radius.btn-group--stack-for-small &gt; * {]]></error></testcase><testcase time="0" name="net.csslint.Disallowduplicateproperties"><error message="Duplicate property 'margin' found."><![CDATA[4226:5:    margin: 0;]]></error></testcase><testcase time="0" name="net.csslint.Requirefallbackcolors"><error message="Fallback border-color (hex or RGB) should precede RGBA border-color."><![CDATA[4233:5:    border-color: rgba(17,17,17,0.1);]]></error></testcase><testcase time="0" name="net.csslint.Requirefallbackcolors"><error message="Fallback border-color (hex or RGB) should precede RGBA border-color."><![CDATA[4248:5:    border-color: rgba(17,17,17,0.1);]]></error></testcase><testcase time="0" name="net.csslint.Disallowuniversalselector"><error message="The universal selector (*) is known to be slow."><![CDATA[4270:51:  .btn-group--radius.btn-group--stack-for-small &gt; *:first-child,]]></error></testcase><testcase time="0" name="net.csslint.Disallowuniversalselector"><error message="The universal selector (*) is known to be slow."><![CDATA[4281:51:  .btn-group--radius.btn-group--stack-for-small &gt; *:last-child,]]></error></testcase><testcase time="0" name="net.csslint.Disallowuniversalselector"><error message="The universal selector (*) is known to be slow."><![CDATA[4293:21:.btn-group--round &gt; * {]]></error></testcase><testcase time="0" name="net.csslint.Requirefallbackcolors"><error message="Fallback border-color (hex or RGB) should precede RGBA border-color."><![CDATA[4302:3:  border-color: rgba(17,17,17,0.1);]]></error></testcase><testcase time="0" name="net.csslint.Disallowuniversalselector"><error message="The universal selector (*) is known to be slow."><![CDATA[4316:21:.btn-group--round &gt; *:first-child,]]></error></testcase><testcase time="0" name="net.csslint.Disallowuniversalselector"><error message="The universal selector (*) is known to be slow."><![CDATA[4327:21:.btn-group--round &gt; *:last-child,]]></error></testcase><testcase time="0" name="net.csslint.Disallowuniversalselector"><error message="The universal selector (*) is known to be slow."><![CDATA[4338:38:.btn-group--round.btn-group--stack &gt; * {]]></error></testcase><testcase time="0" name="net.csslint.Disallowduplicateproperties"><error message="Duplicate property 'margin' found."><![CDATA[4342:3:  margin: 0;]]></error></testcase><testcase time="0" name="net.csslint.Requirefallbackcolors"><error message="Fallback border-color (hex or RGB) should precede RGBA border-color."><![CDATA[4349:3:  border-color: rgba(17,17,17,0.1);]]></error></testcase><testcase time="0" name="net.csslint.Requirefallbackcolors"><error message="Fallback border-color (hex or RGB) should precede RGBA border-color."><![CDATA[4364:3:  border-color: rgba(17,17,17,0.1);]]></error></testcase><testcase time="0" name="net.csslint.Disallowuniversalselector"><error message="The universal selector (*) is known to be slow."><![CDATA[4386:38:.btn-group--round.btn-group--stack &gt; *:first-child,]]></error></testcase><testcase time="0" name="net.csslint.Disallowuniversalselector"><error message="The universal selector (*) is known to be slow."><![CDATA[4397:38:.btn-group--round.btn-group--stack &gt; *:last-child,]]></error></testcase><testcase time="0" name="net.csslint.Disallowuniversalselector"><error message="The universal selector (*) is known to be slow."><![CDATA[4411:50:  .btn-group--round.btn-group--stack-for-small &gt; * {]]></error></testcase><testcase time="0" name="net.csslint.Requirefallbackcolors"><error message="Fallback border-color (hex or RGB) should precede RGBA border-color."><![CDATA[4420:5:    border-color: rgba(17,17,17,0.1);]]></error></testcase><testcase time="0" name="net.csslint.Disallowuniversalselector"><error message="The universal selector (*) is known to be slow."><![CDATA[4434:50:  .btn-group--round.btn-group--stack-for-small &gt; *:first-child,]]></error></testcase><testcase time="0" name="net.csslint.Disallowuniversalselector"><error message="The universal selector (*) is known to be slow."><![CDATA[4445:50:  .btn-group--round.btn-group--stack-for-small &gt; *:last-child,]]></error></testcase><testcase time="0" name="net.csslint.Disallowuniversalselector"><error message="The universal selector (*) is known to be slow."><![CDATA[4458:50:  .btn-group--round.btn-group--stack-for-small &gt; * {]]></error></testcase><testcase time="0" name="net.csslint.Disallowduplicateproperties"><error message="Duplicate property 'margin' found."><![CDATA[4462:5:    margin: 0;]]></error></testcase><testcase time="0" name="net.csslint.Requirefallbackcolors"><error message="Fallback border-color (hex or RGB) should precede RGBA border-color."><![CDATA[4469:5:    border-color: rgba(17,17,17,0.1);]]></error></testcase><testcase time="0" name="net.csslint.Requirefallbackcolors"><error message="Fallback border-color (hex or RGB) should precede RGBA border-color."><![CDATA[4484:5:    border-color: rgba(17,17,17,0.1);]]></error></testcase><testcase time="0" name="net.csslint.Disallowuniversalselector"><error message="The universal selector (*) is known to be slow."><![CDATA[4506:50:  .btn-group--round.btn-group--stack-for-small &gt; *:first-child,]]></error></testcase><testcase time="0" name="net.csslint.Disallowuniversalselector"><error message="The universal selector (*) is known to be slow."><![CDATA[4517:50:  .btn-group--round.btn-group--stack-for-small &gt; *:last-child,]]></error></testcase><testcase time="0" name="net.csslint.Requirefallbackcolors"><error message="Fallback border-color (hex or RGB) should precede RGBA border-color."><![CDATA[4539:3:  border-color: rgba(17,17,17,0.1);]]></error></testcase><testcase time="0" name="net.csslint.Requirefallbackcolors"><error message="Fallback border-color (hex or RGB) should precede RGBA border-color."><![CDATA[4567:3:  border-color: rgba(17,17,17,0.1);]]></error></testcase><testcase time="0" name="net.csslint.Requirefallbackcolors"><error message="Fallback border-color (hex or RGB) should precede RGBA border-color."><![CDATA[4595:3:  border-color: rgba(17,17,17,0.1);]]></error></testcase><testcase time="0" name="net.csslint.Requirefallbackcolors"><error message="Fallback border-color (hex or RGB) should precede RGBA border-color."><![CDATA[4623:3:  border-color: rgba(17,17,17,0.1);]]></error></testcase><testcase time="0" name="net.csslint.Requirefallbackcolors"><error message="Fallback border-color (hex or RGB) should precede RGBA border-color."><![CDATA[4651:3:  border-color: rgba(17,17,17,0.1);]]></error></testcase><testcase time="0" name="net.csslint.Requirefallbackcolors"><error message="Fallback border-color (hex or RGB) should precede RGBA border-color."><![CDATA[4679:3:  border-color: rgba(17,17,17,0.1);]]></error></testcase><testcase time="0" name="net.csslint.Requirefallbackcolors"><error message="Fallback border-color (hex or RGB) should precede RGBA border-color."><![CDATA[4707:3:  border-color: rgba(17,17,17,0.1);]]></error></testcase><testcase time="0" name="net.csslint.Disallowunqualifiedattributeselectors"><error message="Unqualified attribute selectors are known to be slow."><![CDATA[4759:1:[data-clearing] {]]></error></testcase><testcase time="0" name="net.csslint.Disallowunqualifiedattributeselectors"><error message="Unqualified attribute selectors are known to be slow."><![CDATA[4767:1:[data-clearing]:before,]]></error></testcase><testcase time="0" name="net.csslint.Disallowunqualifiedattributeselectors"><error message="Unqualified attribute selectors are known to be slow."><![CDATA[4769:1:[data-clearing]:after {]]></error></testcase><testcase time="0" name="net.csslint.Disallowunqualifiedattributeselectors"><error message="Unqualified attribute selectors are known to be slow."><![CDATA[4776:1:[data-clearing]:after {]]></error></testcase><testcase time="0" name="net.csslint.Disallowselectorsthatlooklikeregexs"><error message="Attribute selectors with *= are slow!"><![CDATA[4788:17:.clearing-thumbs[class*='block-grid-'] li,]]></error></testcase><testcase time="0" name="net.csslint.Disallowselectorsthatlooklikeregexs"><error message="Attribute selectors with *= are slow!"><![CDATA[4789:16:[data-clearing][class*='block-grid-'] li {]]></error></testcase><testcase time="0" name="net.csslint.Disallowoverqualifiedelements"><error message="Element (li.clearing-featured-img) is overqualified, just use .clearing-featured-img without element name."><![CDATA[4909:19:.clearing-feature li.clearing-featured-img {]]></error></testcase><testcase time="0" name="net.csslint.Requirefallbackcolors"><error message="Fallback background (hex or RGB) should precede RGBA background."><![CDATA[4973:5:    background: rgba(51,51,51,0.8);]]></error></testcase><testcase time="0" name="net.csslint.Disallowoverqualifiedelements"><error message="Element (li.fix-height) is overqualified, just use .fix-height without element name."><![CDATA[5006:58:  .clearing-assembled .clearing-container .carousel &gt; ul li.fix-height img {]]></error></testcase><testcase time="0" name="net.csslint.Disallow!important"><error message="Use of !important"><![CDATA[5020:5:    cursor: pointer !important;]]></error></testcase><testcase time="0" name="net.csslint.Disallow!important"><error message="Use of !important"><![CDATA[5021:5:    width: 100% !important;]]></error></testcase><testcase time="0" name="net.csslint.Disallowoverqualifiedelements"><error message="Element (li.visible) is overqualified, just use .visible without element name."><![CDATA[5025:58:  .clearing-assembled .clearing-container .carousel &gt; ul li.visible {]]></error></testcase><testcase time="0" name="net.csslint.Disallowuniversalselector"><error message="The universal selector (*) is known to be slow."><![CDATA[5076:15:.f-dropdown &gt; *:first-child {]]></error></testcase><testcase time="0" name="net.csslint.Disallowuniversalselector"><error message="The universal selector (*) is known to be slow."><![CDATA[5081:15:.f-dropdown &gt; *:last-child {]]></error></testcase><testcase time="0" name="net.csslint.Disallowduplicateproperties"><error message="Duplicate property 'margin-left' found."><![CDATA[5150:3:  margin-left: 2px;]]></error></testcase><testcase time="0" name="net.csslint.Disallowuniversalselector"><error message="The universal selector (*) is known to be slow."><![CDATA[5155:27:.f-dropdown.drop--right &gt; *:first-child {]]></error></testcase><testcase time="0" name="net.csslint.Disallowuniversalselector"><error message="The universal selector (*) is known to be slow."><![CDATA[5160:27:.f-dropdown.drop--right &gt; *:last-child {]]></error></testcase><testcase time="0" name="net.csslint.Disallowduplicateproperties"><error message="Duplicate property 'margin-left' found."><![CDATA[5217:3:  margin-left: -2px;]]></error></testcase><testcase time="0" name="net.csslint.Disallowuniversalselector"><error message="The universal selector (*) is known to be slow."><![CDATA[5222:26:.f-dropdown.drop--left &gt; *:first-child {]]></error></testcase><testcase time="0" name="net.csslint.Disallowuniversalselector"><error message="The universal selector (*) is known to be slow."><![CDATA[5227:26:.f-dropdown.drop--left &gt; *:last-child {]]></error></testcase><testcase time="0" name="net.csslint.Disallowduplicateproperties"><error message="Duplicate property 'margin-left' found."><![CDATA[5286:3:  margin-left: 0;]]></error></testcase><testcase time="0" name="net.csslint.Disallowuniversalselector"><error message="The universal selector (*) is known to be slow."><![CDATA[5291:25:.f-dropdown.drop--top &gt; *:first-child {]]></error></testcase><testcase time="0" name="net.csslint.Disallowuniversalselector"><error message="The universal selector (*) is known to be slow."><![CDATA[5296:25:.f-dropdown.drop--top &gt; *:last-child {]]></error></testcase><testcase time="0" name="net.csslint.Disallowuniversalselector"><error message="The universal selector (*) is known to be slow."><![CDATA[5415:23:.f-dropdown.content &gt; *:first-child {]]></error></testcase><testcase time="0" name="net.csslint.Disallowuniversalselector"><error message="The universal selector (*) is known to be slow."><![CDATA[5420:23:.f-dropdown.content &gt; *:last-child {]]></error></testcase><testcase time="0" name="net.csslint.Disallow!important"><error message="Use of !important"><![CDATA[5456:3:  width: 100% !important;]]></error></testcase><testcase time="0" name="net.csslint.Disallow!important"><error message="Use of !important"><![CDATA[5457:3:  max-width: 100% !important;]]></error></testcase><testcase time="0" name="net.csslint.Disallow!important"><error message="Use of !important"><![CDATA[5462:3:  left: 0 !important;]]></error></testcase><testcase time="0" name="net.csslint.Disallowoutline:none"><error message="Outlines should only be modified using :focus."><![CDATA[5474:1:.btn--dropdown,]]></error></testcase><testcase time="0" name="net.csslint.Disallowoverqualifiedelements"><error message="Element (button.dropdown--secondary:after) is overqualified, just use .dropdown--secondary without element name."><![CDATA[5605:1:button.dropdown--secondary:after {]]></error></testcase><testcase time="0" name="net.csslint.Disallow!important"><error message="Use of !important"><![CDATA[5727:3:  float: none !important;]]></error></testcase><testcase time="0" name="net.csslint.Disallowoverqualifiedelements"><error message="Element (label.inline) is overqualified, just use .inline without element name."><![CDATA[5732:1:label.inline {]]></error></testcase><testcase time="0" name="net.csslint.Requireshorthandproperties"><error message="The properties padding-top, padding-bottom, padding-left, padding-right can be replaced by padding."><![CDATA[5773:1:.postfix.btn {]]></error></testcase><testcase time="0" name="net.csslint.Requireshorthandproperties"><error message="The properties padding-top, padding-bottom, padding-left, padding-right can be replaced by padding."><![CDATA[5783:1:.prefix.btn {]]></error></testcase><testcase time="0" name="net.csslint.Requirecompatiblevendorprefixes"><error message="The property -moz-appearance is compatible with -webkit-appearance and should be included as well."><![CDATA[5858:3:  -webkit-appearance: none;]]></error></testcase><testcase time="0" name="net.csslint.Requirestandardpropertywithvendorprefix"><error message="Missing standard property 'border-radius' to go along with '-webkit-border-radius'."><![CDATA[5859:3:  -webkit-border-radius: 0;]]></error></testcase><testcase time="0" name="net.csslint.Disallowuseofbox-sizing"><error message="The box-sizing property isn't supported in IE6 and IE7."><![CDATA[5875:3:  box-sizing: border-box;]]></error></testcase><testcase time="0" name="net.csslint.Disallowuseofbox-sizing"><error message="The box-sizing property isn't supported in IE6 and IE7."><![CDATA[6045:3:  box-sizing: border-box;]]></error></testcase><testcase time="0" name="net.csslint.Disallowduplicateproperties"><error message="Duplicate property 'height' found."><![CDATA[6047:3:  height: auto;]]></error></testcase><testcase time="0" name="net.csslint.Requirecompatiblevendorprefixes"><error message="The property -moz-appearance is compatible with -webkit-appearance and should be included as well."><![CDATA[6173:3:  -webkit-appearance: none;]]></error></testcase><testcase time="0" name="net.csslint.Requirestandardpropertywithvendorprefix"><error message="Missing standard property 'border-radius' to go along with '-webkit-border-radius'."><![CDATA[6174:3:  -webkit-border-radius: 0;]]></error></testcase><testcase time="0" name="net.csslint.Requirecompatiblevendorprefixes"><error message="The property -moz-appearance is compatible with -webkit-appearance and should be included as well."><![CDATA[6191:3:  -webkit-appearance: none !important;]]></error></testcase><testcase time="0" name="net.csslint.Disallow!important"><error message="Use of !important"><![CDATA[6191:3:  -webkit-appearance: none !important;]]></error></testcase><testcase time="0" name="net.csslint.Disallowunitsfor0values"><error message="Values of 0 shouldn't have units specified."><![CDATA[6348:9:  left: 0px;]]></error></testcase><testcase time="0" name="net.csslint.Disallowunitsfor0values"><error message="Values of 0 shouldn't have units specified."><![CDATA[6469:9:  left: 0px;]]></error></testcase><testcase time="0" name="net.csslint.Requirefallbackcolors"><error message="Fallback background-color (hex or RGB) should precede RGBA background-color."><![CDATA[6492:3:  background-color: rgba(17,17,17,0.25);]]></error></testcase><testcase time="0" name="net.csslint.Requirefallbackcolors"><error message="Fallback border (hex or RGB) should precede RGBA border."><![CDATA[6493:3:  border: 2px solid rgba(17,17,17,0.25);]]></error></testcase><testcase time="0" name="net.csslint.Requirefallbackcolors"><error message="Fallback border-top-color (hex or RGB) should precede RGBA border-top-color."><![CDATA[6494:3:  border-top-color: rgba(16,16,16,0.25);]]></error></testcase><testcase time="0" name="net.csslint.Requirefallbackcolors"><error message="Fallback background-color (hex or RGB) should precede RGBA background-color."><![CDATA[6507:3:  background-color: rgba(255,255,255,0.25);]]></error></testcase><testcase time="0" name="net.csslint.Requirefallbackcolors"><error message="Fallback background-color (hex or RGB) should precede RGBA background-color."><![CDATA[6633:3:  background-color: rgba(240,144,96,0.1);]]></error></testcase><testcase time="0" name="net.csslint.Requirepropertiesappropriatefordisplay"><error message="margin can't be used with display: inline."><![CDATA[6689:3:  margin: 0;]]></error></testcase><testcase time="0" name="net.csslint.Disallowoverqualifiedelements"><error message="Element (span.error-message) is overqualified, just use .error-message without element name."><![CDATA[6706:8:.error span.error-message {]]></error></testcase><testcase time="0" name="net.csslint.Disallowuniversalselector"><error message="The universal selector (*) is known to be slow."><![CDATA[6739:13:.icon-bar &gt; * {]]></error></testcase><testcase time="0" name="net.csslint.Disallowuniversalselector"><error message="The universal selector (*) is known to be slow."><![CDATA[6749:32:html.no-cssremunit .icon-bar &gt; * {]]></error></testcase><testcase time="0" name="net.csslint.Disallowuniversalselector"><error message="The universal selector (*) is known to be slow."><![CDATA[6754:29:html.cssremunit .icon-bar &gt; * {]]></error></testcase><testcase time="0" name="net.csslint.Disallowuniversalselector"><error message="The universal selector (*) is known to be slow."><![CDATA[6818:45:.icon-bar--vertical.icon-bar--label-right &gt; * {]]></error></testcase><testcase time="0" name="net.csslint.Disallowuniversalselector"><error message="The universal selector (*) is known to be slow."><![CDATA[6872:13:.icon-bar &gt; * {]]></error></testcase><testcase time="0" name="net.csslint.Disallowuniversalselector"><error message="The universal selector (*) is known to be slow."><![CDATA[6877:32:html.no-cssremunit .icon-bar &gt; * {]]></error></testcase><testcase time="0" name="net.csslint.Disallowuniversalselector"><error message="The universal selector (*) is known to be slow."><![CDATA[6882:29:html.cssremunit .icon-bar &gt; * {]]></error></testcase><testcase time="0" name="net.csslint.Disallowuniversalselector"><error message="The universal selector (*) is known to be slow."><![CDATA[7123:21:.inline-list &gt; li &gt; * {]]></error></testcase><testcase time="0" name="net.csslint.Disallow!important"><error message="Use of !important"><![CDATA[7169:3:  margin-bottom: 0 !important;]]></error></testcase><testcase time="0" name="net.csslint.Disallow!important"><error message="Use of !important"><![CDATA[7193:3:  border-top-color: transparent !important;]]></error></testcase><testcase time="0" name="net.csslint.Disallow!important"><error message="Use of !important"><![CDATA[7194:3:  border-left-color: transparent !important;]]></error></testcase><testcase time="0" name="net.csslint.Disallow!important"><error message="Use of !important"><![CDATA[7195:3:  border-right-color: transparent !important;]]></error></testcase><testcase time="0" name="net.csslint.Disallow!important"><error message="Use of !important"><![CDATA[7202:3:  border-color: #333 !important;]]></error></testcase><testcase time="0" name="net.csslint.Disallow!important"><error message="Use of !important"><![CDATA[7203:3:  border-bottom-color: transparent !important;]]></error></testcase><testcase time="0" name="net.csslint.Disallow!important"><error message="Use of !important"><![CDATA[7204:3:  border-left-color: transparent !important;]]></error></testcase><testcase time="0" name="net.csslint.Disallow!important"><error message="Use of !important"><![CDATA[7205:3:  border-right-color: transparent !important;]]></error></testcase><testcase time="0" name="net.csslint.Headingsshouldonlybedefinedonce"><error message="Heading (h1) has already been defined."><![CDATA[7220:20:.joyride-tip-guide h1,]]></error></testcase><testcase time="0" name="net.csslint.Disallow!important"><error message="Use of !important"><![CDATA[7271:3:  color: #777 !important;]]></error></testcase><testcase time="0" name="net.csslint.Disallow!important"><error message="Use of !important"><![CDATA[7275:3:  line-height: 0.5 !important;]]></error></testcase><testcase time="0" name="net.csslint.Disallow!important"><error message="Use of !important"><![CDATA[7281:3:  color: #eee !important;]]></error></testcase><testcase time="0" name="net.csslint.Requirefallbackcolors"><error message="Fallback background (hex or RGB) should precede RGBA background."><![CDATA[7290:3:  background: rgba(17,17,17,0.5);]]></error></testcase><testcase time="0" name="net.csslint.Disallow!important"><error message="Use of !important"><![CDATA[7328:5:    border-color: #333 !important;]]></error></testcase><testcase time="0" name="net.csslint.Disallow!important"><error message="Use of !important"><![CDATA[7329:5:    border-bottom-color: transparent !important;]]></error></testcase><testcase time="0" name="net.csslint.Disallow!important"><error message="Use of !important"><![CDATA[7330:5:    border-left-color: transparent !important;]]></error></testcase><testcase time="0" name="net.csslint.Disallow!important"><error message="Use of !important"><![CDATA[7331:5:    border-right-color: transparent !important;]]></error></testcase><testcase time="0" name="net.csslint.Disallow!important"><error message="Use of !important"><![CDATA[7337:5:    border-color: #333 !important;]]></error></testcase><testcase time="0" name="net.csslint.Disallow!important"><error message="Use of !important"><![CDATA[7338:5:    border-top-color: transparent !important;]]></error></testcase><testcase time="0" name="net.csslint.Disallow!important"><error message="Use of !important"><![CDATA[7339:5:    border-right-color: transparent !important;]]></error></testcase><testcase time="0" name="net.csslint.Disallow!important"><error message="Use of !important"><![CDATA[7340:5:    border-bottom-color: transparent !important;]]></error></testcase><testcase time="0" name="net.csslint.Disallow!important"><error message="Use of !important"><![CDATA[7348:5:    border-color: #333 !important;]]></error></testcase><testcase time="0" name="net.csslint.Disallow!important"><error message="Use of !important"><![CDATA[7349:5:    border-top-color: transparent !important;]]></error></testcase><testcase time="0" name="net.csslint.Disallow!important"><error message="Use of !important"><![CDATA[7350:5:    border-left-color: transparent !important;]]></error></testcase><testcase time="0" name="net.csslint.Disallow!important"><error message="Use of !important"><![CDATA[7351:5:    border-bottom-color: transparent !important;]]></error></testcase><testcase time="0" name="net.csslint.Disallowunqualifiedattributeselectors"><error message="Unqualified attribute selectors are known to be slow."><![CDATA[7392:1:[data-magellan-expedition],]]></error></testcase><testcase time="0" name="net.csslint.Disallowunqualifiedattributeselectors"><error message="Unqualified attribute selectors are known to be slow."><![CDATA[7393:1:[data-magellan-expedition-clone] {]]></error></testcase><testcase time="0" name="net.csslint.Requirestandardpropertywithvendorprefix"><error message="Missing standard property 'transform' to go along with '-webkit-transform'."><![CDATA[7431:5:    -webkit-transform: rotate(0deg);]]></error></testcase><testcase time="0" name="net.csslint.Requirestandardpropertywithvendorprefix"><error message="Missing standard property 'transform' to go along with '-webkit-transform'."><![CDATA[7436:5:    -webkit-transform: rotate(360deg);]]></error></testcase><testcase time="0" name="net.csslint.Requirecompatiblevendorprefixes"><error message="The property -moz-animation-name is compatible with -webkit-animation-name and should be included as well."><![CDATA[7499:3:  -webkit-animation-name: rotate;]]></error></testcase><testcase time="0" name="net.csslint.Requirecompatiblevendorprefixes"><error message="The property -moz-animation-duration is compatible with -webkit-animation-duration and should be included as well."><![CDATA[7501:3:  -webkit-animation-duration: 1.5s;]]></error></testcase><testcase time="0" name="net.csslint.Requirecompatiblevendorprefixes"><error message="The property -moz-animation-iteration-count is compatible with -webkit-animation-iteration-count and should be included as well."><![CDATA[7503:3:  -webkit-animation-iteration-count: infinite;]]></error></testcase><testcase time="0" name="net.csslint.Requirecompatiblevendorprefixes"><error message="The property -moz-animation-timing-function is compatible with -webkit-animation-timing-function and should be included as well."><![CDATA[7505:3:  -webkit-animation-timing-function: linear;]]></error></testcase><testcase time="0" name="net.csslint.Requirestandardpropertywithvendorprefix"><error message="Missing standard property 'transform' to go along with '-webkit-transform'."><![CDATA[7523:3:  -webkit-transform: translateZ(0);]]></error></testcase><testcase time="0" name="net.csslint.Requirecompatiblevendorprefixes"><error message="The property -moz-transform is compatible with -webkit-transform and should be included as well."><![CDATA[7523:3:  -webkit-transform: translateZ(0);]]></error></testcase><testcase time="0" name="net.csslint.Requirecompatiblevendorprefixes"><error message="The property -ms-transform is compatible with -webkit-transform and should be included as well."><![CDATA[7523:3:  -webkit-transform: translateZ(0);]]></error></testcase><testcase time="0" name="net.csslint.Requirecompatiblevendorprefixes"><error message="The property -o-transform is compatible with -webkit-transform and should be included as well."><![CDATA[7523:3:  -webkit-transform: translateZ(0);]]></error></testcase><testcase time="0" name="net.csslint.Disallowuniversalselector"><error message="The universal selector (*) is known to be slow."><![CDATA[7533:44:.orbit-container .orbit-slides-container &gt; * {]]></error></testcase><testcase time="0" name="net.csslint.Disallowuniversalselector"><error message="The universal selector (*) is known to be slow."><![CDATA[7541:44:.orbit-container .orbit-slides-container &gt; *:first-child {]]></error></testcase><testcase time="0" name="net.csslint.Disallowunitsfor0values"><error message="Values of 0 shouldn't have units specified."><![CDATA[7542:16:  margin-left: 0%;]]></error></testcase><testcase time="0" name="net.csslint.Requirefallbackcolors"><error message="Fallback background-color (hex or RGB) should precede RGBA background-color."><![CDATA[7549:3:  background-color: rgba(51,51,51,0.8);]]></error></testcase><testcase time="0" name="net.csslint.Requirefallbackcolors"><error message="Fallback background (hex or RGB) should precede RGBA background."><![CDATA[7572:3:  background: rgba(0,0,0,0);]]></error></testcase><testcase time="0" name="net.csslint.Requirefallbackcolors"><error message="Fallback background-color (hex or RGB) should precede RGBA background-color."><![CDATA[7595:3:  background-color: rgba(255,255,255,0.3);]]></error></testcase><testcase time="0" name="net.csslint.Disallowunitsfor0values"><error message="Values of 0 shouldn't have units specified."><![CDATA[7597:10:  width: 0%;]]></error></testcase><testcase time="0" name="net.csslint.Disallowunitsfor0values"><error message="Values of 0 shouldn't have units specified."><![CDATA[7607:8:  top: 0px;]]></error></testcase><testcase time="0" name="net.csslint.Disallowunitsfor0values"><error message="Values of 0 shouldn't have units specified."><![CDATA[7621:8:  top: 0px;]]></error></testcase><testcase time="0" name="net.csslint.Disallowoverqualifiedelements"><error message="Element (span.dark) is overqualified, just use .dark without element name."><![CDATA[7631:40:.orbit-container .orbit-timer.paused &gt; span.dark {]]></error></testcase><testcase time="0" name="net.csslint.Disallow!important"><error message="Use of !important"><![CDATA[7651:3:  text-indent: -9999px !important;]]></error></testcase><testcase time="0" name="net.csslint.Disallownegativetext-indent"><error message="Negative text-indent doesn't work well with RTL. If you use text-indent for image replacement explicitly set direction for that item to ltr."><![CDATA[7651:3:  text-indent: -9999px !important;]]></error></testcase><testcase time="0" name="net.csslint.Requirefallbackcolors"><error message="Fallback background-color (hex or RGB) should precede RGBA background-color."><![CDATA[7658:3:  background-color: rgba(0,0,0,0.3);]]></error></testcase><testcase time="0" name="net.csslint.Disallow!important"><error message="Use of !important"><![CDATA[7784:5:    height: auto !important;]]></error></testcase><testcase time="0" name="net.csslint.Disallowuniversalselector"><error message="The universal selector (*) is known to be slow."><![CDATA[7788:51:  .orbit-stack-on-small .orbit-slides-container &gt; * {]]></error></testcase><testcase time="0" name="net.csslint.Disallowunitsfor0values"><error message="Values of 0 shouldn't have units specified."><![CDATA[7790:13:    margin: 0% !important;]]></error></testcase><testcase time="0" name="net.csslint.Disallow!important"><error message="Use of !important"><![CDATA[7790:5:    margin: 0% !important;]]></error></testcase><testcase time="0" name="net.csslint.Disallow!important"><error message="Use of !important"><![CDATA[7791:5:    opacity: 1 !important;]]></error></testcase><testcase time="0" name="net.csslint.Requirefallbackcolors"><error message="Fallback border (hex or RGB) should precede RGBA border."><![CDATA[7896:3:  border: 1px solid rgba(17,17,17,0.1);]]></error></testcase><testcase time="0" name="net.csslint.Requirefallbackcolors"><error message="Fallback border-color (hex or RGB) should precede RGBA border-color."><![CDATA[7954:3:  border-color: rgba(17,17,17,0.1);]]></error></testcase><testcase time="0" name="net.csslint.Disallownegativetext-indent"><error message="Negative text-indent doesn't work well with RTL. If you use text-indent for image replacement explicitly set direction for that item to ltr."><![CDATA[7985:3:  text-indent: -9999em;]]></error></testcase><testcase time="0" name="net.csslint.Headingsshouldonlybedefinedonce"><error message="Heading (h1) has already been defined."><![CDATA[8084:8:.panel h1,]]></error></testcase><testcase time="0" name="net.csslint.Headingsshouldonlybedefinedonce"><error message="Heading (h2) has already been defined."><![CDATA[8085:8:.panel h2,]]></error></testcase><testcase time="0" name="net.csslint.Headingsshouldonlybedefinedonce"><error message="Heading (h3) has already been defined."><![CDATA[8086:8:.panel h3,]]></error></testcase><testcase time="0" name="net.csslint.Headingsshouldonlybedefinedonce"><error message="Heading (h4) has already been defined."><![CDATA[8087:8:.panel h4,]]></error></testcase><testcase time="0" name="net.csslint.Headingsshouldonlybedefinedonce"><error message="Heading (h5) has already been defined."><![CDATA[8088:8:.panel h5,]]></error></testcase><testcase time="0" name="net.csslint.Headingsshouldonlybedefinedonce"><error message="Heading (h6) has already been defined."><![CDATA[8089:8:.panel h6,]]></error></testcase><testcase time="0" name="net.csslint.Headingsshouldonlybedefinedonce"><error message="Heading (h1) has already been defined."><![CDATA[8097:8:.panel h1,]]></error></testcase><testcase time="0" name="net.csslint.Headingsshouldonlybedefinedonce"><error message="Heading (h2) has already been defined."><![CDATA[8098:8:.panel h2,]]></error></testcase><testcase time="0" name="net.csslint.Headingsshouldonlybedefinedonce"><error message="Heading (h3) has already been defined."><![CDATA[8099:8:.panel h3,]]></error></testcase><testcase time="0" name="net.csslint.Headingsshouldonlybedefinedonce"><error message="Heading (h4) has already been defined."><![CDATA[8100:8:.panel h4,]]></error></testcase><testcase time="0" name="net.csslint.Headingsshouldonlybedefinedonce"><error message="Heading (h5) has already been defined."><![CDATA[8101:8:.panel h5,]]></error></testcase><testcase time="0" name="net.csslint.Headingsshouldonlybedefinedonce"><error message="Heading (h6) has already been defined."><![CDATA[8102:8:.panel h6 {]]></error></testcase><testcase time="0" name="net.csslint.Headingsshouldonlybedefinedonce"><error message="Heading (h1) has already been defined."><![CDATA[8108:8:.panel h1.subheader,]]></error></testcase><testcase time="0" name="net.csslint.Headingsshouldonlybedefinedonce"><error message="Heading (h2) has already been defined."><![CDATA[8109:8:.panel h2.subheader,]]></error></testcase><testcase time="0" name="net.csslint.Headingsshouldonlybedefinedonce"><error message="Heading (h3) has already been defined."><![CDATA[8110:8:.panel h3.subheader,]]></error></testcase><testcase time="0" name="net.csslint.Headingsshouldonlybedefinedonce"><error message="Heading (h4) has already been defined."><![CDATA[8111:8:.panel h4.subheader,]]></error></testcase><testcase time="0" name="net.csslint.Headingsshouldonlybedefinedonce"><error message="Heading (h5) has already been defined."><![CDATA[8112:8:.panel h5.subheader,]]></error></testcase><testcase time="0" name="net.csslint.Headingsshouldonlybedefinedonce"><error message="Heading (h6) has already been defined."><![CDATA[8113:8:.panel h6.subheader {]]></error></testcase><testcase time="0" name="net.csslint.Headingsshouldonlybedefinedonce"><error message="Heading (h1) has already been defined."><![CDATA[8139:17:.panel--callout h1,]]></error></testcase><testcase time="0" name="net.csslint.Headingsshouldonlybedefinedonce"><error message="Heading (h2) has already been defined."><![CDATA[8140:17:.panel--callout h2,]]></error></testcase><testcase time="0" name="net.csslint.Headingsshouldonlybedefinedonce"><error message="Heading (h3) has already been defined."><![CDATA[8141:17:.panel--callout h3,]]></error></testcase><testcase time="0" name="net.csslint.Headingsshouldonlybedefinedonce"><error message="Heading (h4) has already been defined."><![CDATA[8142:17:.panel--callout h4,]]></error></testcase><testcase time="0" name="net.csslint.Headingsshouldonlybedefinedonce"><error message="Heading (h5) has already been defined."><![CDATA[8143:17:.panel--callout h5,]]></error></testcase><testcase time="0" name="net.csslint.Headingsshouldonlybedefinedonce"><error message="Heading (h6) has already been defined."><![CDATA[8144:17:.panel--callout h6,]]></error></testcase><testcase time="0" name="net.csslint.Headingsshouldonlybedefinedonce"><error message="Heading (h1) has already been defined."><![CDATA[8152:17:.panel--callout h1,]]></error></testcase><testcase time="0" name="net.csslint.Headingsshouldonlybedefinedonce"><error message="Heading (h2) has already been defined."><![CDATA[8153:17:.panel--callout h2,]]></error></testcase><testcase time="0" name="net.csslint.Headingsshouldonlybedefinedonce"><error message="Heading (h3) has already been defined."><![CDATA[8154:17:.panel--callout h3,]]></error></testcase><testcase time="0" name="net.csslint.Headingsshouldonlybedefinedonce"><error message="Heading (h4) has already been defined."><![CDATA[8155:17:.panel--callout h4,]]></error></testcase><testcase time="0" name="net.csslint.Headingsshouldonlybedefinedonce"><error message="Heading (h5) has already been defined."><![CDATA[8156:17:.panel--callout h5,]]></error></testcase><testcase time="0" name="net.csslint.Headingsshouldonlybedefinedonce"><error message="Heading (h6) has already been defined."><![CDATA[8157:17:.panel--callout h6 {]]></error></testcase><testcase time="0" name="net.csslint.Headingsshouldonlybedefinedonce"><error message="Heading (h1) has already been defined."><![CDATA[8163:17:.panel--callout h1.subheader,]]></error></testcase><testcase time="0" name="net.csslint.Headingsshouldonlybedefinedonce"><error message="Heading (h2) has already been defined."><![CDATA[8164:17:.panel--callout h2.subheader,]]></error></testcase><testcase time="0" name="net.csslint.Headingsshouldonlybedefinedonce"><error message="Heading (h3) has already been defined."><![CDATA[8165:17:.panel--callout h3.subheader,]]></error></testcase><testcase time="0" name="net.csslint.Headingsshouldonlybedefinedonce"><error message="Heading (h4) has already been defined."><![CDATA[8166:17:.panel--callout h4.subheader,]]></error></testcase><testcase time="0" name="net.csslint.Headingsshouldonlybedefinedonce"><error message="Heading (h5) has already been defined."><![CDATA[8167:17:.panel--callout h5.subheader,]]></error></testcase><testcase time="0" name="net.csslint.Headingsshouldonlybedefinedonce"><error message="Heading (h6) has already been defined."><![CDATA[8168:17:.panel--callout h6.subheader {]]></error></testcase><testcase time="0" name="net.csslint.Disallowuniversalselector"><error message="The universal selector (*) is known to be slow."><![CDATA[8204:16:.pricing-table * {]]></error></testcase><testcase time="0" name="net.csslint.Disallowunitsfor0values"><error message="Values of 0 shouldn't have units specified."><![CDATA[8459:11:    left: 0%;]]></error></testcase><testcase time="0" name="net.csslint.Disallow!important"><error message="Use of !important"><![CDATA[8596:3:  content: '' !important;]]></error></testcase><testcase time="0" name="net.csslint.Requirecompatiblevendorprefixes"><error message="The property -moz-animation is compatible with -webkit-animation and should be included as well."><![CDATA[8674:5:    -webkit-animation: progressbar_animation 2s 0;]]></error></testcase><testcase time="0" name="net.csslint.Requirepropertiesappropriatefordisplay"><error message="float can't be used with display: inline-block."><![CDATA[8701:5:    float: left;]]></error></testcase><testcase time="0" name="net.csslint.Disallowduplicateproperties"><error message="Duplicate property 'display' found."><![CDATA[8816:3:  display: inline-block;]]></error></testcase><testcase time="0" name="net.csslint.Disallowduplicateproperties"><error message="Duplicate property 'width' found."><![CDATA[8817:3:  width: 0.6rem;]]></error></testcase><testcase time="0" name="net.csslint.Disallowduplicateproperties"><error message="Duplicate property 'height' found."><![CDATA[8818:3:  height: 20rem;]]></error></testcase><testcase time="0" name="net.csslint.Disallowunqualifiedattributeselectors"><error message="Unqualified attribute selectors are known to be slow."><![CDATA[8874:1:.range-slider[disabled] {]]></error></testcase><testcase time="0" name="net.csslint.Disallowduplicateproperties"><error message="Duplicate property 'left' found."><![CDATA[8974:3:  left: 0;]]></error></testcase><testcase time="0" name="net.csslint.Disallowduplicateproperties"><error message="Duplicate property 'padding' found."><![CDATA[8993:3:  padding: 3rem;]]></error></testcase><testcase time="0" name="net.csslint.Disallow!important"><error message="Use of !important"><![CDATA[9137:3:  max-width: none !important;]]></error></testcase><testcase time="0" name="net.csslint.Disallow!important"><error message="Use of !important"><![CDATA[9138:3:  margin-left: 0 !important;]]></error></testcase><testcase time="0" name="net.csslint.Disallowduplicateproperties"><error message="Duplicate property 'left' found."><![CDATA[9194:3:  left: 0;]]></error></testcase><testcase time="0" name="net.csslint.Disallow!important"><error message="Use of !important"><![CDATA[9207:5:    background: #fff !important;]]></error></testcase><testcase time="0" name="net.csslint.Requirefallbackcolors"><error message="Fallback background (hex or RGB) should precede RGBA background."><![CDATA[9627:3:  background: rgba(17,17,17,0.05);]]></error></testcase><testcase time="0" name="net.csslint.Requirefallbackcolors"><error message="Fallback background-color (hex or RGB) should precede RGBA background-color."><![CDATA[9722:3:  background-color: rgba(17,17,17,0.1);]]></error></testcase><testcase time="0" name="net.csslint.Requirefallbackcolors"><error message="Fallback border-left-color (hex or RGB) should precede RGBA border-left-color."><![CDATA[9727:3:  border-left-color: rgba(255,255,255,0.5);]]></error></testcase><testcase time="0" name="net.csslint.Requirefallbackcolors"><error message="Fallback border-left-color (hex or RGB) should precede RGBA border-left-color."><![CDATA[9756:3:  border-left-color: rgba(255,255,255,0.5);]]></error></testcase><testcase time="0" name="net.csslint.Requirefallbackcolors"><error message="Fallback border-left-color (hex or RGB) should precede RGBA border-left-color."><![CDATA[9770:3:  border-left-color: rgba(255,255,255,0.5);]]></error></testcase><testcase time="0" name="net.csslint.Requirefallbackcolors"><error message="Fallback border-left-color (hex or RGB) should precede RGBA border-left-color."><![CDATA[9777:3:  border-left-color: rgba(255,255,255,0.5);]]></error></testcase><testcase time="0" name="net.csslint.Requirepropertiesappropriatefordisplay"><error message="display:inline has no effect on floated elements (but may be used to fix the IE6 double-margin bug)."><![CDATA[9949:3:  float: left;]]></error></testcase><testcase time="0" name="net.csslint.Requirepropertiesappropriatefordisplay"><error message="margin-bottom can't be used with display: inline."><![CDATA[9952:3:  margin-bottom: 0;]]></error></testcase><testcase time="0" name="net.csslint.Disallowoutline:none"><error message="Outlines should only be modified using :focus."><![CDATA[10016:1:.switch {]]></error></testcase><testcase time="0" name="net.csslint.Requirecompatiblevendorprefixes"><error message="The property -ms-transform is compatible with -webkit-transform and should be included as well."><![CDATA[10068:3:  -webkit-transform: translate3d(0, 0, 0);]]></error></testcase><testcase time="0" name="net.csslint.Requirecompatiblevendorprefixes"><error message="The property -moz-transform is compatible with -webkit-transform and should be included as well."><![CDATA[10068:3:  -webkit-transform: translate3d(0, 0, 0);]]></error></testcase><testcase time="0" name="net.csslint.Requirecompatiblevendorprefixes"><error message="The property -o-transform is compatible with -webkit-transform and should be included as well."><![CDATA[10068:3:  -webkit-transform: translate3d(0, 0, 0);]]></error></testcase><testcase time="0" name="net.csslint.Disallowoverqualifiedelements"><error message="Element (tr.even) is overqualified, just use .even without element name."><![CDATA[10311:7:table tr.even,]]></error></testcase><testcase time="0" name="net.csslint.Disallowoverqualifiedelements"><error message="Element (tr.alt) is overqualified, just use .alt without element name."><![CDATA[10312:7:table tr.alt,]]></error></testcase><testcase time="0" name="net.csslint.Disallow!important"><error message="Use of !important"><![CDATA[10347:3:  margin-bottom: 0 !important;]]></error></testcase><testcase time="0" name="net.csslint.Disallow!important"><error message="Use of !important"><![CDATA[10372:3:  margin-bottom: -2px !important;]]></error></testcase><testcase time="0" name="net.csslint.Disallowoutline:none"><error message="Outlines should only be modified using :focus."><![CDATA[10379:1:.tabs dd &gt; a,]]></error></testcase><testcase time="0" name="net.csslint.Disallow!important"><error message="Use of !important"><![CDATA[10612:3:  float: none !important;]]></error></testcase><testcase time="0" name="net.csslint.Disallow!important"><error message="Use of !important"><![CDATA[10681:3:  color: #d94343 !important;]]></error></testcase><testcase time="0" name="net.csslint.Disallow!important"><error message="Use of !important"><![CDATA[10682:3:  border-bottom: dotted 1px #d94343 !important;]]></error></testcase><testcase time="0" name="net.csslint.Disallow!important"><error message="Use of !important"><![CDATA[10723:5:    float: none !important;]]></error></testcase><testcase time="0" name="net.csslint.Disallowoverqualifiedelements"><error message="Element (meta.foundation-mq-topbar) is overqualified, just use .foundation-mq-topbar without element name."><![CDATA[10760:1:meta.foundation-mq-topbar {]]></error></testcase><testcase time="0" name="net.csslint.Disallow!important"><error message="Use of !important"><![CDATA[10816:5:    display: none !important;]]></error></testcase><testcase time="0" name="net.csslint.Disallow!important"><error message="Use of !important"><![CDATA[10823:5:    display: block !important;]]></error></testcase><testcase time="0" name="net.csslint.Disallowuseofbox-sizing"><error message="The box-sizing property isn't supported in IE6 and IE7."><![CDATA[10859:3:  box-sizing: border-box;]]></error></testcase><testcase time="0" name="net.csslint.Disallowpropertieswithastarprefix"><error message="Property with star prefix found."><![CDATA[10899:5:    *zoom: 1;]]></error></testcase><testcase time="0" name="net.csslint.Disallowunitsfor0values"><error message="Values of 0 shouldn't have units specified."><![CDATA[10904:18:    margin-left: 0%;]]></error></testcase><testcase time="0" name="net.csslint.Disallowunitsfor0values"><error message="Values of 0 shouldn't have units specified."><![CDATA[10905:19:    margin-right: 0%;]]></error></testcase><testcase time="0" name="net.csslint.Disallowunitsfor0values"><error message="Values of 0 shouldn't have units specified."><![CDATA[10922:19:    margin-right: 0%;]]></error></testcase><testcase time="0" name="net.csslint.Disallowpropertieswithastarprefix"><error message="Property with star prefix found."><![CDATA[10929:5:    *zoom: 1;]]></error></testcase><testcase time="0" name="net.csslint.Disallowunitsfor0values"><error message="Values of 0 shouldn't have units specified."><![CDATA[10934:18:    margin-left: 0%;]]></error></testcase><testcase time="0" name="net.csslint.Disallowunitsfor0values"><error message="Values of 0 shouldn't have units specified."><![CDATA[10935:19:    margin-right: 0%;]]></error></testcase><testcase time="0" name="net.csslint.Disallowunitsfor0values"><error message="Values of 0 shouldn't have units specified."><![CDATA[10952:19:    margin-right: 0%;]]></error></testcase><testcase time="0" name="net.csslint.Headingsshouldonlybedefinedonce"><error message="Heading (h1) has already been defined."><![CDATA[10974:15:.topbar .logo h1,]]></error></testcase><testcase time="0" name="net.csslint.Headingsshouldonlybedefinedonce"><error message="Heading (h2) has already been defined."><![CDATA[10975:15:.topbar .logo h2,]]></error></testcase><testcase time="0" name="net.csslint.Headingsshouldonlybedefinedonce"><error message="Heading (h3) has already been defined."><![CDATA[10976:15:.topbar .logo h3,]]></error></testcase><testcase time="0" name="net.csslint.Headingsshouldonlybedefinedonce"><error message="Heading (h4) has already been defined."><![CDATA[10977:15:.topbar .logo h4,]]></error></testcase><testcase time="0" name="net.csslint.Headingsshouldonlybedefinedonce"><error message="Heading (h1) has already been defined."><![CDATA[10987:34:html.no-cssremunit .topbar .logo h1,]]></error></testcase><testcase time="0" name="net.csslint.Headingsshouldonlybedefinedonce"><error message="Heading (h2) has already been defined."><![CDATA[10988:34:html.no-cssremunit .topbar .logo h2,]]></error></testcase><testcase time="0" name="net.csslint.Headingsshouldonlybedefinedonce"><error message="Heading (h3) has already been defined."><![CDATA[10989:34:html.no-cssremunit .topbar .logo h3,]]></error></testcase><testcase time="0" name="net.csslint.Headingsshouldonlybedefinedonce"><error message="Heading (h4) has already been defined."><![CDATA[10990:34:html.no-cssremunit .topbar .logo h4,]]></error></testcase><testcase time="0" name="net.csslint.Headingsshouldonlybedefinedonce"><error message="Heading (h1) has already been defined."><![CDATA[10997:31:html.cssremunit .topbar .logo h1,]]></error></testcase><testcase time="0" name="net.csslint.Headingsshouldonlybedefinedonce"><error message="Heading (h2) has already been defined."><![CDATA[10998:31:html.cssremunit .topbar .logo h2,]]></error></testcase><testcase time="0" name="net.csslint.Headingsshouldonlybedefinedonce"><error message="Heading (h3) has already been defined."><![CDATA[10999:31:html.cssremunit .topbar .logo h3,]]></error></testcase><testcase time="0" name="net.csslint.Headingsshouldonlybedefinedonce"><error message="Heading (h4) has already been defined."><![CDATA[11000:31:html.cssremunit .topbar .logo h4,]]></error></testcase><testcase time="0" name="net.csslint.Disallowproperties
[...]
!important;]]></error></testcase><testcase time="0" name="net.csslint.Disallow!important"><error message="Use of !important"><![CDATA[14023:5:    position: static !important;]]></error></testcase><testcase time="0" name="net.csslint.Disallow!important"><error message="Use of !important"><![CDATA[14041:5:    position: absolute !important;]]></error></testcase><testcase time="0" name="net.csslint.Disallow!important"><error message="Use of !important"><![CDATA[14059:5:    display: table !important;]]></error></testcase><testcase time="0" name="net.csslint.Disallow!important"><error message="Use of !important"><![CDATA[14073:5:    display: table-header-group !important;]]></error></testcase><testcase time="0" name="net.csslint.Disallow!important"><error message="Use of !important"><![CDATA[14087:5:    display: table-row-group !important;]]></error></testcase><testcase time="0" name="net.csslint.Disallow!important"><error message="Use of !important"><![CDATA[14101:5:    display: table-row !important;]]></error></testcase><testcase time="0" name="net.csslint.Disallow!important"><error message="Use of !important"><![CDATA[14125:5:    display: table-cell !important;]]></error></testcase><testcase time="0" name="net.csslint.Disallow!important"><error message="Use of !important"><![CDATA[14141:5:    display: inherit !important;]]></error></testcase><testcase time="0" name="net.csslint.Disallow!important"><error message="Use of !important"><![CDATA[14155:5:    display: none !important;]]></error></testcase><testcase time="0" name="net.csslint.Disallow!important"><error message="Use of !important"><![CDATA[14169:5:    position: static !important;]]></error></testcase><testcase time="0" name="net.csslint.Disallow!important"><error message="Use of !important"><![CDATA[14187:5:    position: absolute !important;]]></error></testcase><testcase time="0" name="net.csslint.Disallow!important"><error message="Use of !important"><![CDATA[14205:5:    display: table !important;]]></error></testcase><testcase time="0" name="net.csslint.Disallow!important"><error message="Use of !important"><![CDATA[14219:5:    display: table-header-group !important;]]></error></testcase><testcase time="0" name="net.csslint.Disallow!important"><error message="Use of !important"><![CDATA[14233:5:    display: table-row-group !important;]]></error></testcase><testcase time="0" name="net.csslint.Disallow!important"><error message="Use of !important"><![CDATA[14247:5:    display: table-row !important;]]></error></testcase><testcase time="0" name="net.csslint.Disallow!important"><error message="Use of !important"><![CDATA[14271:5:    display: table-cell !important;]]></error></testcase><testcase time="0" name="net.csslint.Disallow!important"><error message="Use of !important"><![CDATA[14287:5:    display: inherit !important;]]></error></testcase><testcase time="0" name="net.csslint.Disallow!important"><error message="Use of !important"><![CDATA[14301:5:    display: none !important;]]></error></testcase><testcase time="0" name="net.csslint.Disallow!important"><error message="Use of !important"><![CDATA[14315:5:    position: static !important;]]></error></testcase><testcase time="0" name="net.csslint.Disallow!important"><error message="Use of !important"><![CDATA[14333:5:    position: absolute !important;]]></error></testcase><testcase time="0" name="net.csslint.Disallow!important"><error message="Use of !important"><![CDATA[14351:5:    display: table !important;]]></error></testcase><testcase time="0" name="net.csslint.Disallow!important"><error message="Use of !important"><![CDATA[14365:5:    display: table-header-group !important;]]></error></testcase><testcase time="0" name="net.csslint.Disallow!important"><error message="Use of !important"><![CDATA[14379:5:    display: table-row-group !important;]]></error></testcase><testcase time="0" name="net.csslint.Disallow!important"><error message="Use of !important"><![CDATA[14393:5:    display: table-row !important;]]></error></testcase><testcase time="0" name="net.csslint.Disallow!important"><error message="Use of !important"><![CDATA[14417:5:    display: table-cell !important;]]></error></testcase><testcase time="0" name="net.csslint.Disallow!important"><error message="Use of !important"><![CDATA[14424:3:  display: inherit !important;]]></error></testcase><testcase time="0" name="net.csslint.Disallow!important"><error message="Use of !important"><![CDATA[14430:3:  display: none !important;]]></error></testcase><testcase time="0" name="net.csslint.Disallow!important"><error message="Use of !important"><![CDATA[14438:3:  display: table !important;]]></error></testcase><testcase time="0" name="net.csslint.Disallow!important"><error message="Use of !important"><![CDATA[14446:3:  display: table-header-group !important;]]></error></testcase><testcase time="0" name="net.csslint.Disallow!important"><error message="Use of !important"><![CDATA[14454:3:  display: table-row-group !important;]]></error></testcase><testcase time="0" name="net.csslint.Disallow!important"><error message="Use of !important"><![CDATA[14462:3:  display: table-row !important;]]></error></testcase><testcase time="0" name="net.csslint.Disallow!important"><error message="Use of !important"><![CDATA[14472:3:  display: table-cell !important;]]></error></testcase><testcase time="0" name="net.csslint.Disallow!important"><error message="Use of !important"><![CDATA[14479:5:    display: inherit !important;]]></error></testcase><testcase time="0" name="net.csslint.Disallow!important"><error message="Use of !important"><![CDATA[14485:5:    display: none !important;]]></error></testcase><testcase time="0" name="net.csslint.Disallow!important"><error message="Use of !important"><![CDATA[14493:5:    display: table !important;]]></error></testcase><testcase time="0" name="net.csslint.Disallow!important"><error message="Use of !important"><![CDATA[14501:5:    display: table-header-group !important;]]></error></testcase><testcase time="0" name="net.csslint.Disallow!important"><error message="Use of !important"><![CDATA[14509:5:    display: table-row-group !important;]]></error></testcase><testcase time="0" name="net.csslint.Disallow!important"><error message="Use of !important"><![CDATA[14517:5:    display: table-row !important;]]></error></testcase><testcase time="0" name="net.csslint.Disallow!important"><error message="Use of !important"><![CDATA[14527:5:    display: table-cell !important;]]></error></testcase><testcase time="0" name="net.csslint.Disallow!important"><error message="Use of !important"><![CDATA[14535:5:    display: inherit !important;]]></error></testcase><testcase time="0" name="net.csslint.Disallow!important"><error message="Use of !important"><![CDATA[14541:5:    display: none !important;]]></error></testcase><testcase time="0" name="net.csslint.Disallow!important"><error message="Use of !important"><![CDATA[14549:5:    display: table !important;]]></error></testcase><testcase time="0" name="net.csslint.Disallow!important"><error message="Use of !important"><![CDATA[14557:5:    display: table-header-group !important;]]></error></testcase><testcase time="0" name="net.csslint.Disallow!important"><error message="Use of !important"><![CDATA[14565:5:    display: table-row-group !important;]]></error></testcase><testcase time="0" name="net.csslint.Disallow!important"><error message="Use of !important"><![CDATA[14573:5:    display: table-row !important;]]></error></testcase><testcase time="0" name="net.csslint.Disallow!important"><error message="Use of !important"><![CDATA[14583:5:    display: table-cell !important;]]></error></testcase><testcase time="0" name="net.csslint.Disallow!important"><error message="Use of !important"><![CDATA[14589:3:  display: none !important;]]></error></testcase><testcase time="0" name="net.csslint.Disallow!important"><error message="Use of !important"><![CDATA[14594:3:  display: inherit !important;]]></error></testcase><testcase time="0" name="net.csslint.Disallow!important"><error message="Use of !important"><![CDATA[14599:3:  display: inherit !important;]]></error></testcase><testcase time="0" name="net.csslint.Disallow!important"><error message="Use of !important"><![CDATA[14604:3:  display: none !important;]]></error></testcase><testcase time="0" name="net.csslint.Disallow!important"><error message="Use of !important"><![CDATA[14609:3:  display: table !important;]]></error></testcase><testcase time="0" name="net.csslint.Disallow!important"><error message="Use of !important"><![CDATA[14614:3:  display: table !important;]]></error></testcase><testcase time="0" name="net.csslint.Disallow!important"><error message="Use of !important"><![CDATA[14619:3:  display: table-header-group !important;]]></error></testcase><testcase time="0" name="net.csslint.Disallow!important"><error message="Use of !important"><![CDATA[14624:3:  display: table-header-group !important;]]></error></testcase><testcase time="0" name="net.csslint.Disallow!important"><error message="Use of !important"><![CDATA[14629:3:  display: table-row-group !important;]]></error></testcase><testcase time="0" name="net.csslint.Disallow!important"><error message="Use of !important"><![CDATA[14634:3:  display: table-row-group !important;]]></error></testcase><testcase time="0" name="net.csslint.Disallow!important"><error message="Use of !important"><![CDATA[14639:3:  display: table-row !important;]]></error></testcase><testcase time="0" name="net.csslint.Disallow!important"><error message="Use of !important"><![CDATA[14644:3:  display: table-row !important;]]></error></testcase><testcase time="0" name="net.csslint.Disallow!important"><error message="Use of !important"><![CDATA[14649:3:  display: table-cell !important;]]></error></testcase><testcase time="0" name="net.csslint.Disallow!important"><error message="Use of !important"><![CDATA[14654:3:  display: table-cell !important;]]></error></testcase><testcase time="0" name="net.csslint.Disallow!important"><error message="Use of !important"><![CDATA[14659:3:  display: table-cell !important;]]></error></testcase><testcase time="0" name="net.csslint.Disallow!important"><error message="Use of !important"><![CDATA[14664:3:  display: table-cell !important;]]></error></testcase><testcase time="0" name="net.csslint.Disallow!important"><error message="Use of !important"><![CDATA[14680:5:    display: table !important;]]></error></testcase><testcase time="0" name="net.csslint.Disallow!important"><error message="Use of !important"><![CDATA[14685:5:    display: table-header-group !important;]]></error></testcase><testcase time="0" name="net.csslint.Disallow!important"><error message="Use of !important"><![CDATA[14690:5:    display: table-row-group !important;]]></error></testcase><testcase time="0" name="net.csslint.Disallow!important"><error message="Use of !important"><![CDATA[14695:5:    display: table-row !important;]]></error></testcase><testcase time="0" name="net.csslint.Disallow!important"><error message="Use of !important"><![CDATA[14700:5:    display: table-cell !important;]]></error></testcase><testcase time="0" name="net.csslint.Disallow!important"><error message="Use of !important"><![CDATA[14705:5:    display: table-cell !important;]]></error></testcase><testcase time="0" name="net.csslint.Requireshorthandproperties"><error message="The properties padding-top, padding-bottom, padding-left, padding-right can be replaced by padding."><![CDATA[14901:1:.prdlist .prd .btn__details {]]></error></testcase><testcase time="0" name="net.csslint.Disallowduplicateproperties"><error message="Duplicate property 'background-size' found."><![CDATA[14914:3:  background-size: 3.8rem 2rem;]]></error></testcase><testcase time="0" name="net.csslint.Disallowduplicateproperties"><error message="Duplicate property 'background-position' found."><![CDATA[14915:3:  background-position: center center;]]></error></testcase><testcase time="0" name="net.csslint.Disallowduplicateproperties"><error message="Duplicate property 'background-repeat' found."><![CDATA[14916:3:  background-repeat: no-repeat;]]></error></testcase><testcase time="0" name="net.csslint.Disallowunqualifiedattributeselectors"><error message="Unqualified attribute selectors are known to be slow."><![CDATA[14945:15:.prdlist .prd .btn__details[disabled],]]></error></testcase><testcase time="0" name="net.csslint.Disallowunqualifiedattributeselectors"><error message="Unqualified attribute selectors are known to be slow."><![CDATA[14946:15:.prdlist .prd .btn__details[disabled]:hover,]]></error></testcase><testcase time="0" name="net.csslint.Disallowunqualifiedattributeselectors"><error message="Unqualified attribute selectors are known to be slow."><![CDATA[14947:15:.prdlist .prd .btn__details[disabled]:focus {]]></error></testcase><testcase time="0" name="net.csslint.Disallowpropertieswithastarprefix"><error message="Property with star prefix found."><![CDATA[15018:5:    *zoom: 1;]]></error></testcase><testcase time="0" name="net.csslint.Disallowunitsfor0values"><error message="Values of 0 shouldn't have units specified."><![CDATA[15023:18:    margin-left: 0%;]]></error></testcase><testcase time="0" name="net.csslint.Disallowunitsfor0values"><error message="Values of 0 shouldn't have units specified."><![CDATA[15041:19:    margin-right: 0%;]]></error></testcase><testcase time="0" name="net.csslint.Disallowpropertieswithastarprefix"><error message="Property with star prefix found."><![CDATA[15054:5:    *zoom: 1;]]></error></testcase><testcase time="0" name="net.csslint.Disallowunitsfor0values"><error message="Values of 0 shouldn't have units specified."><![CDATA[15059:18:    margin-left: 0%;]]></error></testcase><testcase time="0" name="net.csslint.Disallowunitsfor0values"><error message="Values of 0 shouldn't have units specified."><![CDATA[15088:19:    margin-right: 0%;]]></error></testcase><testcase time="0" name="net.csslint.Disallowpropertieswithastarprefix"><error message="Property with star prefix found."><![CDATA[15101:5:    *zoom: 1;]]></error></testcase><testcase time="0" name="net.csslint.Disallowunitsfor0values"><error message="Values of 0 shouldn't have units specified."><![CDATA[15106:18:    margin-left: 0%;]]></error></testcase><testcase time="0" name="net.csslint.Disallowunitsfor0values"><error message="Values of 0 shouldn't have units specified."><![CDATA[15107:19:    margin-right: 0%;]]></error></testcase><testcase time="0" name="net.csslint.Disallowpropertieswithastarprefix"><error message="Property with star prefix found."><![CDATA[15133:5:    *zoom: 1;]]></error></testcase><testcase time="0" name="net.csslint.Disallowunitsfor0values"><error message="Values of 0 shouldn't have units specified."><![CDATA[15138:18:    margin-left: 0%;]]></error></testcase><testcase time="0" name="net.csslint.Disallowunitsfor0values"><error message="Values of 0 shouldn't have units specified."><![CDATA[15156:19:    margin-right: 0%;]]></error></testcase><testcase time="0" name="net.csslint.Disallowpropertieswithastarprefix"><error message="Property with star prefix found."><![CDATA[15187:5:    *zoom: 1;]]></error></testcase><testcase time="0" name="net.csslint.Disallowunitsfor0values"><error message="Values of 0 shouldn't have units specified."><![CDATA[15192:18:    margin-left: 0%;]]></error></testcase><testcase time="0" name="net.csslint.Disallowunitsfor0values"><error message="Values of 0 shouldn't have units specified."><![CDATA[15214:19:    margin-right: 0%;]]></error></testcase><testcase time="0" name="net.csslint.Disallowpropertieswithastarprefix"><error message="Property with star prefix found."><![CDATA[15256:5:    *zoom: 1;]]></error></testcase><testcase time="0" name="net.csslint.Disallowunitsfor0values"><error message="Values of 0 shouldn't have units specified."><![CDATA[15261:18:    margin-left: 0%;]]></error></testcase><testcase time="0" name="net.csslint.Disallowunitsfor0values"><error message="Values of 0 shouldn't have units specified."><![CDATA[15262:19:    margin-right: 0%;]]></error></testcase><testcase time="0" name="net.csslint.Disallowduplicateproperties"><error message="Duplicate property 'text-align' found."><![CDATA[15263:5:    text-align: right;]]></error></testcase><testcase time="0" name="net.csslint.Disallownegativetext-indent"><error message="Negative text-indent doesn't work well with RTL. If you use text-indent for image replacement explicitly set direction for that item to ltr."><![CDATA[15282:3:  text-indent: -9999em;]]></error></testcase><testcase time="0" name="net.csslint.Disallowpropertieswithastarprefix"><error message="Property with star prefix found."><![CDATA[15333:5:    *zoom: 1;]]></error></testcase><testcase time="0" name="net.csslint.Disallowunitsfor0values"><error message="Values of 0 shouldn't have units specified."><![CDATA[15338:18:    margin-left: 0%;]]></error></testcase><testcase time="0" name="net.csslint.Disallowunitsfor0values"><error message="Values of 0 shouldn't have units specified."><![CDATA[15339:19:    margin-right: 0%;]]></error></testcase><testcase time="0" name="net.csslint.Disallowunitsfor0values"><error message="Values of 0 shouldn't have units specified."><![CDATA[15356:19:    margin-right: 0%;]]></error></testcase><testcase time="0" name="net.csslint.Disallowpropertieswithastarprefix"><error message="Property with star prefix found."><![CDATA[15403:5:    *zoom: 1;]]></error></testcase><testcase time="0" name="net.csslint.Disallowunitsfor0values"><error message="Values of 0 shouldn't have units specified."><![CDATA[15408:18:    margin-left: 0%;]]></error></testcase><testcase time="0" name="net.csslint.Disallowunitsfor0values"><error message="Values of 0 shouldn't have units specified."><![CDATA[15409:19:    margin-right: 0%;]]></error></testcase><testcase time="0" name="net.csslint.Disallowduplicateproperties"><error message="Duplicate property 'float' found."><![CDATA[15411:5:    float: right;]]></error></testcase><testcase time="0" name="net.csslint.Disallowduplicateproperties"><error message="Duplicate property 'text-align' found."><![CDATA[15412:5:    text-align: right;]]></error></testcase><testcase time="0" name="net.csslint.Disallowunitsfor0values"><error message="Values of 0 shouldn't have units specified."><![CDATA[15429:19:    margin-right: 0%;]]></error></testcase><testcase time="0" name="net.csslint.Disallowpropertieswithastarprefix"><error message="Property with star prefix found."><![CDATA[15436:5:    *zoom: 1;]]></error></testcase><testcase time="0" name="net.csslint.Disallowunitsfor0values"><error message="Values of 0 shouldn't have units specified."><![CDATA[15441:18:    margin-left: 0%;]]></error></testcase><testcase time="0" name="net.csslint.Disallowunitsfor0values"><error message="Values of 0 shouldn't have units specified."><![CDATA[15442:19:    margin-right: 0%;]]></error></testcase><testcase time="0" name="net.csslint.Disallowduplicateproperties"><error message="Duplicate property 'text-align' found."><![CDATA[15443:5:    text-align: right;]]></error></testcase><testcase time="0" name="net.csslint.Disallowpropertieswithastarprefix"><error message="Property with star prefix found."><![CDATA[15483:5:    *zoom: 1;]]></error></testcase><testcase time="0" name="net.csslint.Disallowduplicateproperties"><error message="Duplicate property 'clear' found."><![CDATA[15485:5:    clear: none;]]></error></testcase><testcase time="0" name="net.csslint.Disallowunitsfor0values"><error message="Values of 0 shouldn't have units specified."><![CDATA[15488:18:    margin-left: 0%;]]></error></testcase><testcase time="0" name="net.csslint.Disallowunitsfor0values"><error message="Values of 0 shouldn't have units specified."><![CDATA[15489:19:    margin-right: 0%;]]></error></testcase><testcase time="0" name="net.csslint.Requirefallbackcolors"><error message="Fallback border (hex or RGB) should precede RGBA border."><![CDATA[15563:3:  border: 1px solid rgba(17,17,17,0.15);]]></error></testcase></testsuite></testsuites>