<?xml version="1.0" encoding="utf-8"?><testsuites><testsuite time="0" tests="745" skipped="0" errors="741" failures="0" package="net.csslint" name="dist/css/styles.css"><testcase time="0" name="net.csslint.Disallowunqualifiedattributeselectors"><error message="Unqualified attribute selectors are known to be slow."><![CDATA[71:1:[hidden],]]></error></testcase><testcase time="0" name="net.csslint.Disallowoutline:none"><error message="Outlines should only be modified using :focus."><![CDATA[84:1:a:active,]]></error></testcase><testcase time="0" name="net.csslint.Requirecompatiblevendorprefixes"><error message="The property -webkit-box-sizing is compatible with -moz-box-sizing and should be included as well."><![CDATA[171:3:  -moz-box-sizing: content-box;]]></error></testcase><testcase time="0" name="net.csslint.Disallowuseofbox-sizing"><error message="The box-sizing property isn't supported in IE6 and IE7."><![CDATA[172:3:  box-sizing: content-box;]]></error></testcase><testcase time="0" name="net.csslint.Requirecompatiblevendorprefixes"><error message="The property -moz-appearance is compatible with -webkit-appearance and should be included as well."><![CDATA[226:3:  -webkit-appearance: button;]]></error></testcase><testcase time="0" name="net.csslint.Disallowuseofbox-sizing"><error message="The box-sizing property isn't supported in IE6 and IE7."><![CDATA[257:3:  box-sizing: border-box;]]></error></testcase><testcase time="0" name="net.csslint.Requirecompatiblevendorprefixes"><error message="The property -moz-appearance is compatible with -webkit-appearance and should be included as well."><![CDATA[273:3:  -webkit-appearance: textfield;]]></error></testcase><testcase time="0" name="net.csslint.Disallowuseofbox-sizing"><error message="The box-sizing property isn't supported in IE6 and IE7."><![CDATA[278:3:  box-sizing: content-box;]]></error></testcase><testcase time="0" name="net.csslint.Requirecompatiblevendorprefixes"><error message="The property -moz-appearance is compatible with -webkit-appearance and should be included as well."><![CDATA[285:3:  -webkit-appearance: none;]]></error></testcase><testcase time="0" name="net.csslint.Disallowoverqualifiedelements"><error message="Element (meta.foundation-version) is overqualified, just use .foundation-version without element name."><![CDATA[375:1:meta.foundation-version {]]></error></testcase><testcase time="0" name="net.csslint.Disallowoverqualifiedelements"><error message="Element (meta.foundation-mq-small) is overqualified, just use .foundation-mq-small without element name."><![CDATA[381:1:meta.foundation-mq-small {]]></error></testcase><testcase time="0" name="net.csslint.Disallowunitsfor0values"><error message="Values of 0 shouldn't have units specified."><![CDATA[383:10:  width: 0em;]]></error></testcase><testcase time="0" name="net.csslint.Disallowoverqualifiedelements"><error message="Element (meta.foundation-mq-small-only) is overqualified, just use .foundation-mq-small-only without element name."><![CDATA[388:1:meta.foundation-mq-small-only {]]></error></testcase><testcase time="0" name="net.csslint.Disallowunitsfor0values"><error message="Values of 0 shouldn't have units specified."><![CDATA[390:10:  width: 0em;]]></error></testcase><testcase time="0" name="net.csslint.Disallowoverqualifiedelements"><error message="Element (meta.foundation-mq-medium) is overqualified, just use .foundation-mq-medium without element name."><![CDATA[395:1:meta.foundation-mq-medium {]]></error></testcase><testcase time="0" name="net.csslint.Disallowoverqualifiedelements"><error message="Element (meta.foundation-mq-medium-only) is overqualified, just use .foundation-mq-medium-only without element name."><![CDATA[402:1:meta.foundation-mq-medium-only {]]></error></testcase><testcase time="0" name="net.csslint.Disallowoverqualifiedelements"><error message="Element (meta.foundation-mq-large) is overqualified, just use .foundation-mq-large without element name."><![CDATA[409:1:meta.foundation-mq-large {]]></error></testcase><testcase time="0" name="net.csslint.Disallowoverqualifiedelements"><error message="Element (meta.foundation-mq-large-only) is overqualified, just use .foundation-mq-large-only without element name."><![CDATA[416:1:meta.foundation-mq-large-only {]]></error></testcase><testcase time="0" name="net.csslint.Disallowoverqualifiedelements"><error message="Element (meta.foundation-mq-xlarge) is overqualified, just use .foundation-mq-xlarge without element name."><![CDATA[423:1:meta.foundation-mq-xlarge {]]></error></testcase><testcase time="0" name="net.csslint.Disallowoverqualifiedelements"><error message="Element (meta.foundation-mq-xlarge-only) is overqualified, just use .foundation-mq-xlarge-only without element name."><![CDATA[430:1:meta.foundation-mq-xlarge-only {]]></error></testcase><testcase time="0" name="net.csslint.Disallowoverqualifiedelements"><error message="Element (meta.foundation-mq-xxlarge) is overqualified, just use .foundation-mq-xxlarge without element name."><![CDATA[437:1:meta.foundation-mq-xxlarge {]]></error></testcase><testcase time="0" name="net.csslint.Disallowoverqualifiedelements"><error message="Element (meta.foundation-data-attribute-namespace) is overqualified, just use .foundation-data-attribute-namespace without element name."><![CDATA[444:1:meta.foundation-data-attribute-namespace {]]></error></testcase><testcase time="0" name="net.csslint.Disallowuniversalselector"><error message="The universal selector (*) is known to be slow."><![CDATA[459:1:*,]]></error></testcase><testcase time="0" name="net.csslint.Disallowuniversalselector"><error message="The universal selector (*) is known to be slow."><![CDATA[460:1:*:before,]]></error></testcase><testcase time="0" name="net.csslint.Disallowuniversalselector"><error message="The universal selector (*) is known to be slow."><![CDATA[461:1:*:after {]]></error></testcase><testcase time="0" name="net.csslint.Disallowuseofbox-sizing"><error message="The box-sizing property isn't supported in IE6 and IE7."><![CDATA[464:3:  box-sizing: border-box;]]></error></testcase><testcase time="0" name="net.csslint.Disallowuniversalselector"><error message="The universal selector (*) is known to be slow."><![CDATA[469:1:*:focus {]]></error></testcase><testcase time="0" name="net.csslint.DisallowIDsinselectors"><error message="Don't use IDs in selectors."><![CDATA[532:1:#map_canvas img,]]></error></testcase><testcase time="0" name="net.csslint.DisallowIDsinselectors"><error message="Don't use IDs in selectors."><![CDATA[534:1:#map_canvas embed,]]></error></testcase><testcase time="0" name="net.csslint.DisallowIDsinselectors"><error message="Don't use IDs in selectors."><![CDATA[536:1:#map_canvas object,]]></error></testcase><testcase time="0" name="net.csslint.Disallow!important"><error message="Use of !important"><![CDATA[538:3:  max-width: none !important;]]></error></testcase><testcase time="0" name="net.csslint.Disallow!important"><error message="Use of !important"><![CDATA[544:3:  float: left !important;]]></error></testcase><testcase time="0" name="net.csslint.Disallow!important"><error message="Use of !important"><![CDATA[550:3:  float: right !important;]]></error></testcase><testcase time="0" name="net.csslint.Disallow!important"><error message="Use of !important"><![CDATA[588:3:  display: none !important;]]></error></testcase><testcase time="0" name="net.csslint.Requireshorthandproperties"><error message="The properties margin-top, margin-bottom, margin-left, margin-right can be replaced by margin."><![CDATA[644:1:.row {]]></error></testcase><testcase time="0" name="net.csslint.Disallowselectorsthatlooklikeregexs"><error message="Attribute selectors with *= are slow!"><![CDATA[742:21:[class*='column'] + [class*='column']:last-child {]]></error></testcase><testcase time="0" name="net.csslint.Disallowunqualifiedattributeselectors"><error message="Unqualified attribute selectors are known to be slow."><![CDATA[742:21:[class*='column'] + [class*='column']:last-child {]]></error></testcase><testcase time="0" name="net.csslint.Disallowselectorsthatlooklikeregexs"><error message="Attribute selectors with *= are slow!"><![CDATA[742:1:[class*='column'] + [class*='column']:last-child {]]></error></testcase><testcase time="0" name="net.csslint.Disallowselectorsthatlooklikeregexs"><error message="Attribute selectors with *= are slow!"><![CDATA[748:21:[class*='column'] + [class*='column'].end {]]></error></testcase><testcase time="0" name="net.csslint.Disallowunqualifiedattributeselectors"><error message="Unqualified attribute selectors are known to be slow."><![CDATA[748:21:[class*='column'] + [class*='column'].end {]]></error></testcase><testcase time="0" name="net.csslint.Disallowselectorsthatlooklikeregexs"><error message="Attribute selectors with *= are slow!"><![CDATA[748:1:[class*='column'] + [class*='column'].end {]]></error></testcase><testcase time="0" name="net.csslint.Disallow!important"><error message="Use of !important"><![CDATA[1020:5:    margin-left: 8.3333333333333% !important;]]></error></testcase><testcase time="0" name="net.csslint.Disallow!important"><error message="Use of !important"><![CDATA[1026:5:    margin-left: 16.6666666666667% !important;]]></error></testcase><testcase time="0" name="net.csslint.Disallow!important"><error message="Use of !important"><![CDATA[1032:5:    margin-left: 25% !important;]]></error></testcase><testcase time="0" name="net.csslint.Disallow!important"><error message="Use of !important"><![CDATA[1038:5:    margin-left: 33.3333333333333% !important;]]></error></testcase><testcase time="0" name="net.csslint.Disallow!important"><error message="Use of !important"><![CDATA[1044:5:    margin-left: 41.6666666666667% !important;]]></error></testcase><testcase time="0" name="net.csslint.Disallow!important"><error message="Use of !important"><![CDATA[1050:5:    margin-left: 50% !important;]]></error></testcase><testcase time="0" name="net.csslint.Disallow!important"><error message="Use of !important"><![CDATA[1056:5:    margin-left: 58.3333333333333% !important;]]></error></testcase><testcase time="0" name="net.csslint.Disallow!important"><error message="Use of !important"><![CDATA[1062:5:    margin-left: 66.6666666666667% !important;]]></error></testcase><testcase time="0" name="net.csslint.Disallow!important"><error message="Use of !important"><![CDATA[1068:5:    margin-left: 75% !important;]]></error></testcase><testcase time="0" name="net.csslint.Disallow!important"><error message="Use of !important"><![CDATA[1074:5:    margin-left: 83.3333333333333% !important;]]></error></testcase><testcase time="0" name="net.csslint.Disallow!important"><error message="Use of !important"><![CDATA[1080:5:    margin-left: 91.6666666666667% !important;]]></error></testcase><testcase time="0" name="net.csslint.Disallow!important"><error message="Use of !important"><![CDATA[1431:5:    margin-left: 8.3333333333333% !important;]]></error></testcase><testcase time="0" name="net.csslint.Disallow!important"><error message="Use of !important"><![CDATA[1437:5:    margin-left: 16.6666666666667% !important;]]></error></testcase><testcase time="0" name="net.csslint.Disallow!important"><error message="Use of !important"><![CDATA[1443:5:    margin-left: 25% !important;]]></error></testcase><testcase time="0" name="net.csslint.Disallow!important"><error message="Use of !important"><![CDATA[1449:5:    margin-left: 33.3333333333333% !important;]]></error></testcase><testcase time="0" name="net.csslint.Disallow!important"><error message="Use of !important"><![CDATA[1455:5:    margin-left: 41.6666666666667% !important;]]></error></testcase><testcase time="0" name="net.csslint.Disallow!important"><error message="Use of !important"><![CDATA[1461:5:    margin-left: 50% !important;]]></error></testcase><testcase time="0" name="net.csslint.Disallow!important"><error message="Use of !important"><![CDATA[1467:5:    margin-left: 58.3333333333333% !important;]]></error></testcase><testcase time="0" name="net.csslint.Disallow!important"><error message="Use of !important"><![CDATA[1473:5:    margin-left: 66.6666666666667% !important;]]></error></testcase><testcase time="0" name="net.csslint.Disallow!important"><error message="Use of !important"><![CDATA[1479:5:    margin-left: 75% !important;]]></error></testcase><testcase time="0" name="net.csslint.Disallow!important"><error message="Use of !important"><![CDATA[1485:5:    margin-left: 83.3333333333333% !important;]]></error></testcase><testcase time="0" name="net.csslint.Disallow!important"><error message="Use of !important"><![CDATA[1491:5:    margin-left: 91.6666666666667% !important;]]></error></testcase><testcase time="0" name="net.csslint.Disallow!important"><error message="Use of !important"><![CDATA[2022:5:    margin-left: 8.3333333333333% !important;]]></error></testcase><testcase time="0" name="net.csslint.Disallow!important"><error message="Use of !important"><![CDATA[2028:5:    margin-left: 16.6666666666667% !important;]]></error></testcase><testcase time="0" name="net.csslint.Disallow!important"><error message="Use of !important"><![CDATA[2034:5:    margin-left: 25% !important;]]></error></testcase><testcase time="0" name="net.csslint.Disallow!important"><error message="Use of !important"><![CDATA[2040:5:    margin-left: 33.3333333333333% !important;]]></error></testcase><testcase time="0" name="net.csslint.Disallow!important"><error message="Use of !important"><![CDATA[2046:5:    margin-left: 41.6666666666667% !important;]]></error></testcase><testcase time="0" name="net.csslint.Disallow!important"><error message="Use of !important"><![CDATA[2052:5:    margin-left: 50% !important;]]></error></testcase><testcase time="0" name="net.csslint.Disallow!important"><error message="Use of !important"><![CDATA[2058:5:    margin-left: 58.3333333333333% !important;]]></error></testcase><testcase time="0" name="net.csslint.Disallow!important"><error message="Use of !important"><![CDATA[2064:5:    margin-left: 66.6666666666667% !important;]]></error></testcase><testcase time="0" name="net.csslint.Disallow!important"><error message="Use of !important"><![CDATA[2070:5:    margin-left: 75% !important;]]></error></testcase><testcase time="0" name="net.csslint.Disallow!important"><error message="Use of !important"><![CDATA[2076:5:    margin-left: 83.3333333333333% !important;]]></error></testcase><testcase time="0" name="net.csslint.Disallow!important"><error message="Use of !important"><![CDATA[2082:5:    margin-left: 91.6666666666667% !important;]]></error></testcase><testcase time="0" name="net.csslint.Disallow!important"><error message="Use of !important"><![CDATA[2378:3:  margin-bottom: 0 !important;]]></error></testcase><testcase time="0" name="net.csslint.Disallowunqualifiedattributeselectors"><error message="Unqualified attribute selectors are known to be slow."><![CDATA[2651:1:[class*='block-grid-'] {]]></error></testcase><testcase time="0" name="net.csslint.Disallowselectorsthatlooklikeregexs"><error message="Attribute selectors with *= are slow!"><![CDATA[2651:1:[class*='block-grid-'] {]]></error></testcase><testcase time="0" name="net.csslint.Disallowunqualifiedattributeselectors"><error message="Unqualified attribute selectors are known to be slow."><![CDATA[2659:1:[class*='block-grid-']:before,]]></error></testcase><testcase time="0" name="net.csslint.Disallowselectorsthatlooklikeregexs"><error message="Attribute selectors with *= are slow!"><![CDATA[2659:1:[class*='block-grid-']:before,]]></error></testcase><testcase time="0" name="net.csslint.Disallowunqualifiedattributeselectors"><error message="Unqualified attribute selectors are known to be slow."><![CDATA[2660:1:[class*='block-grid-']:after {]]></error></testcase><testcase time="0" name="net.csslint.Disallowselectorsthatlooklikeregexs"><error message="Attribute selectors with *= are slow!"><![CDATA[2660:1:[class*='block-grid-']:after {]]></error></testcase><testcase time="0" name="net.csslint.Disallowunqualifiedattributeselectors"><error message="Unqualified attribute selectors are known to be slow."><![CDATA[2667:1:[class*='block-grid-']:after {]]></error></testcase><testcase time="0" name="net.csslint.Disallowselectorsthatlooklikeregexs"><error message="Attribute selectors with *= are slow!"><![CDATA[2667:1:[class*='block-grid-']:after {]]></error></testcase><testcase time="0" name="net.csslint.Disallowselectorsthatlooklikeregexs"><error message="Attribute selectors with *= are slow!"><![CDATA[2673:1:[class*='block-grid-']&gt;li {]]></error></testcase><testcase time="0" name="net.csslint.Disallowunqualifiedattributeselectors"><error message="Unqualified attribute selectors are known to be slow."><![CDATA[3565:28:[aria-label='breadcrumbs'] [aria-hidden='true']:after {]]></error></testcase><testcase time="0" name="net.csslint.Requireshorthandproperties"><error message="The properties padding-top, padding-bottom, padding-left, padding-right can be replaced by padding."><![CDATA[3579:1:button,]]></error></testcase><testcase time="0" name="net.csslint.Requirecompatiblevendorprefixes"><error message="The property -moz-appearance is compatible with -webkit-appearance and should be included as well."><![CDATA[3594:3:  -webkit-appearance: none;]]></error></testcase><testcase time="0" name="net.csslint.Disallowduplicateproperties"><error message="Duplicate property 'background-position' found."><![CDATA[3604:3:  background-position: right center;]]></error></testcase><testcase time="0" name="net.csslint.Disallowduplicateproperties"><error message="Duplicate property 'background-repeat' found."><![CDATA[3605:3:  background-repeat: no-repeat;]]></error></testcase><testcase time="0" name="net.csslint.Requireshorthandproperties"><error message="The properties padding-top, padding-bottom, padding-left, padding-right can be replaced by padding."><![CDATA[3769:1:button.btn--large,]]></error></testcase><testcase time="0" name="net.csslint.Requireshorthandproperties"><error message="The properties padding-top, padding-bottom, padding-left, padding-right can be replaced by padding."><![CDATA[3796:1:button.btn--small,]]></error></testcase><testcase time="0" name="net.csslint.Requireshorthandproperties"><error message="The properties padding-top, padding-bottom, padding-left, padding-right can be replaced by padding."><![CDATA[3823:1:button.btn--tiny,]]></error></testcase><testcase time="0" name="net.csslint.Disallowunqualifiedattributeselectors"><error message="Unqualified attribute selectors are known to be slow."><![CDATA[3950:1:.btn[disabled] {]]></error></testcase><testcase time="0" name="net.csslint.Requirefallbackcolors"><error message="Fallback border-color (hex or RGB) should precede RGBA border-color."><![CDATA[3953:3:  border-color: rgba(17,17,17,0.1);]]></error></testcase><testcase time="0" name="net.csslint.Disallowunqualifiedattributeselectors"><error message="Unqualified attribute selectors are known to be slow."><![CDATA[3964:1:.btn[disabled]:hover,]]></error></testcase><testcase time="0" name="net.csslint.Disallowunqualifiedattributeselectors"><error message="Unqualified attribute selectors are known to be slow."><![CDATA[3968:1:.btn[disabled]:focus {]]></error></testcase><testcase time="0" name="net.csslint.Requirefallbackcolors"><error message="Fallback border-color (hex or RGB) should precede RGBA border-color."><![CDATA[3971:3:  border-color: rgba(15,15,15,0.1);]]></error></testcase><testcase time="0" name="net.csslint.Disallowunqualifiedattributeselectors"><error message="Unqualified attribute selectors are known to be slow."><![CDATA[3979:1:.btn[disabled]:hover,]]></error></testcase><testcase time="0" name="net.csslint.Disallowunqualifiedattributeselectors"><error message="Unqualified attribute selectors are known to be slow."><![CDATA[3983:1:.btn[disabled]:focus {]]></error></testcase><testcase time="0" name="net.csslint.Disallowunqualifiedattributeselectors"><error message="Unqualified attribute selectors are known to be slow."><![CDATA[3992:1:.btn[disabled].btn--secondary {]]></error></testcase><testcase time="0" name="net.csslint.Disallowunqualifiedattributeselectors"><error message="Unqualified attribute selectors are known to be slow."><![CDATA[4006:1:.btn[disabled].btn--secondary:hover,]]></error></testcase><testcase time="0" name="net.csslint.Disallowunqualifiedattributeselectors"><error message="Unqualified attribute selectors are known to be slow."><![CDATA[4010:1:.btn[disabled].btn--secondary:focus {]]></error></testcase><testcase time="0" name="net.csslint.Disallowunqualifiedattributeselectors"><error message="Unqualified attribute selectors are known to be slow."><![CDATA[4021:1:.btn[disabled].btn--secondary:hover,]]></error></testcase><testcase time="0" name="net.csslint.Disallowunqualifiedattributeselectors"><error message="Unqualified attribute selectors are known to be slow."><![CDATA[4025:1:.btn[disabled].btn--secondary:focus {]]></error></testcase><testcase time="0" name="net.csslint.Disallowunqualifiedattributeselectors"><error message="Unqualified attribute selectors are known to be slow."><![CDATA[4034:1:.btn[disabled].btn--success {]]></error></testcase><testcase time="0" name="net.csslint.Disallowunqualifiedattributeselectors"><error message="Unqualified attribute selectors are known to be slow."><![CDATA[4048:1:.btn[disabled].btn--success:hover,]]></error></testcase><testcase time="0" name="net.csslint.Disallowunqualifiedattributeselectors"><error message="Unqualified attribute selectors are known to be slow."><![CDATA[4052:1:.btn[disabled].btn--success:focus {]]></error></testcase><testcase time="0" name="net.csslint.Disallowunqualifiedattributeselectors"><error message="Unqualified attribute selectors are known to be slow."><![CDATA[4063:1:.btn[disabled].btn--success:hover,]]></error></testcase><testcase time="0" name="net.csslint.Disallowunqualifiedattributeselectors"><error message="Unqualified attribute selectors are known to be slow."><![CDATA[4067:1:.btn[disabled].btn--success:focus {]]></error></testcase><testcase time="0" name="net.csslint.Disallowunqualifiedattributeselectors"><error message="Unqualified attribute selectors are known to be slow."><![CDATA[4076:1:.btn[disabled].btn--info {]]></error></testcase><testcase time="0" name="net.csslint.Disallowunqualifiedattributeselectors"><error message="Unqualified attribute selectors are known to be slow."><![CDATA[4090:1:.btn[disabled].btn--info:hover,]]></error></testcase><testcase time="0" name="net.csslint.Disallowunqualifiedattributeselectors"><error message="Unqualified attribute selectors are known to be slow."><![CDATA[4094:1:.btn[disabled].btn--info:focus {]]></error></testcase><testcase time="0" name="net.csslint.Disallowunqualifiedattributeselectors"><error message="Unqualified attribute selectors are known to be slow."><![CDATA[4105:1:.btn[disabled].btn--info:hover,]]></error></testcase><testcase time="0" name="net.csslint.Disallowunqualifiedattributeselectors"><error message="Unqualified attribute selectors are known to be slow."><![CDATA[4109:1:.btn[disabled].btn--info:focus {]]></error></testcase><testcase time="0" name="net.csslint.Disallowunqualifiedattributeselectors"><error message="Unqualified attribute selectors are known to be slow."><![CDATA[4118:1:.btn[disabled].btn--warning {]]></error></testcase><testcase time="0" name="net.csslint.Disallowunqualifiedattributeselectors"><error message="Unqualified attribute selectors are known to be slow."><![CDATA[4132:1:.btn[disabled].btn--warning:hover,]]></error></testcase><testcase time="0" name="net.csslint.Disallowunqualifiedattributeselectors"><error message="Unqualified attribute selectors are known to be slow."><![CDATA[4136:1:.btn[disabled].btn--warning:focus {]]></error></testcase><testcase time="0" name="net.csslint.Disallowunqualifiedattributeselectors"><error message="Unqualified attribute selectors are known to be slow."><![CDATA[4147:1:.btn[disabled].btn--warning:hover,]]></error></testcase><testcase time="0" name="net.csslint.Disallowunqualifiedattributeselectors"><error message="Unqualified attribute selectors are known to be slow."><![CDATA[4151:1:.btn[disabled].btn--warning:focus {]]></error></testcase><testcase time="0" name="net.csslint.Disallowunqualifiedattributeselectors"><error message="Unqualified attribute selectors are known to be slow."><![CDATA[4160:1:.btn[disabled].btn--alert {]]></error></testcase><testcase time="0" name="net.csslint.Disallowunqualifiedattributeselectors"><error message="Unqualified attribute selectors are known to be slow."><![CDATA[4174:1:.btn[disabled].btn--alert:hover,]]></error></testcase><testcase time="0" name="net.csslint.Disallowunqualifiedattributeselectors"><error message="Unqualified attribute selectors are known to be slow."><![CDATA[4178:1:.btn[disabled].btn--alert:focus {]]></error></testcase><testcase time="0" name="net.csslint.Disallowunqualifiedattributeselectors"><error message="Unqualified attribute selectors are known to be slow."><![CDATA[4189:1:.btn[disabled].btn--alert:hover,]]></error></testcase><testcase time="0" name="net.csslint.Disallowunqualifiedattributeselectors"><error message="Unqualified attribute selectors are known to be slow."><![CDATA[4193:1:.btn[disabled].btn--alert:focus {]]></error></testcase><testcase time="0" name="net.csslint.Requirefallbackcolors"><error message="Fallback border-color (hex or RGB) should precede RGBA border-color."><![CDATA[4257:3:  border-color: rgba(17,17,17,0.1);]]></error></testcase><testcase time="0" name="net.csslint.Disallowduplicateproperties"><error message="Duplicate property 'margin' found."><![CDATA[4277:3:  margin: 0;]]></error></testcase><testcase time="0" name="net.csslint.Requirefallbackcolors"><error message="Fallback border-color (hex or RGB) should precede RGBA border-color."><![CDATA[4286:3:  border-color: rgba(17,17,17,0.1);]]></error></testcase><testcase time="0" name="net.csslint.Requirefallbackcolors"><error message="Fallback border-color (hex or RGB) should precede RGBA border-color."><![CDATA[4303:3:  border-color: rgba(17,17,17,0.1);]]></error></testcase><testcase time="0" name="net.csslint.Requirefallbackcolors"><error message="Fallback border-color (hex or RGB) should precede RGBA border-color."><![CDATA[4332:3:  border-color: rgba(17,17,17,0.1);]]></error></testcase><testcase time="0" name="net.csslint.Disallowduplicateproperties"><error message="Duplicate property 'margin' found."><![CDATA[4351:5:    margin: 0;]]></error></testcase><testcase time="0" name="net.csslint.Requirefallbackcolors"><error message="Fallback border-color (hex or RGB) should precede RGBA border-color."><![CDATA[4359:5:    border-color: rgba(17,17,17,0.1);]]></error></testcase><testcase time="0" name="net.csslint.Requirefallbackcolors"><error message="Fallback border-color (hex or RGB) should precede RGBA border-color."><![CDATA[4376:5:    border-color: rgba(17,17,17,0.1);]]></error></testcase><testcase time="0" name="net.csslint.Disallowuniversalselector"><error message="The universal selector (*) is known to be slow."><![CDATA[4394:22:.btn-group--radius &gt; * {]]></error></testcase><testcase time="0" name="net.csslint.Requirefallbackcolors"><error message="Fallback border-color (hex or RGB) should precede RGBA border-color."><![CDATA[4404:3:  border-color: rgba(17,17,17,0.1);]]></error></testcase><testcase time="0" name="net.csslint.Disallowuniversalselector"><error message="The universal selector (*) is known to be slow."><![CDATA[4420:22:.btn-group--radius &gt; *:first-child,]]></error></testcase><testcase time="0" name="net.csslint.Disallowuniversalselector"><error message="The universal selector (*) is known to be slow."><![CDATA[4432:22:.btn-group--radius &gt; *:last-child,]]></error></testcase><testcase time="0" name="net.csslint.Disallowuniversalselector"><error message="The universal selector (*) is known to be slow."><![CDATA[4444:39:.btn-group--radius.btn-group--stack &gt; * {]]></error></testcase><testcase time="0" name="net.csslint.Disallowduplicateproperties"><error message="Duplicate property 'margin' found."><![CDATA[4448:3:  margin: 0;]]></error></testcase><testcase time="0" name="net.csslint.Requirefallbackcolors"><error message="Fallback border-color (hex or RGB) should precede RGBA border-color."><![CDATA[4456:3:  border-color: rgba(17,17,17,0.1);]]></error></testcase><testcase time="0" name="net.csslint.Requirefallbackcolors"><error message="Fallback border-color (hex or RGB) should precede RGBA border-color."><![CDATA[4473:3:  border-color: rgba(17,17,17,0.1);]]></error></testcase><testcase time="0" name="net.csslint.Disallowuniversalselector"><error message="The universal selector (*) is known to be slow."><![CDATA[4492:39:.btn-group--radius.btn-group--stack &gt; *:first-child,]]></error></testcase><testcase time="0" name="net.csslint.Disallowuniversalselector"><error message="The universal selector (*) is known to be slow."><![CDATA[4504:39:.btn-group--radius.btn-group--stack &gt; *:last-child,]]></error></testcase><testcase time="0" name="net.csslint.Disallowuniversalselector"><error message="The universal selector (*) is known to be slow."><![CDATA[4519:51:  .btn-group--radius.btn-group--stack-for-small &gt; * {]]></error></testcase><testcase time="0" name="net.csslint.Requirefallbackcolors"><error message="Fallback border-color (hex or RGB) should precede RGBA border-color."><![CDATA[4529:5:    border-color: rgba(17,17,17,0.1);]]></error></testcase><testcase time="0" name="net.csslint.Disallowuniversalselector"><error message="The universal selector (*) is known to be slow."><![CDATA[4545:51:  .btn-group--radius.btn-group--stack-for-small &gt; *:first-child,]]></error></testcase><testcase time="0" name="net.csslint.Disallowuniversalselector"><error message="The universal selector (*) is known to be slow."><![CDATA[4557:51:  .btn-group--radius.btn-group--stack-for-small &gt; *:last-child,]]></error></testcase><testcase time="0" name="net.csslint.Disallowuniversalselector"><error message="The universal selector (*) is known to be slow."><![CDATA[4571:51:  .btn-group--radius.btn-group--stack-for-small &gt; * {]]></error></testcase><testcase time="0" name="net.csslint.Disallowduplicateproperties"><error message="Duplicate property 'margin' found."><![CDATA[4575:5:    margin: 0;]]></error></testcase><testcase time="0" name="net.csslint.Requirefallbackcolors"><error message="Fallback border-color (hex or RGB) should precede RGBA border-color."><![CDATA[4583:5:    border-color: rgba(17,17,17,0.1);]]></error></testcase><testcase time="0" name="net.csslint.Requirefallbackcolors"><error message="Fallback border-color (hex or RGB) should precede RGBA border-color."><![CDATA[4600:5:    border-color: rgba(17,17,17,0.1);]]></error></testcase><testcase time="0" name="net.csslint.Disallowuniversalselector"><error message="The universal selector (*) is known to be slow."><![CDATA[4619:51:  .btn-group--radius.btn-group--stack-for-small &gt; *:first-child,]]></error></testcase><testcase time="0" name="net.csslint.Disallowuniversalselector"><error message="The universal selector (*) is known to be slow."><![CDATA[4631:51:  .btn-group--radius.btn-group--stack-for-small &gt; *:last-child,]]></error></testcase><testcase time="0" name="net.csslint.Disallowuniversalselector"><error message="The universal selector (*) is known to be slow."><![CDATA[4644:21:.btn-group--round &gt; * {]]></error></testcase><testcase time="0" name="net.csslint.Requirefallbackcolors"><error message="Fallback border-color (hex or RGB) should precede RGBA border-color."><![CDATA[4654:3:  border-color: rgba(17,17,17,0.1);]]></error></testcase><testcase time="0" name="net.csslint.Disallowuniversalselector"><error message="The universal selector (*) is known to be slow."><![CDATA[4670:21:.btn-group--round &gt; *:first-child,]]></error></testcase><testcase time="0" name="net.csslint.Disallowuniversalselector"><error message="The universal selector (*) is known to be slow."><![CDATA[4682:21:.btn-group--round &gt; *:last-child,]]></error></testcase><testcase time="0" name="net.csslint.Disallowuniversalselector"><error message="The universal selector (*) is known to be slow."><![CDATA[4694:38:.btn-group--round.btn-group--stack &gt; * {]]></error></testcase><testcase time="0" name="net.csslint.Disallowduplicateproperties"><error message="Duplicate property 'margin' found."><![CDATA[4698:3:  margin: 0;]]></error></testcase><testcase time="0" name="net.csslint.Requirefallbackcolors"><error message="Fallback border-color (hex or RGB) should precede RGBA border-color."><![CDATA[4706:3:  border-color: rgba(17,17,17,0.1);]]></error></testcase><testcase time="0" name="net.csslint.Requirefallbackcolors"><error message="Fallback border-color (hex or RGB) should precede RGBA border-color."><![CDATA[4723:3:  border-color: rgba(17,17,17,0.1);]]></error></testcase><testcase time="0" name="net.csslint.Disallowuniversalselector"><error message="The universal selector (*) is known to be slow."><![CDATA[4742:38:.btn-group--round.btn-group--stack &gt; *:first-child,]]></error></testcase><testcase time="0" name="net.csslint.Disallowuniversalselector"><error message="The universal selector (*) is known to be slow."><![CDATA[4754:38:.btn-group--round.btn-group--stack &gt; *:last-child,]]></error></testcase><testcase time="0" name="net.csslint.Disallowuniversalselector"><error message="The universal selector (*) is known to be slow."><![CDATA[4769:50:  .btn-group--round.btn-group--stack-for-small &gt; * {]]></error></testcase><testcase time="0" name="net.csslint.Requirefallbackcolors"><error message="Fallback border-color (hex or RGB) should precede RGBA border-color."><![CDATA[4779:5:    border-color: rgba(17,17,17,0.1);]]></error></testcase><testcase time="0" name="net.csslint.Disallowuniversalselector"><error message="The universal selector (*) is known to be slow."><![CDATA[4795:50:  .btn-group--round.btn-group--stack-for-small &gt; *:first-child,]]></error></testcase><testcase time="0" name="net.csslint.Disallowuniversalselector"><error message="The universal selector (*) is known to be slow."><![CDATA[4807:50:  .btn-group--round.btn-group--stack-for-small &gt; *:last-child,]]></error></testcase><testcase time="0" name="net.csslint.Disallowuniversalselector"><error message="The universal selector (*) is known to be slow."><![CDATA[4821:50:  .btn-group--round.btn-group--stack-for-small &gt; * {]]></error></testcase><testcase time="0" name="net.csslint.Disallowduplicateproperties"><error message="Duplicate property 'margin' found."><![CDATA[4825:5:    margin: 0;]]></error></testcase><testcase time="0" name="net.csslint.Requirefallbackcolors"><error message="Fallback border-color (hex or RGB) should precede RGBA border-color."><![CDATA[4833:5:    border-color: rgba(17,17,17,0.1);]]></error></testcase><testcase time="0" name="net.csslint.Requirefallbackcolors"><error message="Fallback border-color (hex or RGB) should precede RGBA border-color."><![CDATA[4850:5:    border-color: rgba(17,17,17,0.1);]]></error></testcase><testcase time="0" name="net.csslint.Disallowuniversalselector"><error message="The universal selector (*) is known to be slow."><![CDATA[4869:50:  .btn-group--round.btn-group--stack-for-small &gt; *:first-child,]]></error></testcase><testcase time="0" name="net.csslint.Disallowuniversalselector"><error message="The universal selector (*) is known to be slow."><![CDATA[4881:50:  .btn-group--round.btn-group--stack-for-small &gt; *:last-child,]]></error></testcase><testcase time="0" name="net.csslint.Requirefallbackcolors"><error message="Fallback border-color (hex or RGB) should precede RGBA border-color."><![CDATA[4905:3:  border-color: rgba(17,17,17,0.1);]]></error></testcase><testcase time="0" name="net.csslint.Requirefallbackcolors"><error message="Fallback border-color (hex or RGB) should precede RGBA border-color."><![CDATA[4937:3:  border-color: rgba(17,17,17,0.1);]]></error></testcase><testcase time="0" name="net.csslint.Requirefallbackcolors"><error message="Fallback border-color (hex or RGB) should precede RGBA border-color."><![CDATA[4969:3:  border-color: rgba(17,17,17,0.1);]]></error></testcase><testcase time="0" name="net.csslint.Requirefallbackcolors"><error message="Fallback border-color (hex or RGB) should precede RGBA border-color."><![CDATA[5001:3:  border-color: rgba(17,17,17,0.1);]]></error></testcase><testcase time="0" name="net.csslint.Requirefallbackcolors"><error message="Fallback border-color (hex or RGB) should precede RGBA border-color."><![CDATA[5033:3:  border-color: rgba(17,17,17,0.1);]]></error></testcase><testcase time="0" name="net.csslint.Requirefallbackcolors"><error message="Fallback border-color (hex or RGB) should precede RGBA border-color."><![CDATA[5065:3:  border-color: rgba(17,17,17,0.1);]]></error></testcase><testcase time="0" name="net.csslint.Requirefallbackcolors"><error message="Fallback border-color (hex or RGB) should precede RGBA border-color."><![CDATA[5097:3:  border-color: rgba(17,17,17,0.1);]]></error></testcase><testcase time="0" name="net.csslint.Disallowunqualifiedattributeselectors"><error message="Unqualified attribute selectors are known to be slow."><![CDATA[5156:1:[data-clearing] {]]></error></testcase><testcase time="0" name="net.csslint.Disallowunqualifiedattributeselectors"><error message="Unqualified attribute selectors are known to be slow."><![CDATA[5165:1:[data-clearing]:before,]]></error></testcase><testcase time="0" name="net.csslint.Disallowunqualifiedattributeselectors"><error message="Unqualified attribute selectors are known to be slow."><![CDATA[5167:1:[data-clearing]:after {]]></error></testcase><testcase time="0" name="net.csslint.Disallowunqualifiedattributeselectors"><error message="Unqualified attribute selectors are known to be slow."><![CDATA[5175:1:[data-clearing]:after {]]></error></testcase><testcase time="0" name="net.csslint.Disallowselectorsthatlooklikeregexs"><error message="Attribute selectors with *= are slow!"><![CDATA[5189:17:.clearing-thumbs[class*='block-grid-'] li,]]></error></testcase><testcase time="0" name="net.csslint.Disallowselectorsthatlooklikeregexs"><error message="Attribute selectors with *= are slow!"><![CDATA[5190:16:[data-clearing][class*='block-grid-'] li {]]></error></testcase><testcase time="0" name="net.csslint.Disallowoverqualifiedelements"><error message="Element (li.clearing-featured-img) is overqualified, just use .clearing-featured-img without element name."><![CDATA[5327:19:.clearing-feature li.clearing-featured-img {]]></error></testcase><testcase time="0" name="net.csslint.Requirefallbackcolors"><error message="Fallback background (hex or RGB) should precede RGBA background."><![CDATA[5400:5:    background: rgba(51,51,51,0.8);]]></error></testcase><testcase time="0" name="net.csslint.Disallowoverqualifiedelements"><error message="Element (li.fix-height) is overqualified, just use .fix-height without element name."><![CDATA[5436:58:  .clearing-assembled .clearing-container .carousel &gt; ul li.fix-height img {]]></error></testcase><testcase time="0" name="net.csslint.Disallow!important"><error message="Use of !important"><![CDATA[5452:5:    cursor: pointer !important;]]></error></testcase><testcase time="0" name="net.csslint.Disallow!important"><error message="Use of !important"><![CDATA[5453:5:    width: 100% !important;]]></error></testcase><testcase time="0" name="net.csslint.Disallowoverqualifiedelements"><error message="Element (li.visible) is overqualified, just use .visible without element name."><![CDATA[5458:58:  .clearing-assembled .clearing-container .carousel &gt; ul li.visible {]]></error></testcase><testcase time="0" name="net.csslint.Disallowuniversalselector"><error message="The universal selector (*) is known to be slow."><![CDATA[5514:15:.f-dropdown &gt; *:first-child {]]></error></testcase><testcase time="0" name="net.csslint.Disallowuniversalselector"><error message="The universal selector (*) is known to be slow."><![CDATA[5520:15:.f-dropdown &gt; *:last-child {]]></error></testcase><testcase time="0" name="net.csslint.Disallowduplicateproperties"><error message="Duplicate property 'margin-left' found."><![CDATA[5596:3:  margin-left: 2px;]]></error></testcase><testcase time="0" name="net.csslint.Disallowuniversalselector"><error message="The universal selector (*) is known to be slow."><![CDATA[5602:27:.f-dropdown.drop--right &gt; *:first-child {]]></error></testcase><testcase time="0" name="net.csslint.Disallowuniversalselector"><error message="The universal selector (*) is known to be slow."><![CDATA[5608:27:.f-dropdown.drop--right &gt; *:last-child {]]></error></testcase><testcase time="0" name="net.csslint.Disallowduplicateproperties"><error message="Duplicate property 'margin-left' found."><![CDATA[5670:3:  margin-left: -2px;]]></error></testcase><testcase time="0" name="net.csslint.Disallowuniversalselector"><error message="The universal selector (*) is known to be slow."><![CDATA[5676:26:.f-dropdown.drop--left &gt; *:first-child {]]></error></testcase><testcase time="0" name="net.csslint.Disallowuniversalselector"><error message="The universal selector (*) is known to be slow."><![CDATA[5682:26:.f-dropdown.drop--left &gt; *:last-child {]]></error></testcase><testcase time="0" name="net.csslint.Disallowduplicateproperties"><error message="Duplicate property 'margin-left' found."><![CDATA[5746:3:  margin-left: 0;]]></error></testcase><testcase time="0" name="net.csslint.Disallowuniversalselector"><error message="The universal selector (*) is known to be slow."><![CDATA[5752:25:.f-dropdown.drop--top &gt; *:first-child {]]></error></testcase><testcase time="0" name="net.csslint.Disallowuniversalselector"><error message="The universal selector (*) is known to be slow."><![CDATA[5758:25:.f-dropdown.drop--top &gt; *:last-child {]]></error></testcase><testcase time="0" name="net.csslint.Disallowoverqualifiedelements"><error message="Element (a.is-selected) is overqualified, just use .is-selected without element name."><![CDATA[5867:20:.f-dropdown &gt; li &gt; a.is-selected {]]></error></testcase><testcase time="0" name="net.csslint.Disallowuniversalselector"><error message="The universal selector (*) is known to be slow."><![CDATA[5891:23:.f-dropdown.content &gt; *:first-child {]]></error></testcase><testcase time="0" name="net.csslint.Disallowuniversalselector"><error message="The universal selector (*) is known to be slow."><![CDATA[5897:23:.f-dropdown.content &gt; *:last-child {]]></error></testcase><testcase time="0" name="net.csslint.Disallow!important"><error message="Use of !important"><![CDATA[5940:3:  width: 100% !important;]]></error></testcase><testcase time="0" name="net.csslint.Disallow!important"><error message="Use of !important"><![CDATA[5941:3:  max-width: 100% !important;]]></error></testcase><testcase time="0" name="net.csslint.Disallow!important"><error message="Use of !important"><![CDATA[5947:3:  left: 0 !important;]]></error></testcase><testcase time="0" name="net.csslint.Disallowoutline:none"><error message="Outlines should only be modified using :focus."><![CDATA[5960:1:.btn--dropdown,]]></error></testcase><testcase time="0" name="net.csslint.Disallowduplicatebackgroundimages"><error message="Background image 'data:image/svg+xml;base64,PHN2ZyB2ZXJzaW9uPSIxLjEiIGlkPSJMYXllcl8xIiB4bWxucz0iaHR0cDovL3d3dy53My5vcmcvMjAwMC9zdmciIHhtbG5zOnhsaW5rPSJodHRwOi8vd3d3LnczLm9yZy8xOTk5L3hsaW5rIiB4PSIwcHgiIHk9IjBweCIgd2lkdGg9IjY0cHgiIGhlaWdodD0iNjRweCIgdmlld0JveD0iMCAwIDY0IDY0IiBlbmFibGUtYmFja2dyb3VuZD0ibmV3IDAgMCA2NCA2NCIgeG1sOnNwYWNlPSJwcmVzZXJ2ZSI+CjxnIGZpbGw9Im5vbmUiIHN0cm9rZT0iIzAwMDAwMCIgc3Ryb2tlLXdpZHRoPSIyIj4KPHBvbHlsaW5lIHN0cm9rZS1saW5lam9pbj0iYmV2ZWwiIHN0cm9rZS1taXRlcmxpbWl0PSIxMCIgcG9pbnRzPSIxNSwyNCAzMiw0MSANCgkJNDksMjQgCSIgZmlsbD0ibm9uZSIgc3Ryb2tlPSIjZmZmIiBzdHJva2Utd2lkdGg9IjUiLz4KPC9nPgo8L3N2Zz4=' was used multiple times, first declared at line 3935, col 3."><![CDATA[5971:3:  background-image: url('data:image/svg+xml;base64,PHN2ZyB2ZXJzaW9uPSIxLjEiIGlkPSJMYXllcl8xIiB4bWxucz0iaHR0cDovL3d3dy53My5vcmcvMjAwMC9zdmciIHhtbG5zOnhsaW5rPSJodHRwOi8vd3d3LnczLm9yZy8xOTk5L3hsaW5rIiB4PSIwcHgiIHk9IjBweCIgd2lkdGg9IjY0cHgiIGhlaWdodD0iNjRweCIgdmlld0JveD0iMCAwIDY0IDY0IiBlbmFibGUtYmFja2dyb3VuZD0ibmV3IDAgMCA2NCA2NCIgeG1sOnNwYWNlPSJwcmVzZXJ2ZSI+CjxnIGZpbGw9Im5vbmUiIHN0cm9rZT0iIzAwMDAwMCIgc3Ryb2tlLXdpZHRoPSIyIj4KPHBvbHlsaW5lIHN0cm9rZS1saW5lam9pbj0iYmV2ZWwiIHN0cm9rZS1taXRlcmxpbWl0PSIxMCIgcG9pbnRzPSIxNSwyNCAzMiw0MSANCgkJNDksMjQgCSIgZmlsbD0ibm9uZSIgc3Ryb2tlPSIjZmZmIiBzdHJva2Utd2lkdGg9IjUiLz4KPC9nPgo8L3N2Zz4=');]]></error></testcase><testcase time="0" name="net.csslint.Disallowduplicatebackgroundimages"><error message="Background image 'data:image/svg+xml;base64,PHN2ZyB2ZXJzaW9uPSIxLjEiIGlkPSJMYXllcl8xIiB4bWxucz0iaHR0cDovL3d3dy53My5vcmcvMjAwMC9zdmciIHhtbG5zOnhsaW5rPSJodHRwOi8vd3d3LnczLm9yZy8xOTk5L3hsaW5rIiB4PSIwcHgiIHk9IjBweCIgd2lkdGg9IjY0cHgiIGhlaWdodD0iNjRweCIgdmlld0JveD0iMCAwIDY0IDY0IiBlbmFibGUtYmFja2dyb3VuZD0ibmV3IDAgMCA2NCA2NCIgeG1sOnNwYWNlPSJwcmVzZXJ2ZSI+CjxnIGZpbGw9Im5vbmUiIHN0cm9rZT0iIzAwMDAwMCIgc3Ryb2tlLXdpZHRoPSIyIj4KPHBvbHlsaW5lIHN0cm9rZS1saW5lam9pbj0iYmV2ZWwiIHN0cm9rZS1taXRlcmxpbWl0PSIxMCIgcG9pbnRzPSIxNSwyNCAzMiw0MSANCgkJNDksMjQgCSIgZmlsbD0ibm9uZSIgc3Ryb2tlPSIjZmZmIiBzdHJva2Utd2lkdGg9IjUiLz4KPC9nPgo8L3N2Zz4=' was used multiple times, first declared at line 3935, col 3."><![CDATA[5983:3:  background-image: url('data:image/svg+xml;base64,PHN2ZyB2ZXJzaW9uPSIxLjEiIGlkPSJMYXllcl8xIiB4bWxucz0iaHR0cDovL3d3dy53My5vcmcvMjAwMC9zdmciIHhtbG5zOnhsaW5rPSJodHRwOi8vd3d3LnczLm9yZy8xOTk5L3hsaW5rIiB4PSIwcHgiIHk9IjBweCIgd2lkdGg9IjY0cHgiIGhlaWdodD0iNjRweCIgdmlld0JveD0iMCAwIDY0IDY0IiBlbmFibGUtYmFja2dyb3VuZD0ibmV3IDAgMCA2NCA2NCIgeG1sOnNwYWNlPSJwcmVzZXJ2ZSI+CjxnIGZpbGw9Im5vbmUiIHN0cm9rZT0iIzAwMDAwMCIgc3Ryb2tlLXdpZHRoPSIyIj4KPHBvbHlsaW5lIHN0cm9rZS1saW5lam9pbj0iYmV2ZWwiIHN0cm9rZS1taXRlcmxpbWl0PSIxMCIgcG9pbnRzPSIxNSwyNCAzMiw0MSANCgkJNDksMjQgCSIgZmlsbD0ibm9uZSIgc3Ryb2tlPSIjZmZmIiBzdHJva2Utd2lkdGg9IjUiLz4KPC9nPgo8L3N2Zz4=');]]></error></testcase><testcase time="0" name="net.csslint.Disallowoverqualifiedelements"><error message="Element (button.dropdown--secondary:after) is overqualified, just use .dropdown--secondary without element name."><![CDATA[6106:1:button.dropdown--secondary:after {]]></error></testcase><testcase time="0" name="net.csslint.Disallow!important"><error message="Use of !important"><![CDATA[6247:3:  float: none !important;]]></error></testcase><testcase time="0" name="net.csslint.Disallowoverqualifiedelements"><error message="Element (label.inline) is overqualified, just use .inline without element name."><![CDATA[6253:1:label.inline {]]></error></testcase><testcase time="0" name="net.csslint.Requireshorthandproperties"><error message="The properties padding-top, padding-bottom, padding-left, padding-right can be replaced by padding."><![CDATA[6299:1:.postfix.btn {]]></error></testcase><testcase time="0" name="net.csslint.Requireshorthandproperties"><error message="The properties padding-top, padding-bottom, padding-left, padding-right can be replaced by padding."><![CDATA[6310:1:.prefix.btn {]]></error></testcase><testcase time="0" name="net.csslint.Requirecompatiblevendorprefixes"><error message="The property -moz-appearance is compatible with -webkit-appearance and should be included as well."><![CDATA[6392:3:  -webkit-appearance: none;]]></error></testcase><testcase time="0" name="net.csslint.Requirestandardpropertywithvendorprefix"><error message="Missing standard property 'border-radius' to go along with '-webkit-border-radius'."><![CDATA[6393:3:  -webkit-border-radius: 0;]]></error></testcase><testcase time="0" name="net.csslint.Disallowuseofbox-sizing"><error message="The box-sizing property isn't supported in IE6 and IE7."><![CDATA[6411:3:  box-sizing: border-box;]]></error></testcase><testcase time="0" name="net.csslint.Disallowuseofbox-sizing"><error message="The box-sizing property isn't supported in IE6 and IE7."><![CDATA[6590:3:  box-sizing: border-box;]]></error></testcase><testcase time="0" name="net.csslint.Disallowduplicateproperties"><error message="Duplicate property 'height' found."><![CDATA[6592:3:  height: auto;]]></error></testcase><testcase time="0" name="net.csslint.Requirecompatiblevendorprefixes"><error message="The property -moz-appearance is compatible with -webkit-appearance and should be included as well."><![CDATA[6733:3:  -webkit-appearance: none;]]></error></testcase><testcase time="0" name="net.csslint.Requirestandardpropertywithvendorprefix"><error message="Missing standard property 'border-radius' to go along with '-webkit-border-radius'."><![CDATA[6734:3:  -webkit-border-radius: 0;]]></error></testcase><testcase time="0" name="net.csslint.Disallow!important"><error message="Use of !important"><![CDATA[6754:3:  -webkit-appearance: none !important;]]></error></testcase><testcase time="0" name="net.csslint.Requirecompatiblevendorprefixes"><error message="The property -moz-appearance is compatible with -webkit-appearance and should be included as well."><![CDATA[6754:3:  -webkit-appearance: none !important;]]></error></testcase><testcase time="0" name="net.csslint.Disallowunitsfor0values"><error message="Values of 0 shouldn't have units specified."><![CDATA[6922:9:  left: 0px;]]></error></testcase><testcase time="0" name="net.csslint.Disallowunitsfor0values"><error message="Values of 0 shouldn't have units specified."><![CDATA[7051:9:  left: 0px;]]></error></testcase><testcase time="0" name="net.csslint.Requirefallbackcolors"><error message="Fallback background-color (hex or RGB) should precede RGBA background-color."><![CDATA[7077:3:  background-color: rgba(17,17,17,0.25);]]></error></testcase><testcase time="0" name="net.csslint.Requirefallbackcolors"><error message="Fallback border (hex or RGB) should precede RGBA border."><![CDATA[7078:3:  border: 2px solid rgba(17,17,17,0.25);]]></error></testcase><testcase time="0" name="net.csslint.Requirefallbackcolors"><error message="Fallback border-top-color (hex or RGB) should precede RGBA border-top-color."><![CDATA[7079:3:  border-top-color: rgba(16,16,16,0.25);]]></error></testcase><testcase time="0" name="net.csslint.Requirefallbackcolors"><error message="Fallback background-color (hex or RGB) should precede RGBA background-color."><![CDATA[7094:3:  background-color: rgba(255,255,255,0.25);]]></error></testcase><testcase time="0" name="net.csslint.Requirefallbackcolors"><error message="Fallback background-color (hex or RGB) should precede RGBA background-color."><![CDATA[7233:3:  background-color: rgba(240,144,96,0.1);]]></error></testcase><testcase time="0" name="net.csslint.Requirepropertiesappropriatefordisplay"><error message="margin can't be used with display: inline."><![CDATA[7296:3:  margin: 0;]]></error></testcase><testcase time="0" name="net.csslint.Disallowoverqualifiedelements"><error message="Element (span.error-message) is overqualified, just use .error-message without element name."><![CDATA[7316:8:.error span.error-message {]]></error></testcase><testcase time="0" name="net.csslint.Disallowuniversalselector"><error message="The universal selector (*) is known to be slow."><![CDATA[7353:13:.icon-bar &gt; * {]]></error></testcase><testcase time="0" name="net.csslint.Disallowuniversalselector"><error message="The universal selector (*) is known to be slow."><![CDATA[7364:32:html.no-cssremunit .icon-bar &gt; * {]]></error></testcase><testcase time="0" name="net.csslint.Disallowuniversalselector"><error message="The universal selector (*) is known to be slow."><![CDATA[7370:29:html.cssremunit .icon-bar &gt; * {]]></error></testcase><testcase time="0" name="net.csslint.Disallowuniversalselector"><error message="The universal selector (*) is known to be slow."><![CDATA[7444:45:.icon-bar--vertical.icon-bar--label-right &gt; * {]]></error></testcase><testcase time="0" name="net.csslint.Disallowuniversalselector"><error message="The universal selector (*) is known to be slow."><![CDATA[7505:13:.icon-bar &gt; * {]]></error></testcase><testcase time="0" name="net.csslint.Disallowuniversalselector"><error message="The universal selector (*) is known to be slow."><![CDATA[7511:32:html.no-cssremunit .icon-bar &gt; * {]]></error></testcase><testcase time="0" name="net.csslint.Disallowuniversalselector"><error message="The universal selector (*) is known to be slow."><![CDATA[7517:29:html.cssremunit .icon-bar &gt; * {]]></error></testcase><testcase time="0" name="net.csslint.Disallowuniversalselector"><error message="The universal selector (*) is known to be slow."><![CDATA[7790:21:.inline-list &gt; li &gt; * {]]></error></testcase><testcase time="0" name="net.csslint.Disallow!important"><error message="Use of !important"><![CDATA[7841:3:  margin-bottom: 0 !important;]]></error></testcase><testcase time="0" name="net.csslint.Disallow!important"><error message="Use of !important"><![CDATA[7868:3:  border-top-color: transparent !important;]]></error></testcase><testcase time="0" name="net.csslint.Disallow!important"><error message="Use of !important"><![CDATA[7869:3:  border-left-color: transparent !important;]]></error></testcase><testcase time="0" name="net.csslint.Disallow!important"><error message="Use of !important"><![CDATA[7870:3:  border-right-color: transparent !important;]]></error></testcase><testcase time="0" name="net.csslint.Disallow!important"><error message="Use of !important"><![CDATA[7878:3:  border-color: #333 !important;]]></error></testcase><testcase time="0" name="net.csslint.Disallow!important"><error message="Use of !important"><![CDATA[7879:3:  border-bottom-color: transparent !important;]]></error></testcase><testcase time="0" name="net.csslint.Disallow!important"><error message="Use of !important"><![CDATA[7880:3:  border-left-color: transparent !important;]]></error></testcase><testcase time="0" name="net.csslint.Disallow!important"><error message="Use of !important"><![CDATA[7881:3:  border-right-color: transparent !important;]]></error></testcase><testcase time="0" name="net.csslint.Headingsshouldonlybedefinedonce"><error message="Heading (h1) has already been defined."><![CDATA[7899:20:.joyride-tip-guide h1,]]></error></testcase><testcase time="0" name="net.csslint.Disallow!important"><error message="Use of !important"><![CDATA[7956:3:  color: #777 !important;]]></error></testcase><testcase time="0" name="net.csslint.Disallow!important"><error message="Use of !important"><![CDATA[7960:3:  line-height: 0.5 !important;]]></error></testcase><testcase time="0" name="net.csslint.Disallow!important"><error message="Use of !important"><![CDATA[7967:3:  color: #eee !important;]]></error></testcase><testcase time="0" name="net.csslint.Requirefallbackcolors"><error message="Fallback background (hex or RGB) should precede RGBA background."><![CDATA[7977:3:  background: rgba(0,0,0,0.5);]]></error></testcase><testcase time="0" name="net.csslint.Disallow!important"><error message="Use of !important"><![CDATA[8019:5:    border-color: #333 !important;]]></error></testcase><testcase time="0" name="net.csslint.Disallow!important"><error message="Use of !important"><![CDATA[8020:5:    border-bottom-color: transparent !important;]]></error></testcase><testcase time="0" name="net.csslint.Disallow!important"><error message="Use of !important"><![CDATA[8021:5:    border-left-color: transparent !important;]]></error></testcase><testcase time="0" name="net.csslint.Disallow!important"><error message="Use of !important"><![CDATA[8022:5:    border-right-color: transparent !important;]]></error></testcase><testcase time="0" name="net.csslint.Disallow!important"><error message="Use of !important"><![CDATA[8029:5:    border-color: #333 !important;]]></error></testcase><testcase time="0" name="net.csslint.Disallow!important"><error message="Use of !important"><![CDATA[8030:5:    border-top-color: transparent !important;]]></error></testcase><testcase time="0" name="net.csslint.Disallow!important"><error message="Use of !important"><![CDATA[8031:5:    border-right-color: transparent !important;]]></error></testcase><testcase time="0" name="net.csslint.Disallow!important"><error message="Use of !important"><![CDATA[8032:5:    border-bottom-color: transparent !important;]]></error></testcase><testcase time="0" name="net.csslint.Disallow!important"><error message="Use of !important"><![CDATA[8041:5:    border-color: #333 !important;]]></error></testcase><testcase time="0" name="net.csslint.Disallow!important"><error message="Use of !important"><![CDATA[8042:5:    border-top-color: transparent !important;]]></error></testcase><testcase time="0" name="net.csslint.Disallow!important"><error message="Use of !important"><![CDATA[8043:5:    border-left-color: transparent !important;]]></error></testcase><testcase time="0" name="net.csslint.Disallow!important"><error message="Use of !important"><![CDATA[8044:5:    border-bottom-color: transparent !important;]]></error></testcase><testcase time="0" name="net.csslint.Disallowunqualifiedattributeselectors"><error message="Unqualified attribute selectors are known to be slow."><![CDATA[8325:1:[data-magellan-expedition],]]></error></testcase><testcase time="0" name="net.csslint.Disallowunqualifiedattributeselectors"><error message="Unqualified attribute selectors are known to be slow."><![CDATA[8326:1:[data-magellan-expedition-clone] {]]></error></testcase><testcase time="0" name="net.csslint.Disallow!important"><error message="Use of !important"><![CDATA[8330:3:  padding: 0 !important;]]></error></testcase><testcase time="0" name="net.csslint.Requirestandardpropertywithvendorprefix"><error message="Missing standard property 'transform' to go along with '-webkit-transform'."><![CDATA[8367:5:    -webkit-transform: rotate(0deg);]]></error></testcase><testcase time="0" name="net.csslint.Requirestandardpropertywithvendorprefix"><error message="Missing standard property 'transform' to go along with '-webkit-transform'."><![CDATA[8372:5:    -webkit-transform: rotate(360deg);]]></error></testcase><testcase time="0" name="net.csslint.Requirestandardpropertywithvendorprefix"><error message="Missing standard property 'transform' to go along with '-moz-transform'."><![CDATA[8381:5:    -moz-transform: rotate(0deg);]]></error></testcase><testcase time="0" name="net.csslint.Requirestandardpropertywithvendorprefix"><error message="Missing standard property 'transform' to go along with '-moz-transform'."><![CDATA[8386:5:    -moz-transform: rotate(360deg);]]></error></testcase><testcase time="0" name="net.csslint.Requirestandardpropertywithvendorprefix"><error message="Missing standard property 'transform' to go along with '-o-transform'."><![CDATA[8395:5:    -o-transform: rotate(0deg);]]></error></testcase><testcase time="0" name="net.csslint.Requirestandardpropertywithvendorprefix"><error message="Missing standard property 'transform' to go along with '-o-transform'."><![CDATA[8400:5:    -o-transform: rotate(360deg);]]></error></testcase><testcase time="0" name="net.csslint.Requirecompatiblevendorprefixes"><error message="The property -moz-transform is compatible with -webkit-transform and should be included as well."><![CDATA[8490:3:  -webkit-transform: translateZ(0);]]></error></testcase><testcase time="0" name="net.csslint.Requirestandardpropertywithvendorprefix"><error message="Missing standard property 'transform' to go along with '-webkit-transform'."><![CDATA[8490:3:  -webkit-transform: translateZ(0);]]></error></testcase><testcase time="0" name="net.csslint.Requirecompatiblevendorprefixes"><error message="The property -o-transform is compatible with -webkit-transform and should be included as well."><![CDATA[8490:3:  -webkit-transform: translateZ(0);]]></error></testcase><testcase time="0" name="net.csslint.Requirecompatiblevendorprefixes"><error message="The property -ms-transform is compatible with -webkit-transform and should be included as well."><![CDATA[8490:3:  -webkit-transform: translateZ(0);]]></error></testcase><testcase time="0" name="net.csslint.Disallowuniversalselector"><error message="The universal selector (*) is known to be slow."><![CDATA[8502:44:.orbit-container .orbit-slides-container &gt; * {]]></error></testcase><testcase time="0" name="net.csslint.Disallowuniversalselector"><error message="The universal selector (*) is known to be slow."><![CDATA[8511:44:.orbit-container .orbit-slides-container &gt; *:first-child {]]></error></testcase><testcase time="0" name="net.csslint.Disallowunitsfor0values"><error message="Values of 0 shouldn't have units specified."><![CDATA[8512:16:  margin-left: 0%;]]></error></testcase><testcase time="0" name="net.csslint.Requirefallbackcolors"><error message="Fallback background-color (hex or RGB) should precede RGBA background-color."><![CDATA[8520:3:  background-color: rgba(51,51,51,0.8);]]></error></testcase><testcase time="0" name="net.csslint.Requirefallbackcolors"><error message="Fallback background (hex or RGB) should precede RGBA background."><![CDATA[8546:3:  background: rgba(0,0,0,0);]]></error></testcase><testcase time="0" name="net.csslint.Requirefallbackcolors"><error message="Fallback background-color (hex or RGB) should precede RGBA background-color."><![CDATA[8572:3:  background-color: rgba(255,255,255,0.3);]]></error></testcase><testcase time="0" name="net.csslint.Disallowunitsfor0values"><error message="Values of 0 shouldn't have units specified."><![CDATA[8574:10:  width: 0%;]]></error></testcase><testcase time="0" name="net.csslint.Disallowunitsfor0values"><error message="Values of 0 shouldn't have units specified."><![CDATA[8585:8:  top: 0px;]]></error></testcase><testcase time="0" name="net.csslint.Disallowunitsfor0values"><error message="Values of 0 shouldn't have units specified."><![CDATA[8600:8:  top: 0px;]]></error></testcase><testcase time="0" name="net.csslint.Disallowoverqualifiedelements"><error message="Element (span.dark) is overqualified, just use .dark without element name."><![CDATA[8611:40:.orbit-container .orbit-timer.paused &gt; span.dark {]]></error></testcase><testcase time="0" name="net.csslint.Disallow!important"><error message="Use of !important"><![CDATA[8633:3:  text-indent: -9999px !important;]]></error></testcase><testcase time="0" name="net.csslint.Disallownegativetext-indent"><error message="Negative text-indent doesn't work well with RTL. If you use text-indent for image replacement explicitly set direction for that item to ltr."><![CDATA[8633:3:  text-indent: -9999px !important;]]></error></testcase><testcase time="0" name="net.csslint.Requirefallbackcolors"><error message="Fallback background-color (hex or RGB) should precede RGBA background-color."><![CDATA[8641:3:  background-color: rgba(0,0,0,0.3);]]></error></testcase><testcase time="0" name="net.csslint.Disallow!important"><error message="Use of !important"><![CDATA[8784:5:    height: auto !important;]]></error></testcase><testcase time="0" name="net.csslint.Disallowuniversalselector"><error message="The universal selector (*) is known to be slow."><![CDATA[8789:51:  .orbit-stack-on-small .orbit-slides-container &gt; * {]]></error></testcase><testcase time="0" name="net.csslint.Disallow!important"><error message="Use of !important"><![CDATA[8791:5:    margin: 0% !important;]]></error></testcase><testcase time="0" name="net.csslint.Disallowunitsfor0values"><error message="Values of 0 shouldn't have units specified."><![CDATA[8791:13:    margin: 0% !important;]]></error></testcase><testcase time="0" name="net.csslint.Disallow!important"><error message="Use of !important"><![CDATA[8792:5:    opacity: 1 !important;]]></error></testcase><testcase time="0" name="net.csslint.Requirefallbackcolors"><error message="Fallback border (hex or RGB) should precede RGBA border."><![CDATA[8926:3:  border: 1px solid rgba(17,17,17,0.1);]]></error></testcase><testcase time="0" name="net.csslint.Requirefallbackcolors"><error message="Fallback border-color (hex or RGB) should precede RGBA border-color."><![CDATA[8991:3:  border-color: rgba(17,17,17,0.1);]]></error></testcase><testcase time="0" name="net.csslint.Disallownegativetext-indent"><error message="Negative text-indent doesn't work well with RTL. If you use text-indent for image replacement explicitly set direction for that item to ltr."><![CDATA[9025:3:  text-indent: -9999em;]]></error></testcase><testcase time="0" name="net.csslint.Headingsshouldonlybedefinedonce"><error message="Heading (h1) has already been defined."><![CDATA[9138:8:.panel h1,]]></error></testcase><testcase time="0" name="net.csslint.Headingsshouldonlybedefinedonce"><error message="Heading (h2) has already been defined."><![CDATA[9139:8:.panel h2,]]></error></testcase><testcase time="0" name="net.csslint.Headingsshouldonlybedefinedonce"><error message="Heading (h3) has already been defined."><![CDATA[9140:8:.panel h3,]]></error></testcase><testcase time="0" name="net.csslint.Headingsshouldonlybedefinedonce"><error message="Heading (h4) has already been defined."><![CDATA[9141:8:.panel h4,]]></error></testcase><testcase time="0" name="net.csslint.Headingsshouldonlybedefinedonce"><error message="Heading (h5) has already been defined."><![CDATA[9142:8:.panel h5,]]></error></testcase><testcase time="0" name="net.csslint.Headingsshouldonlybedefinedonce"><error message="Heading (h6) has already been defined."><![CDATA[9143:8:.panel h6,]]></error></testcase><testcase time="0" name="net.csslint.Headingsshouldonlybedefinedonce"><error message="Heading (h1) has already been defined."><![CDATA[9152:8:.panel h1,]]></error></testcase><testcase time="0" name="net.csslint.Headingsshouldonlybedefinedonce"><error message="Heading (h2) has already been defined."><![CDATA[9153:8:.panel h2,]]></error></testcase><testcase time="0" name="net.csslint.Headingsshouldonlybedefinedonce"><error message="Heading (h3) has already been defined."><![CDATA[9154:8:.panel h3,]]></error></testcase><testcase time="0" name="net.csslint.Headingsshouldonlybedefinedonce"><error message="Heading (h4) has already been defined."><![CDATA[9155:8:.panel h4,]]></error></testcase><testcase time="0" name="net.csslint.Headingsshouldonlybedefinedonce"><error message="Heading (h5) has already been defined."><![CDATA[9156:8:.panel h5,]]></error></testcase><testcase time="0" name="net.csslint.Headingsshouldonlybedefinedonce"><error message="Heading (h6) has already been defined."><![CDATA[9157:8:.panel h6 {]]></error></testcase><testcase time="0" name="net.csslint.Headingsshouldonlybedefinedonce"><error message="Heading (h1) has already been defined."><![CDATA[9164:8:.panel h1.subheader,]]></error></testcase><testcase time="0" name="net.csslint.Headingsshouldonlybedefinedonce"><error message="Heading (h2) has already been defined."><![CDATA[9165:8:.panel h2.subheader,]]></error></testcase><testcase time="0" name="net.csslint.Headingsshouldonlybedefinedonce"><error message="Heading (h3) has already been defined."><![CDATA[9166:8:.panel h3.subheader,]]></error></testcase><testcase time="0" name="net.csslint.Headingsshouldonlybedefinedonce"><error message="Heading (h4) has already been defined."><![CDATA[9167:8:.panel h4.subheader,]]></error></testcase><testcase time="0" name="net.csslint.Headingsshouldonlybedefinedonce"><error message="Heading (h5) has already been defined."><![CDATA[9168:8:.panel h5.subheader,]]></error></testcase><testcase time="0" name="net.csslint.Headingsshouldonlybedefinedonce"><error message="Heading (h6) has already been defined."><![CDATA[9169:8:.panel h6.subheader {]]></error></testcase><testcase time="0" name="net.csslint.Headingsshouldonlybedefinedonce"><error message="Heading (h1) has already been defined."><![CDATA[9199:17:.panel--callout h1,]]></error></testcase><testcase time="0" name="net.csslint.Headingsshouldonlybedefinedonce"><error message="Heading (h2) has already been defined."><![CDATA[9200:17:.panel--callout h2,]]></error></testcase><testcase time="0" name="net.csslint.Headingsshouldonlybedefinedonce"><error message="Heading (h3) has already been defined."><![CDATA[9201:17:.panel--callout h3,]]></error></testcase><testcase time="0" name="net.csslint.Headingsshouldonlybedefinedonce"><error message="Heading (h4) has already been defined."><![CDATA[9202:17:.panel--callout h4,]]></error></testcase><testcase time="0" name="net.csslint.Headingsshouldonlybedefinedonce"><error message="Heading (h5) has already been defined."><![CDATA[9203:17:.panel--callout h5,]]></error></testcase><testcase time="0" name="net.csslint.Headingsshouldonlybedefinedonce"><error message="Heading (h6) has already been defined."><![CDATA[9204:17:.panel--callout h6,]]></error></testcase><testcase time="0" name="net.csslint.Headingsshouldonlybedefinedonce"><error message="Heading (h1) has already been defined."><![CDATA[9213:17:.panel--callout h1,]]></error></testcase><testcase time="0" name="net.csslint.Headingsshouldonlybedefinedonce"><error message="Heading (h2) has already been defined."><![CDATA[9214:17:.panel--callout h2,]]></error></testcase><testcase time="0" name="net.csslint.Headingsshouldonlybedefinedonce"><error message="Heading (h3) has already been defined."><![CDATA[9215:17:.panel--callout h3,]]></error></testcase><testcase time="0" name="net.csslint.Headingsshouldonlybedefinedonce"><error message="Heading (h4) has already been defined."><![CDATA[9216:17:.panel--callout h4,]]></error></testcase><testcase time="0" name="net.csslint.Headingsshouldonlybedefinedonce"><error message="Heading (h5) has already been defined."><![CDATA[9217:17:.panel--callout h5,]]></error></testcase><testcase time="0" name="net.csslint.Headingsshouldonlybedefinedonce"><error message="Heading (h6) has already been defined."><![CDATA[9218:17:.panel--callout h6 {]]></error></testcase><testcase time="0" name="net.csslint.Headingsshouldonlybedefinedonce"><error message="Heading (h1) has already been defined."><![CDATA[9225:17:.panel--callout h1.subheader,]]></error></testcase><testcase time="0" name="net.csslint.Headingsshouldonlybedefinedonce"><error message="Heading (h2) has already been defined."><![CDATA[9226:17:.panel--callout h2.subheader,]]></error></testcase><testcase time="0" name="net.csslint.Headingsshouldonlybedefinedonce"><error message="Heading (h3) has already been defined."><![CDATA[9227:17:.panel--callout h3.subheader,]]></error></testcase><testcase time="0" name="net.csslint.Headingsshouldonlybedefinedonce"><error message="Heading (h4) has already been defined."><![CDATA[9228:17:.panel--callout h4.subheader,]]></error></testcase><testcase time="0" name="net.csslint.Headingsshouldonlybedefinedonce"><error message="Heading (h5) has already been defined."><![CDATA[9229:17:.panel--callout h5.subheader,]]></error></testcase><testcase time="0" name="net.csslint.Headingsshouldonlybedefinedonce"><error message="Heading (h6) has already been defined."><![CDATA[9230:17:.panel--callout h6.subheader {]]></error></testcase><testcase time="0" name="net.csslint.Disallowuniversalselector"><error message="The universal selector (*) is known to be slow."><![CDATA[9271:16:.pricing-table * {]]></error></testcase><testcase time="0" name="net.csslint.Disallowduplicateproperties"><error message="Duplicate property 'display' found."><![CDATA[9588:3:  display: inline-block;]]></error></testcase><testcase time="0" name="net.csslint.Disallowduplicateproperties"><error message="Duplicate property 'width' found."><![CDATA[9589:3:  width: 0.6rem;]]></error></testcase><testcase time="0" name="net.csslint.Disallowduplicateproperties"><error message="Duplicate property 'height' found."><![CDATA[9590:3:  height: 20rem;]]></error></testcase><testcase time="0" name="net.csslint.Disallowunqualifiedattributeselectors"><error message="Unqualified attribute selectors are known to be slow."><![CDATA[9655:1:.range-slider[disabled] {]]></error></testcase><testcase time="0" name="net.csslint.Disallowduplicateproperties"><error message="Duplicate property 'left' found."><![CDATA[9764:3:  left: 0;]]></error></testcase><testcase time="0" name="net.csslint.Disallowduplicateproperties"><error message="Duplicate property 'padding' found."><![CDATA[9784:3:  padding: 3rem;]]></error></testcase><testcase time="0" name="net.csslint.Disallow!important"><error message="Use of !important"><![CDATA[9944:3:  max-width: none !important;]]></error></testcase><testcase time="0" name="net.csslint.Disallow!important"><error message="Use of !important"><![CDATA[9945:3:  margin-left: 0 !important;]]></error></testcase><testcase time="0" name="net.csslint.Disallowduplicateproperties"><error message="Duplicate property 'left' found."><![CDATA[10007:3:  left: 0;]]></error></testcase><testcase time="0" name="net.csslint.Disallow!important"><error message="Use of !important"><![CDATA[10022:5:    background: #fff !important;]]></error></testcase><testcase time="0" name="net.csslint.Requirefallbackcolors"><error message="Fallback background (hex or RGB) should precede RGBA background."><![CDATA[10488:3:  background: rgba(0,0,0,0.025);]]></error></testcase><testcase time="0" name="net.csslint.Disallowduplicatebackgroundimages"><error message="Background image 'data:image/svg+xml;base64,PHN2ZyB2ZXJzaW9uPSIxLjEiIGlkPSJMYXllcl8xIiB4bWxucz0iaHR0cDovL3d3dy53My5vcmcvMjAwMC9zdmciIHhtbG5zOnhsaW5rPSJodHRwOi8vd3d3LnczLm9yZy8xOTk5L3hsaW5rIiB4PSIwcHgiIHk9IjBweCIgd2lkdGg9IjY0cHgiIGhlaWdodD0iNjRweCIgdmlld0JveD0iMCAwIDY0IDY0IiBlbmFibGUtYmFja2dyb3VuZD0ibmV3IDAgMCA2NCA2NCIgeG1sOnNwYWNlPSJwcmVzZXJ2ZSI+CjxnIGZpbGw9Im5vbmUiIHN0cm9rZT0iIzAwMDAwMCIgc3Ryb2tlLXdpZHRoPSIyIj4KPHBvbHlsaW5lIHN0cm9rZS1saW5lam9pbj0iYmV2ZWwiIHN0cm9rZS1taXRlcmxpbWl0PSIxMCIgcG9pbnRzPSIxNSwyNCAzMiw0MSANCgkJNDksMjQgCSIgZmlsbD0ibm9uZSIgc3Ryb2tlPSIjZmZmIiBzdHJva2Utd2lkdGg9IjUiLz4KPC9nPgo8L3N2Zz4=' was used multiple times, first declared at line 3935, col 3."><![CDATA[10563:3:  background-image: url('data:image/svg+xml;base64,PHN2ZyB2ZXJzaW9uPSIxLjEiIGlkPSJMYXllcl8xIiB4bWxucz0iaHR0cDovL3d3dy53My5vcmcvMjAwMC9zdmciIHhtbG5zOnhsaW5rPSJodHRwOi8vd3d3LnczLm9yZy8xOTk5L3hsaW5rIiB4PSIwcHgiIHk9IjBweCIgd2lkdGg9IjY0cHgiIGhlaWdodD0iNjRweCIgdmlld0JveD0iMCAwIDY0IDY0IiBlbmFibGUtYmFja2dyb3VuZD0ibmV3IDAgMCA2NCA2NCIgeG1sOnNwYWNlPSJwcmVzZXJ2ZSI+CjxnIGZpbGw9Im5vbmUiIHN0cm9rZT0iIzAwMDAwMCIgc3Ryb2tlLXdpZHRoPSIyIj4KPHBvbHlsaW5lIHN0cm9rZS1saW5lam9pbj0iYmV2ZWwiIHN0cm9rZS1taXRlcmxpbWl0PSIxMCIgcG9pbnRzPSIxNSwyNCAzMiw0MSANCgkJNDksMjQgCSIgZmlsbD0ibm9uZSIgc3Ryb2tlPSIjZmZmIiBzdHJva2Utd2lkdGg9IjUiLz4KPC9nPgo8L3N2Zz4=');]]></error></testcase><testcase time="0" name="net.csslint.Disallowduplicatebackgroundimages"><error message="Background image 'data:image/svg+xml;base64,PHN2ZyB2ZXJzaW9uPSIxLjEiIGlkPSJMYXllcl8xIiB4bWxucz0iaHR0cDovL3d3dy53My5vcmcvMjAwMC9zdmciIHhtbG5zOnhsaW5rPSJodHRwOi8vd3d3LnczLm9yZy8xOTk5L3hsaW5rIiB4PSIwcHgiIHk9IjBweCIgd2lkdGg9IjY0cHgiIGhlaWdodD0iNjRweCIgdmlld0JveD0iMCAwIDY0IDY0IiBlbmFibGUtYmFja2dyb3VuZD0ibmV3IDAgMCA2NCA2NCIgeG1sOnNwYWNlPSJwcmVzZXJ2ZSI+CjxnIGZpbGw9Im5vbmUiIHN0cm9rZT0iIzAwMDAwMCIgc3Ryb2tlLXdpZHRoPSIyIj4KPHBvbHlsaW5lIHN0cm9rZS1saW5lam9pbj0iYmV2ZWwiIHN0cm9rZS1taXRlcmxpbWl0PSIxMCIgcG9pbnRzPSIxNSwyNCAzMiw0MSANCgkJNDksMjQgCSIgZmlsbD0ibm9uZSIgc3Ryb2tlPSIjZmZmIiBzdHJva2Utd2lkdGg9IjUiLz4KPC9nPgo8L3N2Zz4=' was used multiple times, first declared at line 3935, col 3."><![CDATA[10573:3:  background-image: url('data:image/svg+xml;base64,PHN2ZyB2ZXJzaW9uPSIxLjEiIGlkPSJMYXllcl8xIiB4bWxucz0iaHR0cDovL3d3dy53My5vcmcvMjAwMC9zdmciIHhtbG5zOnhsaW5rPSJodHRwOi8vd3d3LnczLm9yZy8xOTk5L3hsaW5rIiB4PSIwcHgiIHk9IjBweCIgd2lkdGg9IjY0cHgiIGhlaWdodD0iNjRweCIgdmlld0JveD0iMCAwIDY0IDY0IiBlbmFibGUtYmFja2dyb3VuZD0ibmV3IDAgMCA2NCA2NCIgeG1sOnNwYWNlPSJwcmVzZXJ2ZSI+CjxnIGZpbGw9Im5vbmUiIHN0cm9rZT0iIzAwMDAwMCIgc3Ryb2tlLXdpZHRoPSIyIj4KPHBvbHlsaW5lIHN0cm9rZS1saW5lam9pbj0iYmV2ZWwiIHN0cm9rZS1taXRlcmxpbWl0PSIxMCIgcG9pbnRzPSIxNSwyNCAzMiw0MSANCgkJNDksMjQgCSIgZmlsbD0ibm9uZSIgc3Ryb2tlPSIjZmZmIiBzdHJva2Utd2lkdGg9IjUiLz4KPC9nPgo8L3N2Zz4=');]]></error></testcase><testcase time="0" name="net.csslint.Requirefallbackcolors"><error message="Fallback background-color (hex or RGB) should precede RGBA background-color."><![CDATA[10594:3:  background-color: rgba(0,0,0,0.1);]]></error></testcase><testcase time="0" name="net.csslint.Requirefallbackcolors"><error message="Fallback border-left-color (hex or RGB) should precede RGBA border-left-color."><![CDATA[10600:3:  border-left-color: rgba(255,255,255,0.5);]]></error></testcase><testcase time="0" name="net.csslint.Requirefallbackcolors"><error message="Fallback border-left-color (hex or RGB) should precede RGBA border-left-color."><![CDATA[10633:3:  border-left-color: rgba(255,255,255,0.5);]]></error></testcase><testcase time="0" name="net.csslint.Requirefallbackcolors"><error message="Fallback border-left-color (hex or RGB) should precede RGBA border-left-color."><![CDATA[10649:3:  border-left-color: rgba(255,255,255,0.5);]]></error></testcase><testcase time="0" name="net.csslint.Requirefallbackcolors"><error message="Fallback border-left-color (hex or RGB) should precede RGBA border-left-color."><![CDATA[10657:3:  border-left-color: rgba(255,255,255,0.5);]]></error></testcase><testcase time="0" name="net.csslint.Disallowduplicatebackgroundimages"><error message="Background image 'data:image/svg+xml;base64,PHN2ZyB2ZXJzaW9uPSIxLjEiIGlkPSJMYXllcl8xIiB4bWxucz0iaHR0cDovL3d3dy53My5vcmcvMjAwMC9zdmciIHhtbG5zOnhsaW5rPSJodHRwOi8vd3d3LnczLm9yZy8xOTk5L3hsaW5rIiB4PSIwcHgiIHk9IjBweCIgd2lkdGg9IjY0cHgiIGhlaWdodD0iNjRweCIgdmlld0JveD0iMCAwIDY0IDY0IiBlbmFibGUtYmFja2dyb3VuZD0ibmV3IDAgMCA2NCA2NCIgeG1sOnNwYWNlPSJwcmVzZXJ2ZSI+CjxnIGZpbGw9Im5vbmUiIHN0cm9rZT0iIzAwMDAwMCIgc3Ryb2tlLXdpZHRoPSIyIj4KPHBvbHlsaW5lIHN0cm9rZS1saW5lam9pbj0iYmV2ZWwiIHN0cm9rZS1taXRlcmxpbWl0PSIxMCIgcG9pbnRzPSIxNSwyNCAzMiw0MSANCgkJNDksMjQgCSIgZmlsbD0ibm9uZSIgc3Ryb2tlPSJmYWxzZSIgc3Ryb2tlLXdpZHRoPSI2Ii8+CjwvZz4KPC9zdmc+' was used multiple times, first declared at line 10675, col 3."><![CDATA[10685:3:  background-image: url('data:image/svg+xml;base64,PHN2ZyB2ZXJzaW9uPSIxLjEiIGlkPSJMYXllcl8xIiB4bWxucz0iaHR0cDovL3d3dy53My5vcmcvMjAwMC9zdmciIHhtbG5zOnhsaW5rPSJodHRwOi8vd3d3LnczLm9yZy8xOTk5L3hsaW5rIiB4PSIwcHgiIHk9IjBweCIgd2lkdGg9IjY0cHgiIGhlaWdodD0iNjRweCIgdmlld0JveD0iMCAwIDY0IDY0IiBlbmFibGUtYmFja2dyb3VuZD0ibmV3IDAgMCA2NCA2NCIgeG1sOnNwYWNlPSJwcmVzZXJ2ZSI+CjxnIGZpbGw9Im5vbmUiIHN0cm9rZT0iIzAwMDAwMCIgc3Ryb2tlLXdpZHRoPSIyIj4KPHBvbHlsaW5lIHN0cm9rZS1saW5lam9pbj0iYmV2ZWwiIHN0cm9rZS1taXRlcmxpbWl0PSIxMCIgcG9pbnRzPSIxNSwyNCAzMiw0MSANCgkJNDksMjQgCSIgZmlsbD0ibm9uZSIgc3Ryb2tlPSJmYWxzZSIgc3Ryb2tlLXdpZHRoPSI2Ii8+CjwvZz4KPC9zdmc+');]]></error></testcase><testcase time="0" name="net.csslint.Disallowduplicatebackgroundimages"><error message="Background image 'data:image/svg+xml;base64,PHN2ZyB2ZXJzaW9uPSIxLjEiIGlkPSJMYXllcl8xIiB4bWxucz0iaHR0cDovL3d3dy53My5vcmcvMjAwMC9zdmciIHhtbG5zOnhsaW5rPSJodHRwOi8vd3d3LnczLm9yZy8xOTk5L3hsaW5rIiB4PSIwcHgiIHk9IjBweCIgd2lkdGg9IjY0cHgiIGhlaWdodD0iNjRweCIgdmlld0JveD0iMCAwIDY0IDY0IiBlbmFibGUtYmFja2dyb3VuZD0ibmV3IDAgMCA2NCA2NCIgeG1sOnNwYWNlPSJwcmVzZXJ2ZSI+CjxnIGZpbGw9Im5vbmUiIHN0cm9rZT0iIzAwMDAwMCIgc3Ryb2tlLXdpZHRoPSIyIj4KPHBvbHlsaW5lIHN0cm9rZS1saW5lam9pbj0iYmV2ZWwiIHN0cm9rZS1taXRlcmxpbWl0PSIxMCIgcG9pbnRzPSIxNSwyNCAzMiw0MSANCgkJNDksMjQgCSIgZmlsbD0ibm9uZSIgc3Ryb2tlPSJmYWxzZSIgc3Ryb2tlLXdpZHRoPSI0Ii8+CjwvZz4KPC9zdmc+' was used multiple times, first declared at line 10737, col 3."><![CDATA[10747:3:  background-image: url('data:image/svg+xml;base64,PHN2ZyB2ZXJzaW9uPSIxLjEiIGlkPSJMYXllcl8xIiB4bWxucz0iaHR0cDovL3d3dy53My5vcmcvMjAwMC9zdmciIHhtbG5zOnhsaW5rPSJodHRwOi8vd3d3LnczLm9yZy8xOTk5L3hsaW5rIiB4PSIwcHgiIHk9IjBweCIgd2lkdGg9IjY0cHgiIGhlaWdodD0iNjRweCIgdmlld0JveD0iMCAwIDY0IDY0IiBlbmFibGUtYmFja2dyb3VuZD0ibmV3IDAgMCA2NCA2NCIgeG1sOnNwYWNlPSJwcmVzZXJ2ZSI+CjxnIGZpbGw9Im5vbmUiIHN0cm9rZT0iIzAwMDAwMCIgc3Ryb2tlLXdpZHRoPSIyIj4KPHBvbHlsaW5lIHN0cm9rZS1saW5lam9pbj0iYmV2ZWwiIHN0cm9rZS1taXRlcmxpbWl0PSIxMCIgcG9pbnRzPSIxNSwyNCAzMiw0MSANCgkJNDksMjQgCSIgZmlsbD0ibm9uZSIgc3Ryb2tlPSJmYWxzZSIgc3Ryb2tlLXdpZHRoPSI0Ii8+CjwvZz4KPC9zdmc+');]]></error></testcase><testca
[...]
l !important;]]></error></testcase><testcase time="0" name="net.csslint.Disallow!important"><error message="Use of !important"><![CDATA[15929:5:    display: inherit !important;]]></error></testcase><testcase time="0" name="net.csslint.Disallow!important"><error message="Use of !important"><![CDATA[15936:5:    display: none !important;]]></error></testcase><testcase time="0" name="net.csslint.Disallow!important"><error message="Use of !important"><![CDATA[15945:5:    display: table !important;]]></error></testcase><testcase time="0" name="net.csslint.Disallow!important"><error message="Use of !important"><![CDATA[15954:5:    display: table-header-group !important;]]></error></testcase><testcase time="0" name="net.csslint.Disallow!important"><error message="Use of !important"><![CDATA[15963:5:    display: table-row-group !important;]]></error></testcase><testcase time="0" name="net.csslint.Disallow!important"><error message="Use of !important"><![CDATA[15972:5:    display: table-row !important;]]></error></testcase><testcase time="0" name="net.csslint.Disallow!important"><error message="Use of !important"><![CDATA[15983:5:    display: table-cell !important;]]></error></testcase><testcase time="0" name="net.csslint.Disallow!important"><error message="Use of !important"><![CDATA[15990:3:  display: none !important;]]></error></testcase><testcase time="0" name="net.csslint.Disallow!important"><error message="Use of !important"><![CDATA[15996:3:  display: inherit !important;]]></error></testcase><testcase time="0" name="net.csslint.Disallow!important"><error message="Use of !important"><![CDATA[16002:3:  display: inherit !important;]]></error></testcase><testcase time="0" name="net.csslint.Disallow!important"><error message="Use of !important"><![CDATA[16008:3:  display: none !important;]]></error></testcase><testcase time="0" name="net.csslint.Disallow!important"><error message="Use of !important"><![CDATA[16014:3:  display: table !important;]]></error></testcase><testcase time="0" name="net.csslint.Disallow!important"><error message="Use of !important"><![CDATA[16020:3:  display: table !important;]]></error></testcase><testcase time="0" name="net.csslint.Disallow!important"><error message="Use of !important"><![CDATA[16026:3:  display: table-header-group !important;]]></error></testcase><testcase time="0" name="net.csslint.Disallow!important"><error message="Use of !important"><![CDATA[16032:3:  display: table-header-group !important;]]></error></testcase><testcase time="0" name="net.csslint.Disallow!important"><error message="Use of !important"><![CDATA[16038:3:  display: table-row-group !important;]]></error></testcase><testcase time="0" name="net.csslint.Disallow!important"><error message="Use of !important"><![CDATA[16044:3:  display: table-row-group !important;]]></error></testcase><testcase time="0" name="net.csslint.Disallow!important"><error message="Use of !important"><![CDATA[16050:3:  display: table-row !important;]]></error></testcase><testcase time="0" name="net.csslint.Disallow!important"><error message="Use of !important"><![CDATA[16056:3:  display: table-row !important;]]></error></testcase><testcase time="0" name="net.csslint.Disallow!important"><error message="Use of !important"><![CDATA[16062:3:  display: table-cell !important;]]></error></testcase><testcase time="0" name="net.csslint.Disallow!important"><error message="Use of !important"><![CDATA[16068:3:  display: table-cell !important;]]></error></testcase><testcase time="0" name="net.csslint.Disallow!important"><error message="Use of !important"><![CDATA[16074:3:  display: table-cell !important;]]></error></testcase><testcase time="0" name="net.csslint.Disallow!important"><error message="Use of !important"><![CDATA[16080:3:  display: table-cell !important;]]></error></testcase><testcase time="0" name="net.csslint.Disallow!important"><error message="Use of !important"><![CDATA[16099:5:    display: table !important;]]></error></testcase><testcase time="0" name="net.csslint.Disallow!important"><error message="Use of !important"><![CDATA[16105:5:    display: table-header-group !important;]]></error></testcase><testcase time="0" name="net.csslint.Disallow!important"><error message="Use of !important"><![CDATA[16111:5:    display: table-row-group !important;]]></error></testcase><testcase time="0" name="net.csslint.Disallow!important"><error message="Use of !important"><![CDATA[16117:5:    display: table-row !important;]]></error></testcase><testcase time="0" name="net.csslint.Disallow!important"><error message="Use of !important"><![CDATA[16123:5:    display: table-cell !important;]]></error></testcase><testcase time="0" name="net.csslint.Disallow!important"><error message="Use of !important"><![CDATA[16129:5:    display: table-cell !important;]]></error></testcase><testcase time="0" name="net.csslint.Disallowduplicatebackgroundimages"><error message="Background image 'data:image/svg+xml;base64,PHN2ZyB2ZXJzaW9uPSIxLjEiIGlkPSJMYXllcl8xIiB4bWxucz0iaHR0cDovL3d3dy53My5vcmcvMjAwMC9zdmciIHhtbG5zOnhsaW5rPSJodHRwOi8vd3d3LnczLm9yZy8xOTk5L3hsaW5rIiB4PSIwcHgiIHk9IjBweCIgd2lkdGg9IjY0cHgiIGhlaWdodD0iNjRweCIgdmlld0JveD0iMCAwIDY0IDY0IiBlbmFibGUtYmFja2dyb3VuZD0ibmV3IDAgMCA2NCA2NCIgeG1sOnNwYWNlPSJwcmVzZXJ2ZSI+CjxnIGZpbGw9Im5vbmUiIHN0cm9rZT0iIzAwMDAwMCIgc3Ryb2tlLXdpZHRoPSIyIj4KPHBvbHlsaW5lIHN0cm9rZS1saW5lam9pbj0iYmV2ZWwiIHN0cm9rZS1taXRlcmxpbWl0PSIxMCIgcG9pbnRzPSIyNywxNSA0NCwzMiANCgkJMjcsNDkgCSIgZmlsbD0ibm9uZSIgc3Ryb2tlPSIjZmZmIiBzdHJva2Utd2lkdGg9IjUiLz4KPC9nPgo8L3N2Zz4=' was used multiple times, first declared at line 9079, col 3."><![CDATA[16223:3:  background-image: url('data:image/svg+xml;base64,PHN2ZyB2ZXJzaW9uPSIxLjEiIGlkPSJMYXllcl8xIiB4bWxucz0iaHR0cDovL3d3dy53My5vcmcvMjAwMC9zdmciIHhtbG5zOnhsaW5rPSJodHRwOi8vd3d3LnczLm9yZy8xOTk5L3hsaW5rIiB4PSIwcHgiIHk9IjBweCIgd2lkdGg9IjY0cHgiIGhlaWdodD0iNjRweCIgdmlld0JveD0iMCAwIDY0IDY0IiBlbmFibGUtYmFja2dyb3VuZD0ibmV3IDAgMCA2NCA2NCIgeG1sOnNwYWNlPSJwcmVzZXJ2ZSI+CjxnIGZpbGw9Im5vbmUiIHN0cm9rZT0iIzAwMDAwMCIgc3Ryb2tlLXdpZHRoPSIyIj4KPHBvbHlsaW5lIHN0cm9rZS1saW5lam9pbj0iYmV2ZWwiIHN0cm9rZS1taXRlcmxpbWl0PSIxMCIgcG9pbnRzPSIyNywxNSA0NCwzMiANCgkJMjcsNDkgCSIgZmlsbD0ibm9uZSIgc3Ryb2tlPSIjZmZmIiBzdHJva2Utd2lkdGg9IjUiLz4KPC9nPgo8L3N2Zz4=');]]></error></testcase><testcase time="0" name="net.csslint.Disallowduplicatebackgroundimages"><error message="Background image 'data:image/svg+xml;base64,PHN2ZyB2ZXJzaW9uPSIxLjEiIGlkPSJMYXllcl8xIiB4bWxucz0iaHR0cDovL3d3dy53My5vcmcvMjAwMC9zdmciIHhtbG5zOnhsaW5rPSJodHRwOi8vd3d3LnczLm9yZy8xOTk5L3hsaW5rIiB4PSIwcHgiIHk9IjBweCIgd2lkdGg9IjY0cHgiIGhlaWdodD0iNjRweCIgdmlld0JveD0iMCAwIDY0IDY0IiBlbmFibGUtYmFja2dyb3VuZD0ibmV3IDAgMCA2NCA2NCIgeG1sOnNwYWNlPSJwcmVzZXJ2ZSI+CjxnIGZpbGw9Im5vbmUiIHN0cm9rZT0iIzAwMDAwMCIgc3Ryb2tlLXdpZHRoPSIyIj4KPHBvbHlsaW5lIHN0cm9rZS1saW5lam9pbj0iYmV2ZWwiIHN0cm9rZS1taXRlcmxpbWl0PSIxMCIgcG9pbnRzPSIyNywxNSA0NCwzMiANCgkJMjcsNDkgCSIgZmlsbD0ibm9uZSIgc3Ryb2tlPSIjZmZmIiBzdHJva2Utd2lkdGg9IjUiLz4KPC9nPgo8L3N2Zz4=' was used multiple times, first declared at line 9079, col 3."><![CDATA[16233:3:  background-image: url('data:image/svg+xml;base64,PHN2ZyB2ZXJzaW9uPSIxLjEiIGlkPSJMYXllcl8xIiB4bWxucz0iaHR0cDovL3d3dy53My5vcmcvMjAwMC9zdmciIHhtbG5zOnhsaW5rPSJodHRwOi8vd3d3LnczLm9yZy8xOTk5L3hsaW5rIiB4PSIwcHgiIHk9IjBweCIgd2lkdGg9IjY0cHgiIGhlaWdodD0iNjRweCIgdmlld0JveD0iMCAwIDY0IDY0IiBlbmFibGUtYmFja2dyb3VuZD0ibmV3IDAgMCA2NCA2NCIgeG1sOnNwYWNlPSJwcmVzZXJ2ZSI+CjxnIGZpbGw9Im5vbmUiIHN0cm9rZT0iIzAwMDAwMCIgc3Ryb2tlLXdpZHRoPSIyIj4KPHBvbHlsaW5lIHN0cm9rZS1saW5lam9pbj0iYmV2ZWwiIHN0cm9rZS1taXRlcmxpbWl0PSIxMCIgcG9pbnRzPSIyNywxNSA0NCwzMiANCgkJMjcsNDkgCSIgZmlsbD0ibm9uZSIgc3Ryb2tlPSIjZmZmIiBzdHJva2Utd2lkdGg9IjUiLz4KPC9nPgo8L3N2Zz4=');]]></error></testcase><testcase time="0" name="net.csslint.Requirefallbackcolors"><error message="Fallback border (hex or RGB) should precede RGBA border."><![CDATA[16388:3:  border: 1px solid rgba(17,17,17,0.15);]]></error></testcase><testcase time="0" name="net.csslint.Requireshorthandproperties"><error message="The properties padding-top, padding-bottom, padding-left, padding-right can be replaced by padding."><![CDATA[16411:1:.productlist .product .btn__details {]]></error></testcase><testcase time="0" name="net.csslint.Disallowduplicatebackgroundimages"><error message="Background image 'data:image/svg+xml;base64,PHN2ZyB2ZXJzaW9uPSIxLjEiIGlkPSJMYXllcl8xIiB4bWxucz0iaHR0cDovL3d3dy53My5vcmcvMjAwMC9zdmciIHhtbG5zOnhsaW5rPSJodHRwOi8vd3d3LnczLm9yZy8xOTk5L3hsaW5rIiB4PSIwcHgiIHk9IjBweCIgd2lkdGg9IjY0cHgiIGhlaWdodD0iNjRweCIgdmlld0JveD0iMCAwIDY0IDY0IiBlbmFibGUtYmFja2dyb3VuZD0ibmV3IDAgMCA2NCA2NCIgeG1sOnNwYWNlPSJwcmVzZXJ2ZSI+CjxnIGZpbGw9Im5vbmUiIHN0cm9rZT0iIzAwMDAwMCIgc3Ryb2tlLXdpZHRoPSIyIj4KPHBvbHlsaW5lIHN0cm9rZS1saW5lam9pbj0iYmV2ZWwiIHN0cm9rZS1taXRlcmxpbWl0PSIxMCIgcG9pbnRzPSIyNywxNSA0NCwzMiANCgkJMjcsNDkgCSIgZmlsbD0ibm9uZSIgc3Ryb2tlPSIjOTk5IiBzdHJva2Utd2lkdGg9IjUiLz4KPC9nPgo8L3N2Zz4=' was used multiple times, first declared at line 9069, col 3."><![CDATA[16423:3:  background-image: url('data:image/svg+xml;base64,PHN2ZyB2ZXJzaW9uPSIxLjEiIGlkPSJMYXllcl8xIiB4bWxucz0iaHR0cDovL3d3dy53My5vcmcvMjAwMC9zdmciIHhtbG5zOnhsaW5rPSJodHRwOi8vd3d3LnczLm9yZy8xOTk5L3hsaW5rIiB4PSIwcHgiIHk9IjBweCIgd2lkdGg9IjY0cHgiIGhlaWdodD0iNjRweCIgdmlld0JveD0iMCAwIDY0IDY0IiBlbmFibGUtYmFja2dyb3VuZD0ibmV3IDAgMCA2NCA2NCIgeG1sOnNwYWNlPSJwcmVzZXJ2ZSI+CjxnIGZpbGw9Im5vbmUiIHN0cm9rZT0iIzAwMDAwMCIgc3Ryb2tlLXdpZHRoPSIyIj4KPHBvbHlsaW5lIHN0cm9rZS1saW5lam9pbj0iYmV2ZWwiIHN0cm9rZS1taXRlcmxpbWl0PSIxMCIgcG9pbnRzPSIyNywxNSA0NCwzMiANCgkJMjcsNDkgCSIgZmlsbD0ibm9uZSIgc3Ryb2tlPSIjOTk5IiBzdHJva2Utd2lkdGg9IjUiLz4KPC9nPgo8L3N2Zz4=');]]></error></testcase><testcase time="0" name="net.csslint.Disallowduplicateproperties"><error message="Duplicate property 'background-size' found."><![CDATA[16424:3:  background-size: 3.8rem 2rem;]]></error></testcase><testcase time="0" name="net.csslint.Disallowduplicateproperties"><error message="Duplicate property 'background-position' found."><![CDATA[16425:3:  background-position: center center;]]></error></testcase><testcase time="0" name="net.csslint.Disallowduplicateproperties"><error message="Duplicate property 'background-repeat' found."><![CDATA[16426:3:  background-repeat: no-repeat;]]></error></testcase><testcase time="0" name="net.csslint.Disallowduplicatebackgroundimages"><error message="Background image 'data:image/svg+xml;base64,PHN2ZyB2ZXJzaW9uPSIxLjEiIGlkPSJMYXllcl8xIiB4bWxucz0iaHR0cDovL3d3dy53My5vcmcvMjAwMC9zdmciIHhtbG5zOnhsaW5rPSJodHRwOi8vd3d3LnczLm9yZy8xOTk5L3hsaW5rIiB4PSIwcHgiIHk9IjBweCIgd2lkdGg9IjY0cHgiIGhlaWdodD0iNjRweCIgdmlld0JveD0iMCAwIDY0IDY0IiBlbmFibGUtYmFja2dyb3VuZD0ibmV3IDAgMCA2NCA2NCIgeG1sOnNwYWNlPSJwcmVzZXJ2ZSI+CjxnIGZpbGw9Im5vbmUiIHN0cm9rZT0iIzAwMDAwMCIgc3Ryb2tlLXdpZHRoPSIyIj4KPHBvbHlsaW5lIHN0cm9rZS1saW5lam9pbj0iYmV2ZWwiIHN0cm9rZS1taXRlcmxpbWl0PSIxMCIgcG9pbnRzPSIxNSwyNCAzMiw0MSANCgkJNDksMjQgCSIgZmlsbD0ibm9uZSIgc3Ryb2tlPSIjZmZmIiBzdHJva2Utd2lkdGg9IjUiLz4KPC9nPgo8L3N2Zz4=' was used multiple times, first declared at line 3935, col 3."><![CDATA[16472:3:  background-image: url('data:image/svg+xml;base64,PHN2ZyB2ZXJzaW9uPSIxLjEiIGlkPSJMYXllcl8xIiB4bWxucz0iaHR0cDovL3d3dy53My5vcmcvMjAwMC9zdmciIHhtbG5zOnhsaW5rPSJodHRwOi8vd3d3LnczLm9yZy8xOTk5L3hsaW5rIiB4PSIwcHgiIHk9IjBweCIgd2lkdGg9IjY0cHgiIGhlaWdodD0iNjRweCIgdmlld0JveD0iMCAwIDY0IDY0IiBlbmFibGUtYmFja2dyb3VuZD0ibmV3IDAgMCA2NCA2NCIgeG1sOnNwYWNlPSJwcmVzZXJ2ZSI+CjxnIGZpbGw9Im5vbmUiIHN0cm9rZT0iIzAwMDAwMCIgc3Ryb2tlLXdpZHRoPSIyIj4KPHBvbHlsaW5lIHN0cm9rZS1saW5lam9pbj0iYmV2ZWwiIHN0cm9rZS1taXRlcmxpbWl0PSIxMCIgcG9pbnRzPSIxNSwyNCAzMiw0MSANCgkJNDksMjQgCSIgZmlsbD0ibm9uZSIgc3Ryb2tlPSIjZmZmIiBzdHJva2Utd2lkdGg9IjUiLz4KPC9nPgo8L3N2Zz4=');]]></error></testcase><testcase time="0" name="net.csslint.Disallowduplicatebackgroundimages"><error message="Background image 'data:image/svg+xml;base64,PHN2ZyB2ZXJzaW9uPSIxLjEiIGlkPSJMYXllcl8xIiB4bWxucz0iaHR0cDovL3d3dy53My5vcmcvMjAwMC9zdmciIHhtbG5zOnhsaW5rPSJodHRwOi8vd3d3LnczLm9yZy8xOTk5L3hsaW5rIiB4PSIwcHgiIHk9IjBweCIgd2lkdGg9IjY0cHgiIGhlaWdodD0iNjRweCIgdmlld0JveD0iMCAwIDY0IDY0IiBlbmFibGUtYmFja2dyb3VuZD0ibmV3IDAgMCA2NCA2NCIgeG1sOnNwYWNlPSJwcmVzZXJ2ZSI+CjxnIGZpbGw9Im5vbmUiIHN0cm9rZT0iIzAwMDAwMCIgc3Ryb2tlLXdpZHRoPSIyIj4KPHBvbHlsaW5lIHN0cm9rZS1saW5lam9pbj0iYmV2ZWwiIHN0cm9rZS1taXRlcmxpbWl0PSIxMCIgcG9pbnRzPSIyNywxNSA0NCwzMiANCgkJMjcsNDkgCSIgZmlsbD0ibm9uZSIgc3Ryb2tlPSIjZmZmIiBzdHJva2Utd2lkdGg9IjUiLz4KPC9nPgo8L3N2Zz4=' was used multiple times, first declared at line 9079, col 3."><![CDATA[16485:3:  background-image: url('data:image/svg+xml;base64,PHN2ZyB2ZXJzaW9uPSIxLjEiIGlkPSJMYXllcl8xIiB4bWxucz0iaHR0cDovL3d3dy53My5vcmcvMjAwMC9zdmciIHhtbG5zOnhsaW5rPSJodHRwOi8vd3d3LnczLm9yZy8xOTk5L3hsaW5rIiB4PSIwcHgiIHk9IjBweCIgd2lkdGg9IjY0cHgiIGhlaWdodD0iNjRweCIgdmlld0JveD0iMCAwIDY0IDY0IiBlbmFibGUtYmFja2dyb3VuZD0ibmV3IDAgMCA2NCA2NCIgeG1sOnNwYWNlPSJwcmVzZXJ2ZSI+CjxnIGZpbGw9Im5vbmUiIHN0cm9rZT0iIzAwMDAwMCIgc3Ryb2tlLXdpZHRoPSIyIj4KPHBvbHlsaW5lIHN0cm9rZS1saW5lam9pbj0iYmV2ZWwiIHN0cm9rZS1taXRlcmxpbWl0PSIxMCIgcG9pbnRzPSIyNywxNSA0NCwzMiANCgkJMjcsNDkgCSIgZmlsbD0ibm9uZSIgc3Ryb2tlPSIjZmZmIiBzdHJva2Utd2lkdGg9IjUiLz4KPC9nPgo8L3N2Zz4=');]]></error></testcase><testcase time="0" name="net.csslint.Disallowpropertieswithastarprefix"><error message="Property with star prefix found."><![CDATA[16534:5:    *zoom: 1;]]></error></testcase><testcase time="0" name="net.csslint.Disallowunitsfor0values"><error message="Values of 0 shouldn't have units specified."><![CDATA[16539:18:    margin-left: 0%;]]></error></testcase><testcase time="0" name="net.csslint.Disallowunitsfor0values"><error message="Values of 0 shouldn't have units specified."><![CDATA[16560:19:    margin-right: 0%;]]></error></testcase><testcase time="0" name="net.csslint.Disallowpropertieswithastarprefix"><error message="Property with star prefix found."><![CDATA[16575:5:    *zoom: 1;]]></error></testcase><testcase time="0" name="net.csslint.Disallowunitsfor0values"><error message="Values of 0 shouldn't have units specified."><![CDATA[16580:18:    margin-left: 0%;]]></error></testcase><testcase time="0" name="net.csslint.Disallowunitsfor0values"><error message="Values of 0 shouldn't have units specified."><![CDATA[16601:19:    margin-right: 0%;]]></error></testcase><testcase time="0" name="net.csslint.Disallowpropertieswithastarprefix"><error message="Property with star prefix found."><![CDATA[16616:5:    *zoom: 1;]]></error></testcase><testcase time="0" name="net.csslint.Disallowunitsfor0values"><error message="Values of 0 shouldn't have units specified."><![CDATA[16621:18:    margin-left: 0%;]]></error></testcase><testcase time="0" name="net.csslint.Disallowunitsfor0values"><error message="Values of 0 shouldn't have units specified."><![CDATA[16622:19:    margin-right: 0%;]]></error></testcase><testcase time="0" name="net.csslint.Disallowpropertieswithastarprefix"><error message="Property with star prefix found."><![CDATA[16660:5:    *zoom: 1;]]></error></testcase><testcase time="0" name="net.csslint.Disallowunitsfor0values"><error message="Values of 0 shouldn't have units specified."><![CDATA[16665:18:    margin-left: 0%;]]></error></testcase><testcase time="0" name="net.csslint.Disallowunitsfor0values"><error message="Values of 0 shouldn't have units specified."><![CDATA[16686:19:    margin-right: 0%;]]></error></testcase><testcase time="0" name="net.csslint.Disallowpropertieswithastarprefix"><error message="Property with star prefix found."><![CDATA[16704:5:    *zoom: 1;]]></error></testcase><testcase time="0" name="net.csslint.Disallowunitsfor0values"><error message="Values of 0 shouldn't have units specified."><![CDATA[16709:18:    margin-left: 0%;]]></error></testcase><testcase time="0" name="net.csslint.Disallowunitsfor0values"><error message="Values of 0 shouldn't have units specified."><![CDATA[16730:19:    margin-right: 0%;]]></error></testcase><testcase time="0" name="net.csslint.Disallowpropertieswithastarprefix"><error message="Property with star prefix found."><![CDATA[16753:5:    *zoom: 1;]]></error></testcase><testcase time="0" name="net.csslint.Disallowunitsfor0values"><error message="Values of 0 shouldn't have units specified."><![CDATA[16758:18:    margin-left: 0%;]]></error></testcase><testcase time="0" name="net.csslint.Disallowunitsfor0values"><error message="Values of 0 shouldn't have units specified."><![CDATA[16759:19:    margin-right: 0%;]]></error></testcase><testcase time="0" name="net.csslint.Disallowduplicateproperties"><error message="Duplicate property 'text-align' found."><![CDATA[16760:5:    text-align: right;]]></error></testcase><testcase time="0" name="net.csslint.Disallownegativetext-indent"><error message="Negative text-indent doesn't work well with RTL. If you use text-indent for image replacement explicitly set direction for that item to ltr."><![CDATA[16782:3:  text-indent: -9999em;]]></error></testcase><testcase time="0" name="net.csslint.Disallowpropertieswithastarprefix"><error message="Property with star prefix found."><![CDATA[16840:5:    *zoom: 1;]]></error></testcase><testcase time="0" name="net.csslint.Disallowunitsfor0values"><error message="Values of 0 shouldn't have units specified."><![CDATA[16845:18:    margin-left: 0%;]]></error></testcase><testcase time="0" name="net.csslint.Disallowunitsfor0values"><error message="Values of 0 shouldn't have units specified."><![CDATA[16846:19:    margin-right: 0%;]]></error></testcase><testcase time="0" name="net.csslint.Disallowunitsfor0values"><error message="Values of 0 shouldn't have units specified."><![CDATA[16866:19:    margin-right: 0%;]]></error></testcase><testcase time="0" name="net.csslint.Disallowpropertieswithastarprefix"><error message="Property with star prefix found."><![CDATA[16919:5:    *zoom: 1;]]></error></testcase><testcase time="0" name="net.csslint.Disallowunitsfor0values"><error message="Values of 0 shouldn't have units specified."><![CDATA[16924:18:    margin-left: 0%;]]></error></testcase><testcase time="0" name="net.csslint.Disallowunitsfor0values"><error message="Values of 0 shouldn't have units specified."><![CDATA[16925:19:    margin-right: 0%;]]></error></testcase><testcase time="0" name="net.csslint.Disallowduplicateproperties"><error message="Duplicate property 'float' found."><![CDATA[16927:5:    float: right;]]></error></testcase><testcase time="0" name="net.csslint.Disallowduplicateproperties"><error message="Duplicate property 'text-align' found."><![CDATA[16928:5:    text-align: right;]]></error></testcase><testcase time="0" name="net.csslint.Disallowunitsfor0values"><error message="Values of 0 shouldn't have units specified."><![CDATA[16948:19:    margin-right: 0%;]]></error></testcase><testcase time="0" name="net.csslint.Disallowpropertieswithastarprefix"><error message="Property with star prefix found."><![CDATA[16956:5:    *zoom: 1;]]></error></testcase><testcase time="0" name="net.csslint.Disallowunitsfor0values"><error message="Values of 0 shouldn't have units specified."><![CDATA[16961:18:    margin-left: 0%;]]></error></testcase><testcase time="0" name="net.csslint.Disallowunitsfor0values"><error message="Values of 0 shouldn't have units specified."><![CDATA[16962:19:    margin-right: 0%;]]></error></testcase><testcase time="0" name="net.csslint.Disallowduplicateproperties"><error message="Duplicate property 'text-align' found."><![CDATA[16963:5:    text-align: right;]]></error></testcase><testcase time="0" name="net.csslint.Disallowpropertieswithastarprefix"><error message="Property with star prefix found."><![CDATA[17008:5:    *zoom: 1;]]></error></testcase><testcase time="0" name="net.csslint.Disallowduplicateproperties"><error message="Duplicate property 'clear' found."><![CDATA[17010:5:    clear: none;]]></error></testcase><testcase time="0" name="net.csslint.Disallowunitsfor0values"><error message="Values of 0 shouldn't have units specified."><![CDATA[17013:18:    margin-left: 0%;]]></error></testcase><testcase time="0" name="net.csslint.Disallowunitsfor0values"><error message="Values of 0 shouldn't have units specified."><![CDATA[17014:19:    margin-right: 0%;]]></error></testcase></testsuite></testsuites>